<?xml version="1.0" encoding="UTF-8"?>
<robot generator="Rebot 7.0.1 (Python 3.12.5 on win32)" generated="2025-04-23T16:28:52.203365" rpa="false" schemaversion="5">
<suite id="s1" name="Api" source="D:\bluerise_testing\RATTS_BR11042025\RATTS\backend\Resource\generated_suite">
<suite id="s1-s1" name="User1" source="D:\bluerise_testing\RATTS_BR11042025\RATTS\backend\Resource\generated_suite\user1">
<suite id="s1-s1-s1" name="Test Suite" source="D:\bluerise_testing\RATTS_BR11042025\RATTS\backend\Resource\generated_suite\user1\test_suite.robot">
<kw name="login TC_BR_Login_001" type="SETUP">
<kw name="Open Application" owner="gui_resources">
<kw name="Set Screenshot Directory" owner="SeleniumLibrary">
<arg>${SCREENSHOT_DIR}</arg>
<doc>Sets the directory for captured screenshots.</doc>
<status status="PASS" start="2025-04-23T16:28:07.576861" elapsed="0.001549"/>
</kw>
<kw name="Open Browser" owner="SeleniumLibrary">
<msg time="2025-04-23T16:28:07.579428" level="INFO">Opening browser 'Chrome' to base url 'https://test.bluerise.solutions/'.</msg>
<arg>${gui}</arg>
<arg>Chrome</arg>
<doc>Opens a new browser instance to the optional ``url``.</doc>
<status status="PASS" start="2025-04-23T16:28:07.579428" elapsed="6.812997"/>
</kw>
<kw name="Sleep" owner="BuiltIn">
<msg time="2025-04-23T16:28:15.392860" level="INFO">Slept 1 second.</msg>
<arg>1s</arg>
<doc>Pauses the test executed for the given time.</doc>
<status status="PASS" start="2025-04-23T16:28:14.392425" elapsed="1.000435"/>
</kw>
<kw name="Set Selenium Timeout" owner="SeleniumLibrary">
<arg>10</arg>
<doc>Sets the timeout that is used by various keywords.</doc>
<status status="PASS" start="2025-04-23T16:28:15.392860" elapsed="0.003016"/>
</kw>
<kw name="Maximize Browser Window" owner="SeleniumLibrary">
<doc>Maximizes current browser window.</doc>
<status status="PASS" start="2025-04-23T16:28:15.395876" elapsed="0.069267"/>
</kw>
<kw name="Get Title" owner="SeleniumLibrary">
<msg time="2025-04-23T16:28:15.491441" level="INFO">${dynamic_title} = Login | BlueRise</msg>
<var>${dynamic_title}</var>
<doc>Returns the title of the current page.</doc>
<status status="PASS" start="2025-04-23T16:28:15.465143" elapsed="0.026298"/>
</kw>
<kw name="Log To Console" owner="BuiltIn">
<arg>${dynamic_title}</arg>
<doc>Logs the given message to the console.</doc>
<status status="PASS" start="2025-04-23T16:28:15.491441" elapsed="0.002644"/>
</kw>
<kw name="Title Should Be" owner="SeleniumLibrary">
<msg time="2025-04-23T16:28:15.511384" level="INFO">Page title is 'Login | BlueRise'.</msg>
<arg>${dynamic_title}</arg>
<doc>Verifies that the current page title equals ``title``.</doc>
<status status="PASS" start="2025-04-23T16:28:15.495081" elapsed="0.017321"/>
</kw>
<status status="PASS" start="2025-04-23T16:28:07.574867" elapsed="7.937535"/>
</kw>
<kw name="Page Action" owner="gui_resources">
<kw name="Evaluate" owner="BuiltIn">
<msg time="2025-04-23T16:28:15.520317" level="INFO">${objdata} = {'username': 'rajeswari@bluerose-tech.com', 'password-input': 'U238Vr%*7i3Lgab', 'page-title-box': 'Overview'}</msg>
<var>${objdata}</var>
<arg>json.loads(r'''${str_objdata}''')</arg>
<arg>json</arg>
<doc>Evaluates the given expression in Python and returns the result.</doc>
<status status="PASS" start="2025-04-23T16:28:15.519297" elapsed="0.001020"/>
</kw>
<kw name="Log To Console" owner="BuiltIn">
<arg>Type of objdata: ${objdata.__class__.__name__}</arg>
<doc>Logs the given message to the console.</doc>
<status status="PASS" start="2025-04-23T16:28:15.520317" elapsed="0.002010"/>
</kw>
<kw name="Log To Console" owner="BuiltIn">
<arg>${objdata}</arg>
<doc>Logs the given message to the console.</doc>
<status status="PASS" start="2025-04-23T16:28:15.523330" elapsed="0.001543"/>
</kw>
<kw name="Get File" owner="OperatingSystem">
<msg time="2025-04-23T16:28:15.526875" level="INFO" html="true">Getting file '&lt;a href="file://D:\bluerise_testing\RATTS_BR11042025\RATTS\backend\Data\Templates\guitemplates\login.yaml.template"&gt;D:\bluerise_testing\RATTS_BR11042025\RATTS\backend\Data\Templates\guitemplates\login.yaml.template&lt;/a&gt;'.</msg>
<msg time="2025-04-23T16:28:15.529450" level="INFO">${yaml_content} = input   text         id  {username}
input   password     id  {password-input}
button  submit       class  btn-success
page   div        class   {page-title-box}</msg>
<var>${yaml_content}</var>
<arg>Data/Templates/guitemplates/${template_name}</arg>
<doc>Returns the contents of a specified file.</doc>
<status status="PASS" start="2025-04-23T16:28:15.525878" elapsed="0.003572"/>
</kw>
<kw name="Log To Console" owner="BuiltIn">
<arg>--- YAML Data ---</arg>
<doc>Logs the given message to the console.</doc>
<status status="PASS" start="2025-04-23T16:28:15.530476" elapsed="0.000000"/>
</kw>
<kw name="Log To Console" owner="BuiltIn">
<arg>${yaml_content}</arg>
<doc>Logs the given message to the console.</doc>
<status status="PASS" start="2025-04-23T16:28:15.531467" elapsed="0.010492"/>
</kw>
<kw name="Convert Template To Lists" owner="gui_resources">
<kw name="Split To Lines" owner="String">
<msg time="2025-04-23T16:28:15.543469" level="INFO">4 lines returned</msg>
<msg time="2025-04-23T16:28:15.543469" level="INFO">@{lines} = [ input   text         id  {username} | input   password     id  {password-input} | button  submit       class  btn-success | page   div        class   {page-title-box} ]</msg>
<var>@{lines}</var>
<arg>${yaml_content}</arg>
<doc>Splits the given string to lines.</doc>
<status status="PASS" start="2025-04-23T16:28:15.543469" elapsed="0.000000"/>
</kw>
<kw name="Create List" owner="BuiltIn">
<msg time="2025-04-23T16:28:15.544482" level="INFO">@{resls} = [ ]</msg>
<var>@{resls}</var>
<doc>Returns a list containing given items.</doc>
<status status="PASS" start="2025-04-23T16:28:15.544482" elapsed="0.000000"/>
</kw>
<for flavor="IN">
<iter>
<kw name="Split String" owner="String">
<msg time="2025-04-23T16:28:15.545487" level="INFO">@{ls} = [ input | text | id | {username} ]</msg>
<var>@{ls}</var>
<arg>${line}</arg>
<doc>Splits the ``string`` using ``separator`` as a delimiter string.</doc>
<status status="PASS" start="2025-04-23T16:28:15.545487" elapsed="0.000000"/>
</kw>
<kw name="Create Dictionary" owner="BuiltIn">
<msg time="2025-04-23T16:28:15.546842" level="INFO">&amp;{my_dict} = { tag=input | type=text | selector=id | name={username} }</msg>
<var>&amp;{my_dict}</var>
<arg>tag=${ls}[0]</arg>
<arg>type=${ls}[1]</arg>
<arg>selector=${ls}[2]</arg>
<arg>name=${ls}[3]</arg>
<doc>Creates and returns a dictionary based on the given ``items``.</doc>
<status status="PASS" start="2025-04-23T16:28:15.545487" elapsed="0.001355"/>
</kw>
<kw name="Append To List" owner="Collections">
<arg>${resls}</arg>
<arg>${my_dict}</arg>
<doc>Adds ``values`` to the end of ``list``.</doc>
<status status="PASS" start="2025-04-23T16:28:15.548358" elapsed="0.001034"/>
</kw>
<var name="${line}">input   text         id  {username}</var>
<status status="PASS" start="2025-04-23T16:28:15.545487" elapsed="0.004941"/>
</iter>
<iter>
<kw name="Split String" owner="String">
<msg time="2025-04-23T16:28:15.552462" level="INFO">@{ls} = [ input | password | id | {password-input} ]</msg>
<var>@{ls}</var>
<arg>${line}</arg>
<doc>Splits the ``string`` using ``separator`` as a delimiter string.</doc>
<status status="PASS" start="2025-04-23T16:28:15.551443" elapsed="0.001019"/>
</kw>
<kw name="Create Dictionary" owner="BuiltIn">
<msg time="2025-04-23T16:28:15.554482" level="INFO">&amp;{my_dict} = { tag=input | type=password | selector=id | name={password-input} }</msg>
<var>&amp;{my_dict}</var>
<arg>tag=${ls}[0]</arg>
<arg>type=${ls}[1]</arg>
<arg>selector=${ls}[2]</arg>
<arg>name=${ls}[3]</arg>
<doc>Creates and returns a dictionary based on the given ``items``.</doc>
<status status="PASS" start="2025-04-23T16:28:15.553490" elapsed="0.000992"/>
</kw>
<kw name="Append To List" owner="Collections">
<arg>${resls}</arg>
<arg>${my_dict}</arg>
<doc>Adds ``values`` to the end of ``list``.</doc>
<status status="PASS" start="2025-04-23T16:28:15.554482" elapsed="0.001000"/>
</kw>
<var name="${line}">input   password     id  {password-input}</var>
<status status="PASS" start="2025-04-23T16:28:15.550428" elapsed="0.005054"/>
</iter>
<iter>
<kw name="Split String" owner="String">
<msg time="2025-04-23T16:28:15.557480" level="INFO">@{ls} = [ button | submit | class | btn-success ]</msg>
<var>@{ls}</var>
<arg>${line}</arg>
<doc>Splits the ``string`` using ``separator`` as a delimiter string.</doc>
<status status="PASS" start="2025-04-23T16:28:15.556479" elapsed="0.001001"/>
</kw>
<kw name="Create Dictionary" owner="BuiltIn">
<msg time="2025-04-23T16:28:15.558484" level="INFO">&amp;{my_dict} = { tag=button | type=submit | selector=class | name=btn-success }</msg>
<var>&amp;{my_dict}</var>
<arg>tag=${ls}[0]</arg>
<arg>type=${ls}[1]</arg>
<arg>selector=${ls}[2]</arg>
<arg>name=${ls}[3]</arg>
<doc>Creates and returns a dictionary based on the given ``items``.</doc>
<status status="PASS" start="2025-04-23T16:28:15.557480" elapsed="0.001004"/>
</kw>
<kw name="Append To List" owner="Collections">
<arg>${resls}</arg>
<arg>${my_dict}</arg>
<doc>Adds ``values`` to the end of ``list``.</doc>
<status status="PASS" start="2025-04-23T16:28:15.558484" elapsed="0.001019"/>
</kw>
<var name="${line}">button  submit       class  btn-success</var>
<status status="PASS" start="2025-04-23T16:28:15.556479" elapsed="0.003024"/>
</iter>
<iter>
<kw name="Split String" owner="String">
<msg time="2025-04-23T16:28:15.561052" level="INFO">@{ls} = [ page | div | class | {page-title-box} ]</msg>
<var>@{ls}</var>
<arg>${line}</arg>
<doc>Splits the ``string`` using ``separator`` as a delimiter string.</doc>
<status status="PASS" start="2025-04-23T16:28:15.560521" elapsed="0.000531"/>
</kw>
<kw name="Create Dictionary" owner="BuiltIn">
<msg time="2025-04-23T16:28:15.563064" level="INFO">&amp;{my_dict} = { tag=page | type=div | selector=class | name={page-title-box} }</msg>
<var>&amp;{my_dict}</var>
<arg>tag=${ls}[0]</arg>
<arg>type=${ls}[1]</arg>
<arg>selector=${ls}[2]</arg>
<arg>name=${ls}[3]</arg>
<doc>Creates and returns a dictionary based on the given ``items``.</doc>
<status status="PASS" start="2025-04-23T16:28:15.561052" elapsed="0.002527"/>
</kw>
<kw name="Append To List" owner="Collections">
<arg>${resls}</arg>
<arg>${my_dict}</arg>
<doc>Adds ``values`` to the end of ``list``.</doc>
<status status="PASS" start="2025-04-23T16:28:15.563579" elapsed="0.000508"/>
</kw>
<var name="${line}">page   div        class   {page-title-box}</var>
<status status="PASS" start="2025-04-23T16:28:15.559503" elapsed="0.005122"/>
</iter>
<var>${line}</var>
<value>@{lines}</value>
<status status="PASS" start="2025-04-23T16:28:15.544482" elapsed="0.020143"/>
</for>
<return>
<value>@{resls}</value>
<status status="PASS" start="2025-04-23T16:28:15.564625" elapsed="0.001022"/>
</return>
<msg time="2025-04-23T16:28:15.565647" level="INFO">@{result} = [ {'tag': 'input', 'type': 'text', 'selector': 'id', 'name': '{username}'} | {'tag': 'input', 'type': 'password', 'selector': 'id', 'name': '{password-input}'} | {'tag': 'button', 'type': 'submit', 's...</msg>
<var>@{result}</var>
<arg>${yaml_content}</arg>
<status status="PASS" start="2025-04-23T16:28:15.541959" elapsed="0.024686"/>
</kw>
<kw name="Log To Console" owner="BuiltIn">
<arg>--- YAML List ---</arg>
<doc>Logs the given message to the console.</doc>
<status status="PASS" start="2025-04-23T16:28:15.566645" elapsed="0.000992"/>
</kw>
<kw name="Log To Console" owner="BuiltIn">
<arg>${result}</arg>
<doc>Logs the given message to the console.</doc>
<status status="PASS" start="2025-04-23T16:28:15.568641" elapsed="0.000511"/>
</kw>
<kw name="Log To Console" owner="BuiltIn">
<arg>--- JSON Data ---</arg>
<doc>Logs the given message to the console.</doc>
<status status="PASS" start="2025-04-23T16:28:15.570173" elapsed="0.000000"/>
</kw>
<kw name="Log To Console" owner="BuiltIn">
<arg>${objdata}</arg>
<doc>Logs the given message to the console.</doc>
<status status="PASS" start="2025-04-23T16:28:15.570173" elapsed="0.001513"/>
</kw>
<kw name="Sleep" owner="BuiltIn">
<msg time="2025-04-23T16:28:16.573257" level="INFO">Slept 1 second.</msg>
<arg>1s</arg>
<doc>Pauses the test executed for the given time.</doc>
<status status="PASS" start="2025-04-23T16:28:15.571686" elapsed="1.001571"/>
</kw>
<kw name="Run Keyword And Return Status" owner="BuiltIn">
<kw name="Should Contain" owner="BuiltIn">
<msg time="2025-04-23T16:28:16.579398" level="FAIL">'login.html' does not contain 'index'</msg>
<arg>${url}</arg>
<arg>index</arg>
<doc>Fails if ``container`` does not contain ``item`` one or more times.</doc>
<status status="FAIL" start="2025-04-23T16:28:16.576834" elapsed="0.003601">'login.html' does not contain 'index'</status>
</kw>
<msg time="2025-04-23T16:28:16.580956" level="INFO">${val_url} = False</msg>
<var>${val_url}</var>
<arg>Should Contain</arg>
<arg>${url}</arg>
<arg>index</arg>
<doc>Runs the given keyword with given arguments and returns the status as a Boolean value.</doc>
<status status="PASS" start="2025-04-23T16:28:16.575285" elapsed="0.005671"/>
</kw>
<if>
<branch type="IF" condition="${val_url}">
<kw name="Go To" owner="SeleniumLibrary">
<arg>${gui}${url}</arg>
<doc>Navigates the current browser window to the provided ``url``.</doc>
<status status="NOT RUN" start="2025-04-23T16:28:16.584518" elapsed="0.000000"/>
</kw>
<kw name="Execute Javascript" owner="SeleniumLibrary">
<arg>document.body.style.zoom='75%';</arg>
<doc>Executes the given JavaScript code with possible arguments.</doc>
<status status="NOT RUN" start="2025-04-23T16:28:16.589094" elapsed="0.000516"/>
</kw>
<kw name="Sleep" owner="BuiltIn">
<arg>1s</arg>
<doc>Pauses the test executed for the given time.</doc>
<status status="NOT RUN" start="2025-04-23T16:28:16.589610" elapsed="0.000000"/>
</kw>
<status status="NOT RUN" start="2025-04-23T16:28:16.581993" elapsed="0.008635"/>
</branch>
<status status="PASS" start="2025-04-23T16:28:16.581993" elapsed="0.008635"/>
</if>
<for flavor="IN">
<iter>
<kw name="Execute Javascript" owner="SeleniumLibrary">
<msg time="2025-04-23T16:28:16.648246" level="INFO">Executing JavaScript:
document.body.style.zoom='75%';
Without any arguments.</msg>
<arg>document.body.style.zoom='75%';</arg>
<doc>Executes the given JavaScript code with possible arguments.</doc>
<status status="PASS" start="2025-04-23T16:28:16.646732" elapsed="0.099293"/>
</kw>
<kw name="Set Variable" owner="BuiltIn">
<msg time="2025-04-23T16:28:16.747739" level="INFO">${type} = text</msg>
<var>${type}</var>
<arg>${item['type']}</arg>
<doc>Returns the given values which can then be assigned to a variables.</doc>
<status status="PASS" start="2025-04-23T16:28:16.747030" elapsed="0.000709"/>
</kw>
<kw name="Run Keyword And Return Status" owner="BuiltIn">
<kw name="Should Contain" owner="BuiltIn">
<arg>${type}</arg>
<arg>text</arg>
<doc>Fails if ``container`` does not contain ``item`` one or more times.</doc>
<status status="PASS" start="2025-04-23T16:28:16.749254" elapsed="0.001016"/>
</kw>
<msg time="2025-04-23T16:28:16.750270" level="INFO">${str_text} = True</msg>
<var>${str_text}</var>
<arg>Should Contain</arg>
<arg>${type}</arg>
<arg>text</arg>
<doc>Runs the given keyword with given arguments and returns the status as a Boolean value.</doc>
<status status="PASS" start="2025-04-23T16:28:16.749254" elapsed="0.001016"/>
</kw>
<if>
<branch type="IF" condition="${str_text}">
<kw name="Set Variable" owner="BuiltIn">
<msg time="2025-04-23T16:28:16.752545" level="INFO">${spec} = {username}</msg>
<var>${spec}</var>
<arg>${item['name']}</arg>
<doc>Returns the given values which can then be assigned to a variables.</doc>
<status status="PASS" start="2025-04-23T16:28:16.751274" elapsed="0.001271"/>
</kw>
<kw name="Run Keyword And Return Status" owner="BuiltIn">
<kw name="Should Contain" owner="BuiltIn">
<arg>${spec}</arg>
<arg>{</arg>
<doc>Fails if ``container`` does not contain ``item`` one or more times.</doc>
<status status="PASS" start="2025-04-23T16:28:16.754063" elapsed="0.001014"/>
</kw>
<msg time="2025-04-23T16:28:16.755077" level="INFO">${contains_left_brace} = True</msg>
<var>${contains_left_brace}</var>
<arg>Should Contain</arg>
<arg>${spec}</arg>
<arg>{</arg>
<doc>Runs the given keyword with given arguments and returns the status as a Boolean value.</doc>
<status status="PASS" start="2025-04-23T16:28:16.754063" elapsed="0.002012"/>
</kw>
<kw name="Log To Console" owner="BuiltIn">
<arg>${spec}</arg>
<doc>Logs the given message to the console.</doc>
<status status="PASS" start="2025-04-23T16:28:16.756075" elapsed="0.001007"/>
</kw>
<kw name="Log To Console" owner="BuiltIn">
<arg>${contains_left_brace}</arg>
<doc>Logs the given message to the console.</doc>
<status status="PASS" start="2025-04-23T16:28:16.757082" elapsed="0.001517"/>
</kw>
<if>
<branch type="IF" condition="${contains_left_brace}">
<kw name="Replace String" owner="String">
<msg time="2025-04-23T16:28:16.762656" level="INFO">${spec_var} = username}</msg>
<var>${spec_var}</var>
<arg>${spec}</arg>
<arg>{</arg>
<arg>${EMPTY}</arg>
<doc>Replaces ``search_for`` in the given ``string`` with ``replace_with``.</doc>
<status status="PASS" start="2025-04-23T16:28:16.758599" elapsed="0.004057"/>
</kw>
<kw name="Replace String" owner="String">
<msg time="2025-04-23T16:28:16.765195" level="INFO">${spec_var} = username</msg>
<var>${spec_var}</var>
<arg>${spec_var}</arg>
<arg>}</arg>
<arg>${EMPTY}</arg>
<doc>Replaces ``search_for`` in the given ``string`` with ``replace_with``.</doc>
<status status="PASS" start="2025-04-23T16:28:16.762656" elapsed="0.003536"/>
</kw>
<kw name="Log To Console" owner="BuiltIn">
<arg>${spec_var}</arg>
<doc>Logs the given message to the console.</doc>
<status status="PASS" start="2025-04-23T16:28:16.766192" elapsed="0.002003"/>
</kw>
<kw name="Input Text" owner="SeleniumLibrary">
<msg time="2025-04-23T16:28:16.776812" level="INFO">Typing text 'rajeswari@bluerose-tech.com' into text field 'id:username'.</msg>
<arg>${item['selector']}:${spec_var}</arg>
<arg>${objdata["${spec_var}"]}</arg>
<doc>Types the given ``text`` into the text field identified by ``locator``.</doc>
<status status="PASS" start="2025-04-23T16:28:16.769211" elapsed="0.422139"/>
</kw>
<status status="PASS" start="2025-04-23T16:28:16.758599" elapsed="0.432751"/>
</branch>
<status status="PASS" start="2025-04-23T16:28:16.758599" elapsed="0.432751"/>
</if>
<kw name="Sleep" owner="BuiltIn">
<msg time="2025-04-23T16:28:18.192853" level="INFO">Slept 1 second.</msg>
<arg>1s</arg>
<doc>Pauses the test executed for the given time.</doc>
<status status="PASS" start="2025-04-23T16:28:17.192422" elapsed="1.000431"/>
</kw>
<continue>
<status status="PASS" start="2025-04-23T16:28:18.193429" elapsed="0.000000"/>
</continue>
<status status="PASS" start="2025-04-23T16:28:16.751274" elapsed="1.442155"/>
</branch>
<status status="PASS" start="2025-04-23T16:28:16.751274" elapsed="1.443172"/>
</if>
<kw name="Run Keyword And Return Status" owner="BuiltIn">
<var>${str_number}</var>
<arg>Should Contain</arg>
<arg>${type}</arg>
<arg>number</arg>
<doc>Runs the given keyword with given arguments and returns the status as a Boolean value.</doc>
<status status="NOT RUN" start="2025-04-23T16:28:18.195455" elapsed="0.000993"/>
</kw>
<if>
<branch type="IF" condition="${str_number}">
<kw name="Set Variable" owner="BuiltIn">
<var>${spec}</var>
<arg>${item['name']}</arg>
<doc>Returns the given values which can then be assigned to a variables.</doc>
<status status="NOT RUN" start="2025-04-23T16:28:18.197451" elapsed="0.000000"/>
</kw>
<kw name="Run Keyword And Return Status" owner="BuiltIn">
<var>${contains_left_brace}</var>
<arg>Should Contain</arg>
<arg>${spec}</arg>
<arg>{</arg>
<doc>Runs the given keyword with given arguments and returns the status as a Boolean value.</doc>
<status status="NOT RUN" start="2025-04-23T16:28:18.198474" elapsed="0.000000"/>
</kw>
<kw name="Log To Console" owner="BuiltIn">
<arg>${spec}</arg>
<doc>Logs the given message to the console.</doc>
<status status="NOT RUN" start="2025-04-23T16:28:18.199520" elapsed="0.001034"/>
</kw>
<kw name="Log To Console" owner="BuiltIn">
<arg>${contains_left_brace}</arg>
<doc>Logs the given message to the console.</doc>
<status status="NOT RUN" start="2025-04-23T16:28:18.200554" elapsed="0.001015"/>
</kw>
<if>
<branch type="IF" condition="${contains_left_brace}">
<kw name="Replace String" owner="String">
<var>${spec_var}</var>
<arg>${spec}</arg>
<arg>{</arg>
<arg>${EMPTY}</arg>
<doc>Replaces ``search_for`` in the given ``string`` with ``replace_with``.</doc>
<status status="NOT RUN" start="2025-04-23T16:28:18.201569" elapsed="0.001018"/>
</kw>
<kw name="Replace String" owner="String">
<var>${spec_var}</var>
<arg>${spec_var}</arg>
<arg>}</arg>
<arg>${EMPTY}</arg>
<doc>Replaces ``search_for`` in the given ``string`` with ``replace_with``.</doc>
<status status="NOT RUN" start="2025-04-23T16:28:18.202587" elapsed="0.000000"/>
</kw>
<kw name="Log To Console" owner="BuiltIn">
<arg>${spec_var}</arg>
<doc>Logs the given message to the console.</doc>
<status status="NOT RUN" start="2025-04-23T16:28:18.202587" elapsed="0.001001"/>
</kw>
<kw name="Input Text" owner="SeleniumLibrary">
<arg>${item['selector']}:${spec_var}</arg>
<arg>${objdata["${spec_var}"]}</arg>
<doc>Types the given ``text`` into the text field identified by ``locator``.</doc>
<status status="NOT RUN" start="2025-04-23T16:28:18.203588" elapsed="0.001000"/>
</kw>
<status status="NOT RUN" start="2025-04-23T16:28:18.201569" elapsed="0.003019"/>
</branch>
<status status="NOT RUN" start="2025-04-23T16:28:18.201569" elapsed="0.003019"/>
</if>
<kw name="Sleep" owner="BuiltIn">
<arg>1s</arg>
<doc>Pauses the test executed for the given time.</doc>
<status status="NOT RUN" start="2025-04-23T16:28:18.204588" elapsed="0.000000"/>
</kw>
<continue>
<status status="NOT RUN" start="2025-04-23T16:28:18.205586" elapsed="0.000000"/>
</continue>
<status status="NOT RUN" start="2025-04-23T16:28:18.196448" elapsed="0.009138"/>
</branch>
<status status="NOT RUN" start="2025-04-23T16:28:18.196448" elapsed="0.009138"/>
</if>
<kw name="Run Keyword And Return Status" owner="BuiltIn">
<var>${str_file}</var>
<arg>Should Contain</arg>
<arg>${type}</arg>
<arg>file</arg>
<doc>Runs the given keyword with given arguments and returns the status as a Boolean value.</doc>
<status status="NOT RUN" start="2025-04-23T16:28:18.205586" elapsed="0.001003"/>
</kw>
<if>
<branch type="IF" condition="${str_file}">
<kw name="Set Variable" owner="BuiltIn">
<var>${spec}</var>
<arg>${item['name']}</arg>
<doc>Returns the given values which can then be assigned to a variables.</doc>
<status status="NOT RUN" start="2025-04-23T16:28:18.208104" elapsed="0.000000"/>
</kw>
<kw name="Run Keyword And Return Status" owner="BuiltIn">
<var>${contains_left_brace}</var>
<arg>Should Contain</arg>
<arg>${spec}</arg>
<arg>{</arg>
<doc>Runs the given keyword with given arguments and returns the status as a Boolean value.</doc>
<status status="NOT RUN" start="2025-04-23T16:28:18.208104" elapsed="0.001022"/>
</kw>
<kw name="Log To Console" owner="BuiltIn">
<arg>${spec}</arg>
<doc>Logs the given message to the console.</doc>
<status status="NOT RUN" start="2025-04-23T16:28:18.209126" elapsed="0.000000"/>
</kw>
<kw name="Log To Console" owner="BuiltIn">
<arg>${contains_left_brace}</arg>
<doc>Logs the given message to the console.</doc>
<status status="NOT RUN" start="2025-04-23T16:28:18.209126" elapsed="0.001017"/>
</kw>
<if>
<branch type="IF" condition="${contains_left_brace}">
<kw name="Replace String" owner="String">
<var>${spec_var}</var>
<arg>${spec}</arg>
<arg>{</arg>
<arg>${EMPTY}</arg>
<doc>Replaces ``search_for`` in the given ``string`` with ``replace_with``.</doc>
<status status="NOT RUN" start="2025-04-23T16:28:18.213163" elapsed="0.000000"/>
</kw>
<kw name="Replace String" owner="String">
<var>${spec_var}</var>
<arg>${spec_var}</arg>
<arg>}</arg>
<arg>${EMPTY}</arg>
<doc>Replaces ``search_for`` in the given ``string`` with ``replace_with``.</doc>
<status status="NOT RUN" start="2025-04-23T16:28:18.213673" elapsed="0.000000"/>
</kw>
<kw name="Log To Console" owner="BuiltIn">
<arg>${spec_var}</arg>
<doc>Logs the given message to the console.</doc>
<status status="NOT RUN" start="2025-04-23T16:28:18.214186" elapsed="0.000000"/>
</kw>
<if>
<branch type="IF" condition="${objdata[&quot;${spec_var}]} != &quot;&quot;">
<kw name="Input Text" owner="SeleniumLibrary">
<arg>${item['selector']}:${spec_var}</arg>
<arg>${objdata["${spec_var}"]}</arg>
<doc>Types the given ``text`` into the text field identified by ``locator``.</doc>
<status status="NOT RUN" start="2025-04-23T16:28:18.215205" elapsed="0.000000"/>
</kw>
<status status="NOT RUN" start="2025-04-23T16:28:18.214186" elapsed="0.001019"/>
</branch>
<status status="NOT RUN" start="2025-04-23T16:28:18.214186" elapsed="0.001019"/>
</if>
<status status="NOT RUN" start="2025-04-23T16:28:18.210143" elapsed="0.005062"/>
</branch>
<status status="NOT RUN" start="2025-04-23T16:28:18.210143" elapsed="0.005062"/>
</if>
<kw name="Sleep" owner="BuiltIn">
<arg>1s</arg>
<doc>Pauses the test executed for the given time.</doc>
<status status="NOT RUN" start="2025-04-23T16:28:18.216214" elapsed="0.000000"/>
</kw>
<continue>
<status status="NOT RUN" start="2025-04-23T16:28:18.216214" elapsed="0.000998"/>
</continue>
<status status="NOT RUN" start="2025-04-23T16:28:18.206589" elapsed="0.010623"/>
</branch>
<status status="NOT RUN" start="2025-04-23T16:28:18.206589" elapsed="0.010623"/>
</if>
<kw name="Run Keyword And Return Status" owner="BuiltIn">
<var>${str_text}</var>
<arg>Should Contain</arg>
<arg>${type}</arg>
<arg>textarea</arg>
<doc>Runs the given keyword with given arguments and returns the status as a Boolean value.</doc>
<status status="NOT RUN" start="2025-04-23T16:28:18.217212" elapsed="0.000989"/>
</kw>
<if>
<branch type="IF" condition="${str_text}">
<kw name="Set Variable" owner="BuiltIn">
<var>${spec}</var>
<arg>${item['name']}</arg>
<doc>Returns the given values which can then be assigned to a variables.</doc>
<status status="NOT RUN" start="2025-04-23T16:28:18.218201" elapsed="0.008562"/>
</kw>
<kw name="Run Keyword And Return Status" owner="BuiltIn">
<var>${contains_left_brace}</var>
<arg>Should Contain</arg>
<arg>${spec}</arg>
<arg>{</arg>
<doc>Runs the given keyword with given arguments and returns the status as a Boolean value.</doc>
<status status="NOT RUN" start="2025-04-23T16:28:18.226763" elapsed="0.005541"/>
</kw>
<kw name="Log To Console" owner="BuiltIn">
<arg>${spec}</arg>
<doc>Logs the given message to the console.</doc>
<status status="NOT RUN" start="2025-04-23T16:28:18.233315" elapsed="0.000000"/>
</kw>
<kw name="Log To Console" owner="BuiltIn">
<arg>${contains_left_brace}</arg>
<doc>Logs the given message to the console.</doc>
<status status="NOT RUN" start="2025-04-23T16:28:18.234553" elapsed="0.000000"/>
</kw>
<if>
<branch type="IF" condition="${contains_left_brace}">
<kw name="Replace String" owner="String">
<var>${spec_var}</var>
<arg>${spec}</arg>
<arg>{</arg>
<arg>${EMPTY}</arg>
<doc>Replaces ``search_for`` in the given ``string`` with ``replace_with``.</doc>
<status status="NOT RUN" start="2025-04-23T16:28:18.234553" elapsed="0.001448"/>
</kw>
<kw name="Replace String" owner="String">
<var>${spec_var}</var>
<arg>${spec_var}</arg>
<arg>}</arg>
<arg>${EMPTY}</arg>
<doc>Replaces ``search_for`` in the given ``string`` with ``replace_with``.</doc>
<status status="NOT RUN" start="2025-04-23T16:28:18.236001" elapsed="0.000000"/>
</kw>
<kw name="Log To Console" owner="BuiltIn">
<arg>${spec_var}</arg>
<doc>Logs the given message to the console.</doc>
<status status="NOT RUN" start="2025-04-23T16:28:18.236001" elapsed="0.000000"/>
</kw>
<kw name="Input Text" owner="SeleniumLibrary">
<arg>xpath=//textarea[@${item['selector']}='${spec_var}']</arg>
<arg>${EMPTY}</arg>
<doc>Types the given ``text`` into the text field identified by ``locator``.</doc>
<status status="NOT RUN" start="2025-04-23T16:28:18.237014" elapsed="0.000000"/>
</kw>
<kw name="Input Text" owner="SeleniumLibrary">
<arg>xpath=//textarea[@${item['selector']}='${spec_var}']</arg>
<arg>${objdata["${spec_var}"]}</arg>
<doc>Types the given ``text`` into the text field identified by ``locator``.</doc>
<status status="NOT RUN" start="2025-04-23T16:28:18.237014" elapsed="0.000000"/>
</kw>
<status status="NOT RUN" start="2025-04-23T16:28:18.234553" elapsed="0.002461"/>
</branch>
<status status="NOT RUN" start="2025-04-23T16:28:18.234553" elapsed="0.002461"/>
</if>
<kw name="Sleep" owner="BuiltIn">
<arg>1s</arg>
<doc>Pauses the test executed for the given time.</doc>
<status status="NOT RUN" start="2025-04-23T16:28:18.237014" elapsed="0.000000"/>
</kw>
<continue>
<status status="NOT RUN" start="2025-04-23T16:28:18.237014" elapsed="0.000000"/>
</continue>
<status status="NOT RUN" start="2025-04-23T16:28:18.218201" elapsed="0.018813"/>
</branch>
<status status="NOT RUN" start="2025-04-23T16:28:18.218201" elapsed="0.018813"/>
</if>
<kw name="Run Keyword And Return Status" owner="BuiltIn">
<var>${str_text}</var>
<arg>Should Contain</arg>
<arg>${type}</arg>
<arg>password</arg>
<doc>Runs the given keyword with given arguments and returns the status as a Boolean value.</doc>
<status status="NOT RUN" start="2025-04-23T16:28:18.238526" elapsed="0.000000"/>
</kw>
<if>
<branch type="IF" condition="${str_text}">
<kw name="Set Variable" owner="BuiltIn">
<var>${spec}</var>
<arg>${item['name']}</arg>
<doc>Returns the given values which can then be assigned to a variables.</doc>
<status status="NOT RUN" start="2025-04-23T16:28:18.239535" elapsed="0.000000"/>
</kw>
<kw name="Run Keyword And Return Status" owner="BuiltIn">
<var>${contains_left_brace}</var>
<arg>Should Contain</arg>
<arg>${spec}</arg>
<arg>{</arg>
<doc>Runs the given keyword with given arguments and returns the status as a Boolean value.</doc>
<status status="NOT RUN" start="2025-04-23T16:28:18.239535" elapsed="0.000000"/>
</kw>
<kw name="Log To Console" owner="BuiltIn">
<arg>${spec}</arg>
<doc>Logs the given message to the console.</doc>
<status status="NOT RUN" start="2025-04-23T16:28:18.239535" elapsed="0.000000"/>
</kw>
<kw name="Log To Console" owner="BuiltIn">
<arg>${contains_left_brace}</arg>
<doc>Logs the given message to the console.</doc>
<status status="NOT RUN" start="2025-04-23T16:28:18.240581" elapsed="0.000000"/>
</kw>
<if>
<branch type="IF" condition="${contains_left_brace}">
<kw name="Replace String" owner="String">
<var>${spec_var}</var>
<arg>${spec}</arg>
<arg>{</arg>
<arg>${EMPTY}</arg>
<doc>Replaces ``search_for`` in the given ``string`` with ``replace_with``.</doc>
<status status="NOT RUN" start="2025-04-23T16:28:18.240884" elapsed="0.000000"/>
</kw>
<kw name="Replace String" owner="String">
<var>${spec_var}</var>
<arg>${spec_var}</arg>
<arg>}</arg>
<arg>${EMPTY}</arg>
<doc>Replaces ``search_for`` in the given ``string`` with ``replace_with``.</doc>
<status status="NOT RUN" start="2025-04-23T16:28:18.241590" elapsed="0.000000"/>
</kw>
<kw name="Log To Console" owner="BuiltIn">
<arg>${spec_var}</arg>
<doc>Logs the given message to the console.</doc>
<status status="NOT RUN" start="2025-04-23T16:28:18.241590" elapsed="0.000000"/>
</kw>
<kw name="Input Text" owner="SeleniumLibrary">
<arg>${item['selector']}:${spec_var}</arg>
<arg>${objdata["${spec_var}"]}</arg>
<doc>Types the given ``text`` into the text field identified by ``locator``.</doc>
<status status="NOT RUN" start="2025-04-23T16:28:18.241590" elapsed="0.000000"/>
</kw>
<status status="NOT RUN" start="2025-04-23T16:28:18.240884" elapsed="0.000706"/>
</branch>
<status status="NOT RUN" start="2025-04-23T16:28:18.240884" elapsed="0.000706"/>
</if>
<kw name="Sleep" owner="BuiltIn">
<arg>1s</arg>
<doc>Pauses the test executed for the given time.</doc>
<status status="NOT RUN" start="2025-04-23T16:28:18.241590" elapsed="0.000000"/>
</kw>
<continue>
<status status="NOT RUN" start="2025-04-23T16:28:18.243082" elapsed="0.000000"/>
</continue>
<status status="NOT RUN" start="2025-04-23T16:28:18.238526" elapsed="0.004556"/>
</branch>
<status status="NOT RUN" start="2025-04-23T16:28:18.238526" elapsed="0.004556"/>
</if>
<kw name="Run Keyword And Return Status" owner="BuiltIn">
<var>${str_text}</var>
<arg>Should Contain</arg>
<arg>${type}</arg>
<arg>alert</arg>
<doc>Runs the given keyword with given arguments and returns the status as a Boolean value.</doc>
<status status="NOT RUN" start="2025-04-23T16:28:18.243082" elapsed="0.001019"/>
</kw>
<if>
<branch type="IF" condition="${str_text}">
<kw name="Set Variable" owner="BuiltIn">
<var>${spec}</var>
<arg>${item['name']}</arg>
<doc>Returns the given values which can then be assigned to a variables.</doc>
<status status="NOT RUN" start="2025-04-23T16:28:18.244101" elapsed="0.001007"/>
</kw>
<kw name="Run Keyword And Return Status" owner="BuiltIn">
<var>${contains_left_brace}</var>
<arg>Should Contain</arg>
<arg>${spec}</arg>
<arg>{</arg>
<doc>Runs the given keyword with given arguments and returns the status as a Boolean value.</doc>
<status status="NOT RUN" start="2025-04-23T16:28:18.245108" elapsed="0.000000"/>
</kw>
<kw name="Log To Console" owner="BuiltIn">
<arg>${spec}</arg>
<doc>Logs the given message to the console.</doc>
<status status="NOT RUN" start="2025-04-23T16:28:18.245108" elapsed="0.001000"/>
</kw>
<kw name="Log To Console" owner="BuiltIn">
<arg>${contains_left_brace}</arg>
<doc>Logs the given message to the console.</doc>
<status status="NOT RUN" start="2025-04-23T16:28:18.246108" elapsed="0.000000"/>
</kw>
<if>
<branch type="IF" condition="${contains_left_brace}">
<kw name="Replace String" owner="String">
<var>${spec_var}</var>
<arg>${spec}</arg>
<arg>{</arg>
<arg>${EMPTY}</arg>
<doc>Replaces ``search_for`` in the given ``string`` with ``replace_with``.</doc>
<status status="NOT RUN" start="2025-04-23T16:28:18.246108" elapsed="0.000996"/>
</kw>
<kw name="Replace String" owner="String">
<var>${spec_var}</var>
<arg>${spec_var}</arg>
<arg>}</arg>
<arg>${EMPTY}</arg>
<doc>Replaces ``search_for`` in the given ``string`` with ``replace_with``.</doc>
<status status="NOT RUN" start="2025-04-23T16:28:18.247104" elapsed="0.000000"/>
</kw>
<kw name="Log To Console" owner="BuiltIn">
<arg>${spec_var}</arg>
<doc>Logs the given message to the console.</doc>
<status status="NOT RUN" start="2025-04-23T16:28:18.247104" elapsed="0.000000"/>
</kw>
<kw name="Handle Alert" owner="SeleniumLibrary">
<var>${alert_text}</var>
<arg>action=ACCEPT</arg>
<doc>Handles the current alert and returns its message.</doc>
<status status="NOT RUN" start="2025-04-23T16:28:18.248103" elapsed="0.000000"/>
</kw>
<kw name="Should Contain" owner="BuiltIn">
<arg>${alert_text}</arg>
<arg>${objdata["${spec_var}"]}</arg>
<doc>Fails if ``container`` does not contain ``item`` one or more times.</doc>
<status status="NOT RUN" start="2025-04-23T16:28:18.248103" elapsed="0.000000"/>
</kw>
<status status="NOT RUN" start="2025-04-23T16:28:18.246108" elapsed="0.001995"/>
</branch>
<status status="NOT RUN" start="2025-04-23T16:28:18.246108" elapsed="0.002992"/>
</if>
<kw name="Sleep" owner="BuiltIn">
<arg>1s</arg>
<doc>Pauses the test executed for the given time.</doc>
<status status="NOT RUN" start="2025-04-23T16:28:18.249100" elapsed="0.000000"/>
</kw>
<continue>
<status status="NOT RUN" start="2025-04-23T16:28:18.249617" elapsed="0.000000"/>
</continue>
<status status="NOT RUN" start="2025-04-23T16:28:18.244101" elapsed="0.005516"/>
</branch>
<status status="NOT RUN" start="2025-04-23T16:28:18.244101" elapsed="0.005516"/>
</if>
<kw name="Run Keyword And Return Status" owner="BuiltIn">
<var>${str_select}</var>
<arg>Should Contain</arg>
<arg>${type}</arg>
<arg>select</arg>
<doc>Runs the given keyword with given arguments and returns the status as a Boolean value.</doc>
<status status="NOT RUN" start="2025-04-23T16:28:18.249617" elapsed="0.000000"/>
</kw>
<if>
<branch type="IF" condition="${str_select}">
<kw name="Set Variable" owner="BuiltIn">
<var>${spec}</var>
<arg>${item['name']}</arg>
<doc>Returns the given values which can then be assigned to a variables.</doc>
<status status="NOT RUN" start="2025-04-23T16:28:18.250620" elapsed="0.000000"/>
</kw>
<kw name="Run Keyword And Return Status" owner="BuiltIn">
<var>${contains_left_brace}</var>
<arg>Should Contain</arg>
<arg>${spec}</arg>
<arg>{</arg>
<doc>Runs the given keyword with given arguments and returns the status as a Boolean value.</doc>
<status status="NOT RUN" start="2025-04-23T16:28:18.250620" elapsed="0.000000"/>
</kw>
<kw name="Log To Console" owner="BuiltIn">
<arg>${spec}</arg>
<doc>Logs the given message to the console.</doc>
<status status="NOT RUN" start="2025-04-23T16:28:18.251622" elapsed="0.000000"/>
</kw>
<kw name="Log To Console" owner="BuiltIn">
<arg>${contains_left_brace}</arg>
<doc>Logs the given message to the console.</doc>
<status status="NOT RUN" start="2025-04-23T16:28:18.252134" elapsed="0.000000"/>
</kw>
<if>
<branch type="IF" condition="${contains_left_brace}">
<kw name="Replace String" owner="String">
<var>${spec_var}</var>
<arg>${spec}</arg>
<arg>{</arg>
<arg>${EMPTY}</arg>
<doc>Replaces ``search_for`` in the given ``string`` with ``replace_with``.</doc>
<status status="NOT RUN" start="2025-04-23T16:28:18.252134" elapsed="0.000000"/>
</kw>
<kw name="Replace String" owner="String">
<var>${spec_var}</var>
<arg>${spec_var}</arg>
<arg>}</arg>
<arg>${EMPTY}</arg>
<doc>Replaces ``search_for`` in the given ``string`` with ``replace_with``.</doc>
<status status="NOT RUN" start="2025-04-23T16:28:18.253147" elapsed="0.000000"/>
</kw>
<kw name="Run Keyword And Return Status" owner="BuiltIn">
<var>${value}</var>
<arg>Should Contain</arg>
<arg>${item['tag']}</arg>
<arg>select_value</arg>
<doc>Runs the given keyword with given arguments and returns the status as a Boolean value.</doc>
<status status="NOT RUN" start="2025-04-23T16:28:18.253147" elapsed="0.000000"/>
</kw>
<kw name="Log To Console" owner="BuiltIn">
<arg>${value}</arg>
<doc>Logs the given message to the console.</doc>
<status status="NOT RUN" start="2025-04-23T16:28:18.254160" elapsed="0.000000"/>
</kw>
<if>
<branch type="IF" condition="${value}">
<kw name="Select From List By Value" owner="SeleniumLibrary">
<arg>${item['selector']}:${spec_var}</arg>
<arg>${objdata["${spec_var}"]}</arg>
<doc>Selects options from selection list ``locator`` by ``values``.</doc>
<status status="NOT RUN" start="2025-04-23T16:28:18.255152" elapsed="0.000000"/>
</kw>
<status status="NOT RUN" start="2025-04-23T16:28:18.254160" elapsed="0.000992"/>
</branch>
<branch type="ELSE">
<kw name="Select From List By Label" owner="SeleniumLibrary">
<arg>${item['selector']}:${spec_var}</arg>
<arg>${objdata["${spec_var}"]}</arg>
<doc>Selects options from selection list ``locator`` by ``labels``.</doc>
<status status="NOT RUN" start="2025-04-23T16:28:18.255152" elapsed="0.000998"/>
</kw>
<status status="NOT RUN" start="2025-04-23T16:28:18.255152" elapsed="0.000998"/>
</branch>
<status status="NOT RUN" start="2025-04-23T16:28:18.254160" elapsed="0.001990"/>
</if>
<status status="NOT RUN" start="2025-04-23T16:28:18.252134" elapsed="0.004016"/>
</branch>
<status status="NOT RUN" start="2025-04-23T16:28:18.252134" elapsed="0.004016"/>
</if>
<kw name="Sleep" owner="BuiltIn">
<arg>1s</arg>
<doc>Pauses the test executed for the given time.</doc>
<status status="NOT RUN" start="2025-04-23T16:28:18.256150" elapsed="0.000000"/>
</kw>
<continue>
<status status="NOT RUN" start="2025-04-23T16:28:18.256150" elapsed="0.000998"/>
</continue>
<status status="NOT RUN" start="2025-04-23T16:28:18.249617" elapsed="0.007531"/>
</branch>
<status status="NOT RUN" start="2025-04-23T16:28:18.249617" elapsed="0.007531"/>
</if>
<kw name="Run Keyword And Return Status" owner="BuiltIn">
<var>${str_submit}</var>
<arg>Should Contain</arg>
<arg>${type}</arg>
<arg>submit</arg>
<doc>Runs the given keyword with given arguments and returns the status as a Boolean value.</doc>
<status status="NOT RUN" start="2025-04-23T16:28:18.257148" elapsed="0.000000"/>
</kw>
<if>
<branch type="IF" condition="${str_submit}">
<kw name="Log To Console" owner="BuiltIn">
<arg>${item['name']}</arg>
<doc>Logs the given message to the console.</doc>
<status status="NOT RUN" start="2025-04-23T16:28:18.258154" elapsed="0.000994"/>
</kw>
<kw name="Execute Javascript" owner="SeleniumLibrary">
<arg>window.scrollTo(0, document.body.scrollHeight);</arg>
<doc>Executes the given JavaScript code with possible arguments.</doc>
<status status="NOT RUN" start="2025-04-23T16:28:18.259148" elapsed="0.000516"/>
</kw>
<kw name="Wait Until Element Is Visible" owner="SeleniumLibrary">
<arg>${item['selector']}:${item['name']}</arg>
<arg>timeout=1s</arg>
<doc>Waits until the element ``locator`` is visible.</doc>
<status status="NOT RUN" start="2025-04-23T16:28:18.259664" elapsed="0.000000"/>
</kw>
<kw name="Wait Until Element Is Enabled" owner="SeleniumLibrary">
<arg>${item['selector']}:${item['name']}</arg>
<arg>timeout=1s</arg>
<doc>Waits until the element ``locator`` is enabled.</doc>
<status status="NOT RUN" start="2025-04-23T16:28:18.259664" elapsed="0.000000"/>
</kw>
<kw name="Execute Javascript" owner="SeleniumLibrary">
<arg>document.querySelector('.${item['name']}').click();</arg>
<doc>Executes the given JavaScript code with possible arguments.</doc>
<status status="NOT RUN" start="2025-04-23T16:28:18.260668" elapsed="0.000000"/>
</kw>
<kw name="Log To Console" owner="BuiltIn">
<arg>element clicked</arg>
<doc>Logs the given message to the console.</doc>
<status status="NOT RUN" start="2025-04-23T16:28:18.260668" elapsed="0.000000"/>
</kw>
<kw name="Sleep" owner="BuiltIn">
<arg>1s</arg>
<doc>Pauses the test executed for the given time.</doc>
<status status="NOT RUN" start="2025-04-23T16:28:18.261669" elapsed="0.000000"/>
</kw>
<continue>
<status status="NOT RUN" start="2025-04-23T16:28:18.261669" elapsed="0.000000"/>
</continue>
<status status="NOT RUN" start="2025-04-23T16:28:18.258154" elapsed="0.003515"/>
</branch>
<status status="NOT RUN" start="2025-04-23T16:28:18.258154" elapsed="0.003515"/>
</if>
<kw name="Run Keyword And Return Status" owner="BuiltIn">
<var>${str_button}</var>
<arg>Should Contain</arg>
<arg>${type}</arg>
<arg>button</arg>
<doc>Runs the given keyword with given arguments and returns the status as a Boolean value.</doc>
<status status="NOT RUN" start="2025-04-23T16:28:18.261669" elapsed="0.000998"/>
</kw>
<if>
<branch type="IF" condition="${str_button}">
<kw name="Run Keyword And Return Status" owner="BuiltIn">
<var>${str_td}</var>
<arg>Should Contain</arg>
<arg>${item['tag']}</arg>
<arg>td</arg>
<doc>Runs the given keyword with given arguments and returns the status as a Boolean value.</doc>
<status status="NOT RUN" start="2025-04-23T16:28:18.262667" elapsed="0.000000"/>
</kw>
<if>
<branch type="IF" condition="${str_td}">
<kw name="Set Variable" owner="BuiltIn">
<var>${spec}</var>
<arg>${item['name']}</arg>
<doc>Returns the given values which can then be assigned to a variables.</doc>
<status status="NOT RUN" start="2025-04-23T16:28:18.263669" elapsed="0.000000"/>
</kw>
<kw name="Run Keyword And Return Status" owner="BuiltIn">
<var>${contains_left_brace}</var>
<arg>Should Contain</arg>
<arg>${spec}</arg>
<arg>{</arg>
<doc>Runs the given keyword with given arguments and returns the status as a Boolean value.</doc>
<status status="NOT RUN" start="2025-04-23T16:28:18.263669" elapsed="0.001000"/>
</kw>
<kw name="Log To Console" owner="BuiltIn">
<arg>${spec}</arg>
<doc>Logs the given message to the console.</doc>
<status status="NOT RUN" start="2025-04-23T16:28:18.264669" elapsed="0.000000"/>
</kw>
<kw name="Log To Console" owner="BuiltIn">
<arg>${contains_left_brace}</arg>
<doc>Logs the given message to the console.</doc>
<status status="NOT RUN" start="2025-04-23T16:28:18.264669" elapsed="0.001000"/>
</kw>
<if>
<branch type="IF" condition="${contains_left_brace}">
<kw name="Replace String" owner="String">
<var>${spec_var}</var>
<arg>${spec}</arg>
<arg>{</arg>
<arg>${EMPTY}</arg>
<doc>Replaces ``search_for`` in the given ``string`` with ``replace_with``.</doc>
<status status="NOT RUN" start="2025-04-23T16:28:18.265669" elapsed="0.000000"/>
</kw>
<kw name="Replace String" owner="String">
<var>${spec_var}</var>
<arg>${spec_var}</arg>
<arg>}</arg>
<arg>${EMPTY}</arg>
<doc>Replaces ``search_for`` in the given ``string`` with ``replace_with``.</doc>
<status status="NOT RUN" start="2025-04-23T16:28:18.266668" elapsed="0.000000"/>
</kw>
<kw name="Click Button Based on Td Value" owner="gui_resources">
<arg>${objdata['${spec_var}']}</arg>
<arg>${type}</arg>
<status status="NOT RUN" start="2025-04-23T16:28:18.266668" elapsed="0.000000"/>
</kw>
<status status="NOT RUN" start="2025-04-23T16:28:18.265669" elapsed="0.000999"/>
</branch>
<status status="NOT RUN" start="2025-04-23T16:28:18.265669" elapsed="0.000999"/>
</if>
<status status="NOT RUN" start="2025-04-23T16:28:18.263669" elapsed="0.002999"/>
</branch>
<branch type="ELSE">
<kw name="Execute Javascript" owner="SeleniumLibrary">
<arg>window.scrollTo(0, document.body.scrollHeight);</arg>
<doc>Executes the given JavaScript code with possible arguments.</doc>
<status status="NOT RUN" start="2025-04-23T16:28:18.268180" elapsed="0.000000"/>
</kw>
<kw name="Log To Console" owner="BuiltIn">
<arg>button name is ${item['name']}</arg>
<doc>Logs the given message to the console.</doc>
<status status="NOT RUN" start="2025-04-23T16:28:18.268180" elapsed="0.000000"/>
</kw>
<kw name="Run Keyword And Return Status" owner="BuiltIn">
<var>${btn_id}</var>
<arg>Should Contain</arg>
<arg>${item['selector']}</arg>
<arg>id</arg>
<doc>Runs the given keyword with given arguments and returns the status as a Boolean value.</doc>
<status status="NOT RUN" start="2025-04-23T16:28:18.269191" elapsed="0.000000"/>
</kw>
<if>
<branch type="IF" condition="${btn_id}">
<kw name="Execute Javascript" owner="SeleniumLibrary">
<arg>var event = new MouseEvent('click', { bubbles: true, cancelable: true }); document.getElementById("${item['name']}").dispatchEvent(event);</arg>
<doc>Executes the given JavaScript code with possible arguments.</doc>
<status status="NOT RUN" start="2025-04-23T16:28:18.269191" elapsed="0.001012"/>
</kw>
<status status="NOT RUN" start="2025-04-23T16:28:18.269191" elapsed="0.001012"/>
</branch>
<status status="NOT RUN" start="2025-04-23T16:28:18.269191" elapsed="0.001012"/>
</if>
<kw name="Run Keyword And Return Status" owner="BuiltIn">
<var>${btn_class}</var>
<arg>Should Contain</arg>
<arg>${item['selector']}</arg>
<arg>class</arg>
<doc>Runs the given keyword with given arguments and returns the status as a Boolean value.</doc>
<status status="NOT RUN" start="2025-04-23T16:28:18.270203" elapsed="0.000000"/>
</kw>
<if>
<branch type="IF" condition="${btn_class}">
<if>
<branch type="IF" condition="$item['tag'] == 'data_btn'">
<kw name="Set Variable" owner="BuiltIn">
<var>${spec}</var>
<arg>${item['name']}</arg>
<doc>Returns the given values which can then be assigned to a variables.</doc>
<status status="NOT RUN" start="2025-04-23T16:28:18.271204" elapsed="0.001000"/>
</kw>
<kw name="Run Keyword And Return Status" owner="BuiltIn">
<var>${contains_left_brace}</var>
<arg>Should Contain</arg>
<arg>${spec}</arg>
<arg>{</arg>
<doc>Runs the given keyword with given arguments and returns the status as a Boolean value.</doc>
<status status="NOT RUN" start="2025-04-23T16:28:18.272204" elapsed="0.000000"/>
</kw>
<if>
<branch type="IF" condition="${contains_left_brace}">
<kw name="Replace String" owner="String">
<var>${spec_var}</var>
<arg>${spec}</arg>
<arg>{</arg>
<arg>${EMPTY}</arg>
<doc>Replaces ``search_for`` in the given ``string`` with ``replace_with``.</doc>
<status status="NOT RUN" start="2025-04-23T16:28:18.273212" elapsed="0.000000"/>
</kw>
<kw name="Replace String" owner="String">
<var>${spec_var}</var>
<arg>${spec_var}</arg>
<arg>}</arg>
<arg>${EMPTY}</arg>
<doc>Replaces ``search_for`` in the given ``string`` with ``replace_with``.</doc>
<status status="NOT RUN" start="2025-04-23T16:28:18.273212" elapsed="0.000994"/>
</kw>
<kw name="Click Button" owner="SeleniumLibrary">
<arg>xpath=//button[@data-bb-handler='${objdata['${spec_var}']}']</arg>
<doc>Clicks the button identified by ``locator``.</doc>
<status status="NOT RUN" start="2025-04-23T16:28:18.274206" elapsed="0.000000"/>
</kw>
<status status="NOT RUN" start="2025-04-23T16:28:18.272204" elapsed="0.002002"/>
</branch>
<branch type="ELSE">
<kw name="Click Button" owner="SeleniumLibrary">
<arg>xpath=//button[@data-bb-handler='${item['name']}']</arg>
<doc>Clicks the button identified by ``locator``.</doc>
<status status="NOT RUN" start="2025-04-23T16:28:18.275205" elapsed="0.000000"/>
</kw>
<status status="NOT RUN" start="2025-04-23T16:28:18.274206" elapsed="0.000999"/>
</branch>
<status status="NOT RUN" start="2025-04-23T16:28:18.272204" elapsed="0.003001"/>
</if>
<status status="NOT RUN" start="2025-04-23T16:28:18.271204" elapsed="0.004001"/>
</branch>
<branch type="ELSE">
<kw name="Execute Javascript" owner="SeleniumLibrary">
<arg>document.querySelector('.${item['name']}').click();</arg>
<doc>Executes the given JavaScript code with possible arguments.</doc>
<status status="NOT RUN" start="2025-04-23T16:28:18.276208" elapsed="0.000000"/>
</kw>
<status status="NOT RUN" start="2025-04-23T16:28:18.275205" elapsed="0.001003"/>
</branch>
<status status="NOT RUN" start="2025-04-23T16:28:18.271204" elapsed="0.005004"/>
</if>
<status status="NOT RUN" start="2025-04-23T16:28:18.270203" elapsed="0.006005"/>
</branch>
<status status="NOT RUN" start="2025-04-23T16:28:18.270203" elapsed="0.006005"/>
</if>
<kw name="Sleep" owner="BuiltIn">
<arg>1s</arg>
<doc>Pauses the test executed for the given time.</doc>
<status status="NOT RUN" start="2025-04-23T16:28:18.277210" elapsed="0.000000"/>
</kw>
<continue>
<status status="NOT RUN" start="2025-04-23T16:28:18.277210" elapsed="0.000000"/>
</continue>
<status status="NOT RUN" start="2025-04-23T16:28:18.266668" elapsed="0.010542"/>
</branch>
<status status="NOT RUN" start="2025-04-23T16:28:18.263669" elapsed="0.013541"/>
</if>
<status status="NOT RUN" start="2025-04-23T16:28:18.262667" elapsed="0.014543"/>
</branch>
<status status="NOT RUN" start="2025-04-23T16:28:18.262667" elapsed="0.014543"/>
</if>
<kw name="Run Keyword And Return Status" owner="BuiltIn">
<var>${str_script}</var>
<arg>Should Contain</arg>
<arg>${type}</arg>
<arg>script</arg>
<doc>Runs the given keyword with given arguments and returns the status as a Boolean value.</doc>
<status status="NOT RUN" start="2025-04-23T16:28:18.278207" elapsed="0.000000"/>
</kw>
<if>
<branch type="IF" condition="${str_script}">
<kw name="Log To Console" owner="BuiltIn">
<arg>${item['name']}</arg>
<doc>Logs the given message to the console.</doc>
<status status="NOT RUN" start="2025-04-23T16:28:18.278207" elapsed="0.001016"/>
</kw>
<kw name="Sleep" owner="BuiltIn">
<arg>1s</arg>
<doc>Pauses the test executed for the given time.</doc>
<status status="NOT RUN" start="2025-04-23T16:28:18.279223" elapsed="0.000000"/>
</kw>
<kw name="Log To Console" owner="BuiltIn">
<arg>button name is ${item['name']}</arg>
<doc>Logs the given message to the console.</doc>
<status status="NOT RUN" start="2025-04-23T16:28:18.279223" elapsed="0.001017"/>
</kw>
<kw name="Execute Javascript" owner="SeleniumLibrary">
<arg>${item['name']};</arg>
<doc>Executes the given JavaScript code with possible arguments.</doc>
<status status="NOT RUN" start="2025-04-23T16:28:18.280240" elapsed="0.000000"/>
</kw>
<kw name="Sleep" owner="BuiltIn">
<arg>1s</arg>
<doc>Pauses the test executed for the given time.</doc>
<status status="NOT RUN" start="2025-04-23T16:28:18.280240" elapsed="0.000000"/>
</kw>
<continue>
<status status="NOT RUN" start="2025-04-23T16:28:18.281241" elapsed="0.000000"/>
</continue>
<status status="NOT RUN" start="2025-04-23T16:28:18.278207" elapsed="0.003034"/>
</branch>
<status status="NOT RUN" start="2025-04-23T16:28:18.278207" elapsed="0.003034"/>
</if>
<kw name="Run Keyword And Return Status" owner="BuiltIn">
<var>${str_form}</var>
<arg>Should Contain</arg>
<arg>${type}</arg>
<arg>form</arg>
<doc>Runs the given keyword with given arguments and returns the status as a Boolean value.</doc>
<status status="NOT RUN" start="2025-04-23T16:28:18.281241" elapsed="0.000000"/>
</kw>
<if>
<branch type="IF" condition="${str_form}">
<kw name="Log To Console" owner="BuiltIn">
<arg>${item['name']}</arg>
<doc>Logs the given message to the console.</doc>
<status status="NOT RUN" start="2025-04-23T16:28:18.282258" elapsed="0.000000"/>
</kw>
<kw name="Submit Form" owner="SeleniumLibrary">
<arg>xpath=//form[@${item['selector']}='${item['name']}']</arg>
<doc>Submits a form identified by ``locator``.</doc>
<status status="NOT RUN" start="2025-04-23T16:28:18.282258" elapsed="0.000999"/>
</kw>
<kw name="Sleep" owner="BuiltIn">
<arg>1s</arg>
<doc>Pauses the test executed for the given time.</doc>
<status status="NOT RUN" start="2025-04-23T16:28:18.283257" elapsed="0.000000"/>
</kw>
<continue>
<status status="NOT RUN" start="2025-04-23T16:28:18.283257" elapsed="0.000000"/>
</continue>
<status status="NOT RUN" start="2025-04-23T16:28:18.282258" elapsed="0.000999"/>
</branch>
<status status="NOT RUN" start="2025-04-23T16:28:18.281241" elapsed="0.002016"/>
</if>
<kw name="Run Keyword And Return Status" owner="BuiltIn">
<var>${str_radio}</var>
<arg>Should Contain</arg>
<arg>${type}</arg>
<arg>radio</arg>
<doc>Runs the given keyword with given arguments and returns the status as a Boolean value.</doc>
<status status="NOT RUN" start="2025-04-23T16:28:18.284256" elapsed="0.000000"/>
</kw>
<if>
<branch type="IF" condition="${str_radio}">
<kw name="Set Variable" owner="BuiltIn">
<var>${spec}</var>
<arg>${item['name']}</arg>
<doc>Returns the given values which can then be assigned to a variables.</doc>
<status status="NOT RUN" start="2025-04-23T16:28:18.284256" elapsed="0.001000"/>
</kw>
<kw name="Run Keyword And Return Status" owner="BuiltIn">
<var>${contains_left_brace}</var>
<arg>Should Contain</arg>
<arg>${spec}</arg>
<arg>{</arg>
<doc>Runs the given keyword with given arguments and returns the status as a Boolean value.</doc>
<status status="NOT RUN" start="2025-04-23T16:28:18.285256" elapsed="0.000000"/>
</kw>
<kw name="Log To Console" owner="BuiltIn">
<arg>${spec}</arg>
<doc>Logs the given message to the console.</doc>
<status status="NOT RUN" start="2025-04-23T16:28:18.285256" elapsed="0.001000"/>
</kw>
<kw name="Log To Console" owner="BuiltIn">
<arg>${contains_left_brace}</arg>
<doc>Logs the given message to the console.</doc>
<status status="NOT RUN" start="2025-04-23T16:28:18.286256" elapsed="0.000000"/>
</kw>
<if>
<branch type="IF" condition="${contains_left_brace}">
<kw name="Replace String" owner="String">
<var>${spec_var}</var>
<arg>${spec}</arg>
<arg>{</arg>
<arg>${EMPTY}</arg>
<doc>Replaces ``search_for`` in the given ``string`` with ``replace_with``.</doc>
<status status="NOT RUN" start="2025-04-23T16:28:18.287255" elapsed="0.000000"/>
</kw>
<kw name="Replace String" owner="String">
<var>${spec_var}</var>
<arg>${spec_var}</arg>
<arg>}</arg>
<arg>${EMPTY}</arg>
<doc>Replaces ``search_for`` in the given ``string`` with ``replace_with``.</doc>
<status status="NOT RUN" start="2025-04-23T16:28:18.287255" elapsed="0.000000"/>
</kw>
<kw name="Log To Console" owner="BuiltIn">
<arg>${spec_var}</arg>
<doc>Logs the given message to the console.</doc>
<status status="NOT RUN" start="2025-04-23T16:28:18.288255" elapsed="0.000000"/>
</kw>
<kw name="Run Keyword And Return Status" owner="BuiltIn">
<var>${contains_td}</var>
<arg>Should Contain</arg>
<arg>${item['tag']}</arg>
<arg>td</arg>
<doc>Runs the given keyword with given arguments and returns the status as a Boolean value.</doc>
<status status="NOT RUN" start="2025-04-23T16:28:18.288771" elapsed="0.000000"/>
</kw>
<if>
<branch type="IF" condition="${contains_td}">
<kw name="Select Radio Button Based On Td Value" owner="gui_resources">
<arg>${objdata["${spec_var}"]}</arg>
<status status="NOT RUN" start="2025-04-23T16:28:18.289282" elapsed="0.000000"/>
</kw>
<status status="NOT RUN" start="2025-04-23T16:28:18.288771" elapsed="0.000511"/>
</branch>
<branch type="ELSE">
<kw name="Set Variable" owner="BuiltIn">
<var>${spec}</var>
<arg>${item['name']}</arg>
<doc>Returns the given values which can then be assigned to a variables.</doc>
<status status="NOT RUN" start="2025-04-23T16:28:18.290312" elapsed="0.000000"/>
</kw>
<kw name="Run Keyword And Return Status" owner="BuiltIn">
<var>${contains_left_brace}</var>
<arg>Should Contain</arg>
<arg>${spec}</arg>
<arg>{</arg>
<doc>Runs the given keyword with given arguments and returns the status as a Boolean value.</doc>
<status status="NOT RUN" start="2025-04-23T16:28:18.290312" elapsed="0.000989"/>
</kw>
<if>
<branch type="IF" condition="${contains_left_brace}">
<kw name="Replace String" owner="String">
<var>${spec_var}</var>
<arg>${spec}</arg>
<arg>{</arg>
<arg>${EMPTY}</arg>
<doc>Replaces ``search_for`` in the given ``string`` with ``replace_with``.</doc>
<status status="NOT RUN" start="2025-04-23T16:28:18.291301" elapsed="0.000000"/>
</kw>
<kw name="Replace String" owner="String">
<var>${spec_var}</var>
<arg>${spec_var}</arg>
<arg>}</arg>
<arg>${EMPTY}</arg>
<doc>Replaces ``search_for`` in the given ``string`` with ``replace_with``.</doc>
<status status="NOT RUN" start="2025-04-23T16:28:18.292319" elapsed="0.000000"/>
</kw>
<kw name="Get WebElement" owner="SeleniumLibrary">
<var>${radio_button}</var>
<arg>xpath=//label[contains(text(), "${objdata['${spec_var}']}")]</arg>
<doc>Returns the first WebElement matching the given ``locator``.</doc>
<status status="NOT RUN" start="2025-04-23T16:28:18.292319" elapsed="0.000000"/>
</kw>
<kw name="Click Element" owner="SeleniumLibrary">
<arg>${radio_button}</arg>
<doc>Click the element identified by ``locator``.</doc>
<status status="NOT RUN" start="2025-04-23T16:28:18.293318" elapsed="0.000000"/>
</kw>
<status status="NOT RUN" start="2025-04-23T16:28:18.291301" elapsed="0.002017"/>
</branch>
<branch type="ELSE">
<kw name="Select Radio Button" owner="SeleniumLibrary">
<arg>${spec_var}</arg>
<arg>${objdata["${spec_var}"]}</arg>
<doc>Sets the radio button group ``group_name`` to ``value``.</doc>
<status status="NOT RUN" start="2025-04-23T16:28:18.293318" elapsed="0.000998"/>
</kw>
<status status="NOT RUN" start="2025-04-23T16:28:18.293318" elapsed="0.000998"/>
</branch>
<status status="NOT RUN" start="2025-04-23T16:28:18.291301" elapsed="0.003015"/>
</if>
<status status="NOT RUN" start="2025-04-23T16:28:18.290312" elapsed="0.004004"/>
</branch>
<status status="NOT RUN" start="2025-04-23T16:28:18.288771" elapsed="0.005545"/>
</if>
<status status="NOT RUN" start="2025-04-23T16:28:18.286256" elapsed="0.008060"/>
</branch>
<status status="NOT RUN" start="2025-04-23T16:28:18.286256" elapsed="0.008060"/>
</if>
<kw name="Sleep" owner="BuiltIn">
<arg>1s</arg>
<doc>Pauses the test executed for the given time.</doc>
<status status="NOT RUN" start="2025-04-23T16:28:18.294316" elapsed="0.001000"/>
</kw>
<continue>
<status status="NOT RUN" start="2025-04-23T16:28:18.295316" elapsed="0.000000"/>
</continue>
<status status="NOT RUN" start="2025-04-23T16:28:18.284256" elapsed="0.011060"/>
</branch>
<status status="NOT RUN" start="2025-04-23T16:28:18.284256" elapsed="0.011060"/>
</if>
<kw name="Run Keyword And Return Status" owner="BuiltIn">
<var>${str_page}</var>
<arg>Should Contain</arg>
<arg>${type}</arg>
<arg>url</arg>
<doc>Runs the given keyword with given arguments and returns the status as a Boolean value.</doc>
<status status="NOT RUN" start="2025-04-23T16:28:18.295316" elapsed="0.000000"/>
</kw>
<if>
<branch type="IF" condition="${str_page}">
<kw name="Log To Console" owner="BuiltIn">
<arg>${item['name']}</arg>
<doc>Logs the given message to the console.</doc>
<status status="NOT RUN" start="2025-04-23T16:28:18.296320" elapsed="0.000000"/>
</kw>
<kw name="Wait Until Location Contains" owner="SeleniumLibrary">
<arg>${item['name']}</arg>
<doc>Waits until the current URL contains ``expected``.</doc>
<status status="NOT RUN" start="2025-04-23T16:28:18.296320" elapsed="0.000998"/>
</kw>
<kw name="Get Location" owner="SeleniumLibrary">
<var>${current_url}</var>
<doc>Returns the current browser window URL.</doc>
<status status="NOT RUN" start="2025-04-23T16:28:18.297318" elapsed="0.000000"/>
</kw>
<kw name="Log To Console" owner="BuiltIn">
<arg>${current_url}</arg>
<doc>Logs the given message to the console.</doc>
<status status="NOT RUN" start="2025-04-23T16:28:18.297318" elapsed="0.000000"/>
</kw>
<kw name="Should Contain" owner="BuiltIn">
<arg>${current_url}</arg>
<arg>${item['name']}</arg>
<doc>Fails if ``container`` does not contain ``item`` one or more times.</doc>
<status status="NOT RUN" start="2025-04-23T16:28:18.298317" elapsed="0.000000"/>
</kw>
<kw name="Sleep" owner="BuiltIn">
<arg>1s</arg>
<doc>Pauses the test executed for the given time.</doc>
<status status="NOT RUN" start="2025-04-23T16:28:18.298317" elapsed="0.000000"/>
</kw>
<continue>
<status status="NOT RUN" start="2025-04-23T16:28:18.298317" elapsed="0.000000"/>
</continue>
<status status="NOT RUN" start="2025-04-23T16:28:18.296320" elapsed="0.003011"/>
</branch>
<status status="NOT RUN" start="2025-04-23T16:28:18.296320" elapsed="0.003011"/>
</if>
<kw name="Run Keyword And Return Status" owner="BuiltIn">
<var>${str_nava_tag}</var>
<arg>Should Contain</arg>
<arg>${type}</arg>
<arg>nav-link</arg>
<doc>Runs the given keyword with given arguments and returns the status as a Boolean value.</doc>
<status status="NOT RUN" start="2025-04-23T16:28:18.299331" elapsed="0.000000"/>
</kw>
<if>
<branch type="IF" condition="${str_nava_tag}">
<kw name="Log To Console" owner="BuiltIn">
<arg>Link name is ${item['name']}</arg>
<doc>Logs the given message to the console.</doc>
<status status="NOT RUN" start="2025-04-23T16:28:18.300347" elapsed="0.000000"/>
</kw>
<kw name="Log To Console" owner="BuiltIn">
<arg>A Tag name is ${item['name']}</arg>
<doc>Logs the given message to the console.</doc>
<status status="NOT RUN" start="2025-04-23T16:28:18.300347" elapsed="0.000000"/>
</kw>
<kw name="Log To Console" owner="BuiltIn">
<arg>${str_nava_tag}</arg>
<doc>Logs the given message to the console.</doc>
<status status="NOT RUN" start="2025-04-23T16:28:18.300347" elapsed="0.001004"/>
</kw>
<kw name="Set Variable" owner="BuiltIn">
<var>${spec}</var>
<arg>${item['name']}</arg>
<doc>Returns the given values which can then be assigned to a variables.</doc>
<status status="NOT RUN" start="2025-04-23T16:28:18.301351" elapsed="0.000000"/>
</kw>
<kw name="Run Keyword And Return Status" owner="BuiltIn">
<var>${contains_left_brace}</var>
<arg>Should Contain</arg>
<arg>${spec}</arg>
<arg>{</arg>
<doc>Runs the given keyword with given arguments and returns the status as a Boolean value.</doc>
<status status="NOT RUN" start="2025-04-23T16:28:18.301351" elapsed="0.001021"/>
</kw>
<kw name="Log To Console" owner="BuiltIn">
<arg>${spec}</arg>
<doc>Logs the given message to the console.</doc>
<status status="NOT RUN" start="2025-04-23T16:28:18.302372" elapsed="0.000000"/>
</kw>
<kw name="Log To Console" owner="BuiltIn">
<arg>${contains_left_brace}</arg>
<doc>Logs the given message to the console.</doc>
<status status="NOT RUN" start="2025-04-23T16:28:18.302372" elapsed="0.000000"/>
</kw>
<if>
<branch type="IF" condition="${contains_left_brace}">
<kw name="Replace String" owner="String">
<var>${spec_var}</var>
<arg>${spec}</arg>
<arg>{</arg>
<arg>${EMPTY}</arg>
<doc>Replaces ``search_for`` in the given ``string`` with ``replace_with``.</doc>
<status status="NOT RUN" start="2025-04-23T16:28:18.303387" elapsed="0.000000"/>
</kw>
<kw name="Replace String" owner="String">
<var>${spec_var}</var>
<arg>${spec_var}</arg>
<arg>}</arg>
<arg>${EMPTY}</arg>
<doc>Replaces ``search_for`` in the given ``string`` with ``replace_with``.</doc>
<status status="NOT RUN" start="2025-04-23T16:28:18.303387" elapsed="0.001004"/>
</kw>
<kw name="Wait Until Element Is Visible" owner="SeleniumLibrary">
<arg>xpath=//a[contains(.,'${objdata['${spec_var}']}')]</arg>
<doc>Waits until the element ``locator`` is visible.</doc>
<status status="NOT RUN" start="2025-04-23T16:28:18.304391" elapsed="0.000000"/>
</kw>
<kw name="Click Element" owner="SeleniumLibrary">
<arg>xpath=//a[contains(.,'${objdata['${spec_var}']}')]</arg>
<doc>Click the element identified by ``locator``.</doc>
<status status="NOT RUN" start="2025-04-23T16:28:18.305387" elapsed="0.000000"/>
</kw>
<kw name="Sleep" owner="BuiltIn">
<arg>1s</arg>
<doc>Pauses the test executed for the given time.</doc>
<status status="NOT RUN" start="2025-04-23T16:28:18.305899" elapsed="0.000000"/>
</kw>
<continue>
<status status="NOT RUN" start="2025-04-23T16:28:18.305899" elapsed="0.000000"/>
</continue>
<status status="NOT RUN" start="2025-04-23T16:28:18.303387" elapsed="0.002512"/>
</branch>
<status status="NOT RUN" start="2025-04-23T16:28:18.303387" elapsed="0.002512"/>
</if>
<status status="NOT RUN" start="2025-04-23T16:28:18.299331" elapsed="0.006568"/>
</branch>
<status status="NOT RUN" start="2025-04-23T16:28:18.299331" elapsed="0.007580"/>
</if>
<kw name="Run Keyword And Return Status" owner="BuiltIn">
<var>${str_link}</var>
<arg>Should Contain</arg>
<arg>${type}</arg>
<arg>link</arg>
<doc>Runs the given keyword with given arguments and returns the status as a Boolean value.</doc>
<status status="NOT RUN" start="2025-04-23T16:28:18.306911" elapsed="0.000000"/>
</kw>
<if>
<branch type="IF" condition="${str_link}">
<kw name="Run Keyword And Return Status" owner="BuiltIn">
<var>${str_a_tag}</var>
<arg>Should Contain</arg>
<arg>${item['tag']}</arg>
<arg>td_a_tag</arg>
<doc>Runs the given keyword with given arguments and returns the status as a Boolean value.</doc>
<status status="NOT RUN" start="2025-04-23T16:28:18.306911" elapsed="0.000000"/>
</kw>
<if>
<branch type="IF" condition="${str_a_tag}">
<kw name="Log To Console" owner="BuiltIn">
<arg>A Tag name is ${item['name']}</arg>
<doc>Logs the given message to the console.</doc>
<status status="NOT RUN" start="2025-04-23T16:28:18.308424" elapsed="0.000000"/>
</kw>
<kw name="Log To Console" owner="BuiltIn">
<arg>${str_a_tag}</arg>
<doc>Logs the given message to the console.</doc>
<status status="NOT RUN" start="2025-04-23T16:28:18.308424" elapsed="0.000000"/>
</kw>
<kw name="Set Variable" owner="BuiltIn">
<var>${spec}</var>
<arg>${item['name']}</arg>
<doc>Returns the given values which can then be assigned to a variables.</doc>
<status status="NOT RUN" start="2025-04-23T16:28:18.309432" elapsed="0.000000"/>
</kw>
<kw name="Run Keyword And Return Status" owner="BuiltIn">
<var>${contains_left_brace}</var>
<arg>Should Contain</arg>
<arg>${spec}</arg>
<arg>{</arg>
<doc>Runs the given keyword with given arguments and returns the status as a Boolean value.</doc>
<status status="NOT RUN" start="2025-04-23T16:28:18.309432" elapsed="0.000000"/>
</kw>
<kw name="Log To Console" owner="BuiltIn">
<arg>${spec}</arg>
<doc>Logs the given message to the console.</doc>
<status status="NOT RUN" start="2025-04-23T16:28:18.309432" elapsed="0.001011"/>
</kw>
<kw name="Log To Console" owner="BuiltIn">
<arg>${contains_left_brace}</arg>
<doc>Logs the given message to the console.</doc>
<status status="NOT RUN" start="2025-04-23T16:28:18.310443" elapsed="0.000000"/>
</kw>
<if>
<branch type="IF" condition="${contains_left_brace}">
<kw name="Replace String" owner="String">
<var>${spec_var}</var>
<arg>${spec}</arg>
<arg>{</arg>
<arg>${EMPTY}</arg>
<doc>Replaces ``search_for`` in the given ``string`` with ``replace_with``.</doc>
<status status="NOT RUN" start="2025-04-23T16:28:18.311444" elapsed="0.000000"/>
</kw>
<kw name="Replace String" owner="String">
<var>${spec_var}</var>
<arg>${spec_var}</arg>
<arg>}</arg>
<arg>${EMPTY}</arg>
<doc>Replaces ``search_for`` in the given ``string`` with ``replace_with``.</doc>
<status status="NOT RUN" start="2025-04-23T16:28:18.311444" elapsed="0.000000"/>
</kw>
<kw name="Click Button Based on Td Value" owner="gui_resources">
<arg>${objdata['${spec_var}']}</arg>
<arg>${type}</arg>
<status status="NOT RUN" start="2025-04-23T16:28:18.312453" elapsed="0.000000"/>
</kw>
<status status="NOT RUN" start="2025-04-23T16:28:18.310443" elapsed="0.002010"/>
</branch>
<status status="NOT RUN" start="2025-04-23T16:28:18.310443" elapsed="0.002010"/>
</if>
<status status="NOT RUN" start="2025-04-23T16:28:18.306911" elapsed="0.005542"/>
</branch>
<branch type="ELSE">
<kw name="Log To Console" owner="BuiltIn">
<arg>Link name is ${item['name']}</arg>
<doc>Logs the given message to the console.</doc>
<status status="NOT RUN" start="2025-04-23T16:28:18.313453" elapsed="0.000000"/>
</kw>
<kw name="Wait Until Element Is Not Visible" owner="SeleniumLibrary">
<arg>xpath=//div[@class='blockUI blockOverlay']</arg>
<doc>Waits until the element ``locator`` is not visible.</doc>
<status status="NOT RUN" start="2025-04-23T16:28:18.313964" elapsed="0.000000"/>
</kw>
<kw name="Wait Until Element Is Visible" owner="SeleniumLibrary">
<arg>${item['selector']}:${item['name']}</arg>
<doc>Waits until the element ``locator`` is visible.</doc>
<status status="NOT RUN" start="2025-04-23T16:28:18.313964" elapsed="0.000000"/>
</kw>
<kw name="Wait Until Element Is Enabled" owner="SeleniumLibrary">
<arg>${item['selector']}:${item['name']}</arg>
<doc>Waits until the element ``locator`` is enabled.</doc>
<status status="NOT RUN" start="2025-04-23T16:28:18.314975" elapsed="0.000000"/>
</kw>
<kw name="Click Link" owner="SeleniumLibrary">
<arg>${item['selector']}=${item['name']}</arg>
<doc>Clicks a link identified by ``locator``.</doc>
<status status="NOT RUN" start="2025-04-23T16:28:18.314975" elapsed="0.000000"/>
</kw>
<kw name="Sleep" owner="BuiltIn">
<arg>0.5s</arg>
<doc>Pauses the test executed for the given time.</doc>
<status status="NOT RUN" start="2025-04-23T16:28:18.315975" elapsed="0.000000"/>
</kw>
<status status="NOT RUN" start="2025-04-23T16:28:18.312453" elapsed="0.003522"/>
</branch>
<status status="NOT RUN" start="2025-04-23T16:28:18.306911" elapsed="0.009064"/>
</if>
<kw name="Sleep" owner="BuiltIn">
<arg>1s</arg>
<doc>Pauses the test executed for the given time.</doc>
<status status="NOT RUN" start="2025-04-23T16:28:18.315975" elapsed="0.000000"/>
</kw>
<continue>
<status status="NOT RUN" start="2025-04-23T16:28:18.315975" elapsed="0.001000"/>
</continue>
<status status="NOT RUN" start="2025-04-23T16:28:18.306911" elapsed="0.010064"/>
</branch>
<status status="NOT RUN" start="2025-04-23T16:28:18.306911" elapsed="0.010064"/>
</if>
<kw name="Run Keyword And Return Status" owner="BuiltIn">
<var>${str_h2}</var>
<arg>Should Contain</arg>
<arg>${type}</arg>
<arg>h2</arg>
<doc>Runs the given keyword with given arguments and returns the status as a Boolean value.</doc>
<status status="NOT RUN" start="2025-04-23T16:28:18.316975" elapsed="0.000000"/>
</kw>
<if>
<branch type="IF" condition="${str_h2}">
<kw name="Log To Console" owner="BuiltIn">
<arg>${item['name']}</arg>
<doc>Logs the given message to the console.</doc>
<status status="NOT RUN" start="2025-04-23T16:28:18.316975" elapsed="0.000000"/>
</kw>
<kw name="Set Variable" owner="BuiltIn">
<var>${spec}</var>
<arg>${item['name']}</arg>
<doc>Returns the given values which can then be assigned to a variables.</doc>
<status status="NOT RUN" start="2025-04-23T16:28:18.316975" elapsed="0.000000"/>
</kw>
<kw name="Run Keyword And Return Status" owner="BuiltIn">
<var>${contains_left_brace}</var>
<arg>Should Contain</arg>
<arg>${spec}</arg>
<arg>{</arg>
<doc>Runs the given keyword with given arguments and returns the status as a Boolean value.</doc>
<status status="NOT RUN" start="2025-04-23T16:28:18.318583" elapsed="0.000000"/>
</kw>
<kw name="Log To Console" owner="BuiltIn">
<arg>${spec}</arg>
<doc>Logs the given message to the console.</doc>
<status status="NOT RUN" start="2025-04-23T16:28:18.318583" elapsed="0.000510"/>
</kw>
<kw name="Log To Console" owner="BuiltIn">
<arg>${contains_left_brace}</arg>
<doc>Logs the given message to the console.</doc>
<status status="NOT RUN" start="2025-04-23T16:28:18.319093" elapsed="0.000000"/>
</kw>
<if>
<branch type="IF" condition="${contains_left_brace}">
<kw name="Replace String" owner="String">
<var>${spec_var}</var>
<arg>${spec}</arg>
<arg>{</arg>
<arg>${EMPTY}</arg>
<doc>Replaces ``search_for`` in the given ``string`` with ``replace_with``.</doc>
<status status="NOT RUN" start="2025-04-23T16:28:18.319093" elapsed="0.001011"/>
</kw>
<kw name="Replace String" owner="String">
<var>${spec_var}</var>
<arg>${spec_var}</arg>
<arg>}</arg>
<arg>${EMPTY}</arg>
<doc>Replaces ``search_for`` in the given ``string`` with ``replace_with``.</doc>
<status status="NOT RUN" start="2025-04-23T16:28:18.320104" elapsed="0.000000"/>
</kw>
<kw name="Wait Until Element Is Not Visible" owner="SeleniumLibrary">
<arg>xpath=//h2[@${item['selector']}='${spec_var}' and text()='${objdata['${spec_var}']}']</arg>
<doc>Waits until the element ``locator`` is not visible.</doc>
<status status="NOT RUN" start="2025-04-23T16:28:18.320104" elapsed="0.000000"/>
</kw>
<status status="NOT RUN" start="2025-04-23T16:28:18.319093" elapsed="0.001011"/>
</branch>
<branch type="ELSE">
<kw name="Wait Until Element Is Not Visible" owner="SeleniumLibrary">
<arg>xpath=//h2[@${item['selector']}='${item['name']}']</arg>
<doc>Waits until the element ``locator`` is not visible.</doc>
<status status="NOT RUN" start="2025-04-23T16:28:18.321614" elapsed="0.000000"/>
</kw>
<status status="NOT RUN" start="2025-04-23T16:28:18.320104" elapsed="0.001510"/>
</branch>
<status status="NOT RUN" start="2025-04-23T16:28:18.319093" elapsed="0.002521"/>
</if>
<kw name="Sleep" owner="BuiltIn">
<arg>1s</arg>
<doc>Pauses the test executed for the given time.</doc>
<status status="NOT RUN" start="2025-04-23T16:28:18.321614" elapsed="0.000000"/>
</kw>
<continue>
<status status="NOT RUN" start="2025-04-23T16:28:18.321614" elapsed="0.001018"/>
</continue>
<status status="NOT RUN" start="2025-04-23T16:28:18.316975" elapsed="0.005657"/>
</branch>
<status status="NOT RUN" start="2025-04-23T16:28:18.316975" elapsed="0.005657"/>
</if>
<kw name="Run Keyword And Return Status" owner="BuiltIn">
<var>${str_loading}</var>
<arg>Should Contain</arg>
<arg>${type}</arg>
<arg>loading</arg>
<doc>Runs the given keyword with given arguments and returns the status as a Boolean value.</doc>
<status status="NOT RUN" start="2025-04-23T16:28:18.322632" elapsed="0.000000"/>
</kw>
<if>
<branch type="IF" condition="${str_loading}">
<kw name="Log To Console" owner="BuiltIn">
<arg>${item['name']}</arg>
<doc>Logs the given message to the console.</doc>
<status status="NOT RUN" start="2025-04-23T16:28:18.323640" elapsed="0.000000"/>
</kw>
<kw name="Wait Until Element Is Not Visible" owner="SeleniumLibrary">
<arg>${item['selector']}=${item['name']}</arg>
<doc>Waits until the element ``locator`` is not visible.</doc>
<status status="NOT RUN" start="2025-04-23T16:28:18.323640" elapsed="0.000996"/>
</kw>
<kw name="Sleep" owner="BuiltIn">
<arg>1s</arg>
<doc>Pauses the test executed for the given time.</doc>
<status status="NOT RUN" start="2025-04-23T16:28:18.324636" elapsed="0.000000"/>
</kw>
<continue>
<status status="NOT RUN" start="2025-04-23T16:28:18.324636" elapsed="0.000000"/>
</continue>
<status status="NOT RUN" start="2025-04-23T16:28:18.323640" elapsed="0.001988"/>
</branch>
<status status="NOT RUN" start="2025-04-23T16:28:18.322632" elapsed="0.002996"/>
</if>
<kw name="Run Keyword And Return Status" owner="BuiltIn">
<var>${str_modal}</var>
<arg>Should Contain</arg>
<arg>${type}</arg>
<arg>div</arg>
<doc>Runs the given keyword with given arguments and returns the status as a Boolean value.</doc>
<status status="NOT RUN" start="2025-04-23T16:28:18.325628" elapsed="0.000000"/>
</kw>
<if>
<branch type="IF" condition="${str_modal}">
<kw name="Run Keyword And Return Status" owner="BuiltIn">
<var>${str_select}</var>
<arg>Should Contain</arg>
<arg>${item['tag']}</arg>
<arg>select</arg>
<doc>Runs the given keyword with given arguments and returns the status as a Boolean value.</doc>
<status status="NOT RUN" start="2025-04-23T16:28:18.326628" elapsed="0.000000"/>
</kw>
<if>
<branch type="IF" condition="${str_select}">
<kw name="Log To Console" owner="BuiltIn">
<arg>${item['name']}</arg>
<doc>Logs the given message to the console.</doc>
<status status="NOT RUN" start="2025-04-23T16:28:18.326628" elapsed="0.000000"/>
</kw>
<kw name="Set Variable" owner="BuiltIn">
<var>${spec}</var>
<arg>${item['name']}</arg>
<doc>Returns the given values which can then be assigned to a variables.</doc>
<status status="NOT RUN" start="2025-04-23T16:28:18.326628" elapsed="0.001514"/>
</kw>
<kw name="Run Keyword And Return Status" owner="BuiltIn">
<var>${contains_left_brace}</var>
<arg>Should Contain</arg>
<arg>${spec}</arg>
<arg>{</arg>
<doc>Runs the given keyword with given arguments and returns the status as a Boolean value.</doc>
<status status="NOT RUN" start="2025-04-23T16:28:18.328142" elapsed="0.000000"/>
</kw>
<kw name="Log To Console" owner="BuiltIn">
<arg>${spec}</arg>
<doc>Logs the given message to the console.</doc>
<status status="NOT RUN" start="2025-04-23T16:28:18.328142" elapsed="0.000000"/>
</kw>
<kw name="Log To Console" owner="BuiltIn">
<arg>${contains_left_brace}</arg>
<doc>Logs the given message to the console.</doc>
<status status="NOT RUN" start="2025-04-23T16:28:18.329153" elapsed="0.000000"/>
</kw>
<if>
<branch type="IF" condition="${contains_left_brace}">
<kw name="Replace String" owner="String">
<var>${spec_var}</var>
<arg>${spec}</arg>
<arg>{</arg>
<arg>${EMPTY}</arg>
<doc>Replaces ``search_for`` in the given ``string`` with ``replace_with``.</doc>
<status status="NOT RUN" start="2025-04-23T16:28:18.329153" elapsed="0.001015"/>
</kw>
<kw name="Replace String" owner="String">
<var>${spec_var}</var>
<arg>${spec_var}</arg>
<arg>}</arg>
<arg>${EMPTY}</arg>
<doc>Replaces ``search_for`` in the given ``string`` with ``replace_with``.</doc>
[...]
</kw>
<kw name="Replace String" owner="String">
<var>${spec_var}</var>
<arg>${spec_var}</arg>
<arg>}</arg>
<arg>${EMPTY}</arg>
<doc>Replaces ``search_for`` in the given ``string`` with ``replace_with``.</doc>
<status status="NOT RUN" start="2025-04-23T16:28:39.865175" elapsed="0.000000"/>
</kw>
<kw name="Run Keyword And Return Status" owner="BuiltIn">
<var>${str_class}</var>
<arg>Should Contain</arg>
<arg>${item['selector']}</arg>
<arg>class</arg>
<doc>Runs the given keyword with given arguments and returns the status as a Boolean value.</doc>
<status status="NOT RUN" start="2025-04-23T16:28:39.866193" elapsed="0.000000"/>
</kw>
<if>
<branch type="IF" condition="${str_class}">
<kw name="Run Keyword And Return Status" owner="BuiltIn">
<var>${contains_left_bracket}</var>
<arg>Should Contain</arg>
<arg>${spec_var}</arg>
<arg>[</arg>
<doc>Runs the given keyword with given arguments and returns the status as a Boolean value.</doc>
<status status="NOT RUN" start="2025-04-23T16:28:39.867194" elapsed="0.000000"/>
</kw>
<if>
<branch type="IF" condition="${contains_left_bracket}">
<kw name="Replace String" owner="String">
<var>${cleaned_string}</var>
<arg>${spec_var}</arg>
<arg>[</arg>
<arg>${EMPTY}</arg>
<doc>Replaces ``search_for`` in the given ``string`` with ``replace_with``.</doc>
<status status="NOT RUN" start="2025-04-23T16:28:39.868196" elapsed="0.000000"/>
</kw>
<kw name="Replace String Using Regexp" owner="String">
<var>${cleaned_string}</var>
<arg>${cleaned_string}</arg>
<arg>\\d*</arg>
<arg>${EMPTY}</arg>
<doc>Replaces ``pattern`` in the given ``string`` with ``replace_with``.</doc>
<status status="NOT RUN" start="2025-04-23T16:28:39.868196" elapsed="0.001017"/>
</kw>
<kw name="Replace String" owner="String">
<var>${cleaned_string}</var>
<arg>${cleaned_string}</arg>
<arg>]</arg>
<arg>${EMPTY}</arg>
<doc>Replaces ``search_for`` in the given ``string`` with ``replace_with``.</doc>
<status status="NOT RUN" start="2025-04-23T16:28:39.869213" elapsed="0.000000"/>
</kw>
<kw name="Log To Console" owner="BuiltIn">
<arg>${cleaned_string}</arg>
<doc>Logs the given message to the console.</doc>
<status status="NOT RUN" start="2025-04-23T16:28:39.869213" elapsed="0.001020"/>
</kw>
<kw name="Wait Until Element Is Visible" owner="SeleniumLibrary">
<arg>//div[contains(@${item['selector']},'${cleaned_string}') and text()='${objdata['${spec_var}']}']</arg>
<arg>timeout=2s</arg>
<doc>Waits until the element ``locator`` is visible.</doc>
<status status="NOT RUN" start="2025-04-23T16:28:39.870233" elapsed="0.000000"/>
</kw>
<kw name="Click Element" owner="SeleniumLibrary">
<arg>xpath=//div[contains(@${item['selector']},'${cleaned_string}') and text()='${objdata['${spec_var}']}']</arg>
<doc>Click the element identified by ``locator``.</doc>
<status status="NOT RUN" start="2025-04-23T16:28:39.870233" elapsed="0.000999"/>
</kw>
<status status="NOT RUN" start="2025-04-23T16:28:39.867194" elapsed="0.004038"/>
</branch>
<branch type="ELSE">
<kw name="Wait Until Element Is Visible" owner="SeleniumLibrary">
<arg>//div[contains(@${item['selector']},'${spec_var}') and text()='${objdata['${spec_var}']}']</arg>
<arg>timeout=2s</arg>
<doc>Waits until the element ``locator`` is visible.</doc>
<status status="NOT RUN" start="2025-04-23T16:28:39.871232" elapsed="0.000000"/>
</kw>
<kw name="Click Element" owner="SeleniumLibrary">
<arg>xpath=//div[contains(@${item['selector']},'${spec_var}') and text()='${objdata['${spec_var}']}']</arg>
<doc>Click the element identified by ``locator``.</doc>
<status status="NOT RUN" start="2025-04-23T16:28:39.872244" elapsed="0.000000"/>
</kw>
<status status="NOT RUN" start="2025-04-23T16:28:39.871232" elapsed="0.001012"/>
</branch>
<status status="NOT RUN" start="2025-04-23T16:28:39.867194" elapsed="0.005050"/>
</if>
<status status="NOT RUN" start="2025-04-23T16:28:39.866193" elapsed="0.006051"/>
</branch>
<status status="NOT RUN" start="2025-04-23T16:28:39.866193" elapsed="0.006051"/>
</if>
<status status="NOT RUN" start="2025-04-23T16:28:39.864160" elapsed="0.008084"/>
</branch>
<branch type="ELSE">
<kw name="Run Keyword And Return Status" owner="BuiltIn">
<var>${str_class}</var>
<arg>Should Contain</arg>
<arg>${item['selector']}</arg>
<arg>class</arg>
<doc>Runs the given keyword with given arguments and returns the status as a Boolean value.</doc>
<status status="NOT RUN" start="2025-04-23T16:28:39.873248" elapsed="0.000000"/>
</kw>
<if>
<branch type="IF" condition="${str_class}">
<kw name="Wait Until Element Is Visible" owner="SeleniumLibrary">
<arg>//div[contains(@${item['selector']},'${item['name']}')]</arg>
<arg>timeout=2s</arg>
<doc>Waits until the element ``locator`` is visible.</doc>
<status status="NOT RUN" start="2025-04-23T16:28:39.873248" elapsed="0.000000"/>
</kw>
<kw name="Log To Console" owner="BuiltIn">
<arg>element name class ${item['name']}</arg>
<doc>Logs the given message to the console.</doc>
<status status="NOT RUN" start="2025-04-23T16:28:39.874761" elapsed="0.000000"/>
</kw>
<kw name="Click Element" owner="SeleniumLibrary">
<arg>xpath=//div[@${item['selector']}='${item['name']}']</arg>
<doc>Click the element identified by ``locator``.</doc>
<status status="NOT RUN" start="2025-04-23T16:28:39.874761" elapsed="0.000000"/>
</kw>
<kw name="Sleep" owner="BuiltIn">
<arg>1s</arg>
<doc>Pauses the test executed for the given time.</doc>
<status status="NOT RUN" start="2025-04-23T16:28:39.874761" elapsed="0.001027"/>
</kw>
<status status="NOT RUN" start="2025-04-23T16:28:39.873248" elapsed="0.002540"/>
</branch>
<branch type="ELSE">
<kw name="Wait Until Element Is Visible" owner="SeleniumLibrary">
<arg>//div[@${item['selector']}='${item['name']}']</arg>
<arg>timeout=2s</arg>
<doc>Waits until the element ``locator`` is visible.</doc>
<status status="NOT RUN" start="2025-04-23T16:28:39.875788" elapsed="0.000000"/>
</kw>
<kw name="Log To Console" owner="BuiltIn">
<arg>element name ${item['name']}</arg>
<doc>Logs the given message to the console.</doc>
<status status="NOT RUN" start="2025-04-23T16:28:39.876781" elapsed="0.000000"/>
</kw>
<kw name="Click Element" owner="SeleniumLibrary">
<arg>xpath=//div[@${item['selector']}='${item['name']}']</arg>
<doc>Click the element identified by ``locator``.</doc>
<status status="NOT RUN" start="2025-04-23T16:28:39.876781" elapsed="0.000000"/>
</kw>
<kw name="Sleep" owner="BuiltIn">
<arg>1s</arg>
<doc>Pauses the test executed for the given time.</doc>
<status status="NOT RUN" start="2025-04-23T16:28:39.876781" elapsed="0.000000"/>
</kw>
<status status="NOT RUN" start="2025-04-23T16:28:39.875788" elapsed="0.000993"/>
</branch>
<status status="NOT RUN" start="2025-04-23T16:28:39.873248" elapsed="0.005051"/>
</if>
<status status="NOT RUN" start="2025-04-23T16:28:39.872244" elapsed="0.006055"/>
</branch>
<status status="NOT RUN" start="2025-04-23T16:28:39.864160" elapsed="0.014139"/>
</if>
<status status="NOT RUN" start="2025-04-23T16:28:39.860623" elapsed="0.017676"/>
</branch>
<branch type="ELSE">
<kw name="Log To Console" owner="BuiltIn">
<arg>${item['name']}</arg>
<doc>Logs the given message to the console.</doc>
<status status="NOT RUN" start="2025-04-23T16:28:39.878299" elapsed="0.000000"/>
</kw>
<kw name="Set Variable" owner="BuiltIn">
<var>${spec}</var>
<arg>${item['name']}</arg>
<doc>Returns the given values which can then be assigned to a variables.</doc>
<status status="NOT RUN" start="2025-04-23T16:28:39.879322" elapsed="0.000000"/>
</kw>
<kw name="Run Keyword And Return Status" owner="BuiltIn">
<var>${contains_left_brace}</var>
<arg>Should Contain</arg>
<arg>${spec}</arg>
<arg>{</arg>
<doc>Runs the given keyword with given arguments and returns the status as a Boolean value.</doc>
<status status="NOT RUN" start="2025-04-23T16:28:39.879322" elapsed="0.000000"/>
</kw>
<kw name="Log To Console" owner="BuiltIn">
<arg>${spec}</arg>
<doc>Logs the given message to the console.</doc>
<status status="NOT RUN" start="2025-04-23T16:28:39.880340" elapsed="0.000000"/>
</kw>
<kw name="Log To Console" owner="BuiltIn">
<arg>${contains_left_brace}</arg>
<doc>Logs the given message to the console.</doc>
<status status="NOT RUN" start="2025-04-23T16:28:39.880340" elapsed="0.000000"/>
</kw>
<if>
<branch type="IF" condition="${contains_left_brace}">
<kw name="Replace String" owner="String">
<var>${spec_var}</var>
<arg>${spec}</arg>
<arg>{</arg>
<arg>${EMPTY}</arg>
<doc>Replaces ``search_for`` in the given ``string`` with ``replace_with``.</doc>
<status status="NOT RUN" start="2025-04-23T16:28:39.881338" elapsed="0.000000"/>
</kw>
<kw name="Replace String" owner="String">
<var>${spec_var}</var>
<arg>${spec_var}</arg>
<arg>}</arg>
<arg>${EMPTY}</arg>
<doc>Replaces ``search_for`` in the given ``string`` with ``replace_with``.</doc>
<status status="NOT RUN" start="2025-04-23T16:28:39.881338" elapsed="0.001017"/>
</kw>
<kw name="Run Keyword And Return Status" owner="BuiltIn">
<var>${str_class}</var>
<arg>Should Contain</arg>
<arg>${item['selector']}</arg>
<arg>class</arg>
<doc>Runs the given keyword with given arguments and returns the status as a Boolean value.</doc>
<status status="NOT RUN" start="2025-04-23T16:28:39.882355" elapsed="0.000000"/>
</kw>
<if>
<branch type="IF" condition="${str_class}">
<kw name="Wait Until Element Is Visible" owner="SeleniumLibrary">
<arg>//div[contains(@${item['selector']},'${spec_Var}')]</arg>
<arg>timeout=2s</arg>
<doc>Waits until the element ``locator`` is visible.</doc>
<status status="NOT RUN" start="2025-04-23T16:28:39.883372" elapsed="0.000000"/>
</kw>
<status status="NOT RUN" start="2025-04-23T16:28:39.882355" elapsed="0.001017"/>
</branch>
<branch type="ELSE">
<kw name="Wait Until Element Is Visible" owner="SeleniumLibrary">
<arg>//div[@${item['selector']}='${spec_Var}']</arg>
<arg>timeout=2s</arg>
<doc>Waits until the element ``locator`` is visible.</doc>
<status status="NOT RUN" start="2025-04-23T16:28:39.884891" elapsed="0.000000"/>
</kw>
<status status="NOT RUN" start="2025-04-23T16:28:39.884375" elapsed="0.000516"/>
</branch>
<status status="NOT RUN" start="2025-04-23T16:28:39.882355" elapsed="0.002536"/>
</if>
<status status="NOT RUN" start="2025-04-23T16:28:39.880340" elapsed="0.004551"/>
</branch>
<branch type="ELSE">
<kw name="Run Keyword And Return Status" owner="BuiltIn">
<var>${str_class}</var>
<arg>Should Contain</arg>
<arg>${item['selector']}</arg>
<arg>class</arg>
<doc>Runs the given keyword with given arguments and returns the status as a Boolean value.</doc>
<status status="NOT RUN" start="2025-04-23T16:28:39.885911" elapsed="0.000000"/>
</kw>
<if>
<branch type="IF" condition="${str_class}">
<kw name="Wait Until Element Is Visible" owner="SeleniumLibrary">
<arg>//div[contains(@${item['selector']},'${item['name']}')]</arg>
<arg>timeout=2s</arg>
<doc>Waits until the element ``locator`` is visible.</doc>
<status status="NOT RUN" start="2025-04-23T16:28:39.886911" elapsed="0.000000"/>
</kw>
<status status="NOT RUN" start="2025-04-23T16:28:39.885911" elapsed="0.001000"/>
</branch>
<branch type="ELSE">
<kw name="Wait Until Element Is Visible" owner="SeleniumLibrary">
<arg>//div[@${item['selector']}='${item['name']}']</arg>
<arg>timeout=2s</arg>
<doc>Waits until the element ``locator`` is visible.</doc>
<status status="NOT RUN" start="2025-04-23T16:28:39.886911" elapsed="0.000000"/>
</kw>
<status status="NOT RUN" start="2025-04-23T16:28:39.886911" elapsed="0.000000"/>
</branch>
<status status="NOT RUN" start="2025-04-23T16:28:39.885911" elapsed="0.001000"/>
</if>
<status status="NOT RUN" start="2025-04-23T16:28:39.884891" elapsed="0.003538"/>
</branch>
<status status="NOT RUN" start="2025-04-23T16:28:39.880340" elapsed="0.008089"/>
</if>
<status status="NOT RUN" start="2025-04-23T16:28:39.878299" elapsed="0.010130"/>
</branch>
<status status="NOT RUN" start="2025-04-23T16:28:39.860623" elapsed="0.027806"/>
</if>
<kw name="Sleep" owner="BuiltIn">
<arg>1s</arg>
<doc>Pauses the test executed for the given time.</doc>
<status status="NOT RUN" start="2025-04-23T16:28:39.888429" elapsed="0.000000"/>
</kw>
<continue>
<status status="NOT RUN" start="2025-04-23T16:28:39.888429" elapsed="0.001014"/>
</continue>
<status status="NOT RUN" start="2025-04-23T16:28:39.859605" elapsed="0.029838"/>
</branch>
<status status="NOT RUN" start="2025-04-23T16:28:39.859605" elapsed="0.029838"/>
</if>
<kw name="Run Keyword And Return Status" owner="BuiltIn">
<var>${str_cb}</var>
<arg>Should Contain</arg>
<arg>${type}</arg>
<arg>checkbox</arg>
<doc>Runs the given keyword with given arguments and returns the status as a Boolean value.</doc>
<status status="NOT RUN" start="2025-04-23T16:28:39.889443" elapsed="0.000000"/>
</kw>
<if>
<branch type="IF" condition="${str_cb}">
<kw name="Log To Console" owner="BuiltIn">
<arg>${item['name']}</arg>
<doc>Logs the given message to the console.</doc>
<status status="NOT RUN" start="2025-04-23T16:28:39.890464" elapsed="0.000000"/>
</kw>
<kw name="Set Variable" owner="BuiltIn">
<var>${spec}</var>
<arg>${item['name']}</arg>
<doc>Returns the given values which can then be assigned to a variables.</doc>
<status status="NOT RUN" start="2025-04-23T16:28:39.890464" elapsed="0.000000"/>
</kw>
<kw name="Run Keyword And Return Status" owner="BuiltIn">
<var>${contains_left_brace}</var>
<arg>Should Contain</arg>
<arg>${spec}</arg>
<arg>{</arg>
<doc>Runs the given keyword with given arguments and returns the status as a Boolean value.</doc>
<status status="NOT RUN" start="2025-04-23T16:28:39.891461" elapsed="0.000000"/>
</kw>
<kw name="Log To Console" owner="BuiltIn">
<arg>${spec}</arg>
<doc>Logs the given message to the console.</doc>
<status status="NOT RUN" start="2025-04-23T16:28:39.891461" elapsed="0.000000"/>
</kw>
<kw name="Log To Console" owner="BuiltIn">
<arg>${contains_left_brace}</arg>
<doc>Logs the given message to the console.</doc>
<status status="NOT RUN" start="2025-04-23T16:28:39.892482" elapsed="0.000000"/>
</kw>
<if>
<branch type="IF" condition="${contains_left_brace}">
<kw name="Replace String" owner="String">
<var>${spec_var}</var>
<arg>${spec}</arg>
<arg>{</arg>
<arg>${EMPTY}</arg>
<doc>Replaces ``search_for`` in the given ``string`` with ``replace_with``.</doc>
<status status="NOT RUN" start="2025-04-23T16:28:39.893501" elapsed="0.000000"/>
</kw>
<kw name="Replace String" owner="String">
<var>${spec_var}</var>
<arg>${spec_var}</arg>
<arg>}</arg>
<arg>${EMPTY}</arg>
<doc>Replaces ``search_for`` in the given ``string`` with ``replace_with``.</doc>
<status status="NOT RUN" start="2025-04-23T16:28:39.893501" elapsed="0.000000"/>
</kw>
<kw name="Get WebElement" owner="SeleniumLibrary">
<var>${checkbox}</var>
<arg>xpath=//table[@${item['selector']}='${spec_Var}']//td[text()='${objdata['${spec_var}']}']/preceding-sibling::td/input[@type='checkbox']</arg>
<doc>Returns the first WebElement matching the given ``locator``.</doc>
<status status="NOT RUN" start="2025-04-23T16:28:39.894499" elapsed="0.000000"/>
</kw>
<kw name="Click Element" owner="SeleniumLibrary">
<arg>${checkbox}</arg>
<doc>Click the element identified by ``locator``.</doc>
<status status="NOT RUN" start="2025-04-23T16:28:39.895020" elapsed="0.000000"/>
</kw>
<status status="NOT RUN" start="2025-04-23T16:28:39.892482" elapsed="0.002538"/>
</branch>
<branch type="ELSE">
<kw name="Select Frame" owner="SeleniumLibrary">
<arg>xpath=//iframe[contains(@src, 'recaptcha')]</arg>
<doc>Sets frame identified by ``locator`` as the current frame.</doc>
<status status="NOT RUN" start="2025-04-23T16:28:39.895020" elapsed="0.001024"/>
</kw>
<kw name="Wait Until Element Is Visible" owner="SeleniumLibrary">
<arg>xpath=//span[contains(@id,'recaptcha-anchor')]</arg>
<doc>Waits until the element ``locator`` is visible.</doc>
<status status="NOT RUN" start="2025-04-23T16:28:39.896044" elapsed="0.000000"/>
</kw>
<kw name="Get WebElement" owner="SeleniumLibrary">
<var>${checkbox}</var>
<arg>xpath=//span[contains(@${item['selector']},'${item['name']}')]</arg>
<doc>Returns the first WebElement matching the given ``locator``.</doc>
<status status="NOT RUN" start="2025-04-23T16:28:39.896044" elapsed="0.000000"/>
</kw>
<kw name="Click Element" owner="SeleniumLibrary">
<arg>${checkbox}</arg>
<doc>Click the element identified by ``locator``.</doc>
<status status="NOT RUN" start="2025-04-23T16:28:39.897042" elapsed="0.000000"/>
</kw>
<kw name="Sleep" owner="BuiltIn">
<arg>10s</arg>
<doc>Pauses the test executed for the given time.</doc>
<status status="NOT RUN" start="2025-04-23T16:28:39.897042" elapsed="0.000000"/>
</kw>
<kw name="Unselect Frame" owner="SeleniumLibrary">
<doc>Sets the main frame as the current frame.</doc>
<status status="NOT RUN" start="2025-04-23T16:28:39.897042" elapsed="0.000000"/>
</kw>
<status status="NOT RUN" start="2025-04-23T16:28:39.895020" elapsed="0.002022"/>
</branch>
<status status="NOT RUN" start="2025-04-23T16:28:39.892482" elapsed="0.006078"/>
</if>
<kw name="Sleep" owner="BuiltIn">
<arg>1s</arg>
<doc>Pauses the test executed for the given time.</doc>
<status status="NOT RUN" start="2025-04-23T16:28:39.898560" elapsed="0.000000"/>
</kw>
<continue>
<status status="NOT RUN" start="2025-04-23T16:28:39.898560" elapsed="0.000000"/>
</continue>
<status status="NOT RUN" start="2025-04-23T16:28:39.889443" elapsed="0.009117"/>
</branch>
<status status="NOT RUN" start="2025-04-23T16:28:39.889443" elapsed="0.009117"/>
</if>
<var name="${item}">{'tag': 'a', 'type': 'nav-link', 'selector': 'class', 'name': '{nav-item}'}</var>
<status status="FAIL" start="2025-04-23T16:28:29.190452" elapsed="10.708108">Element 'xpath=//a[contains(.,'Recruiter')]' not visible after 10 seconds.</status>
</iter>
<var>${item}</var>
<value>@{result}</value>
<status status="FAIL" start="2025-04-23T16:28:27.306721" elapsed="12.592856">Element 'xpath=//a[contains(.,'Recruiter')]' not visible after 10 seconds.</status>
</for>
<kw name="Sleep" owner="BuiltIn">
<arg>1s</arg>
<doc>Pauses the test executed for the given time.</doc>
<status status="NOT RUN" start="2025-04-23T16:28:39.899577" elapsed="0.000000"/>
</kw>
<arg>{"nav-link": "Dashboards", "nav-item": "Recruiter", "page-title-box": "Overview"}</arg>
<arg>dashboardrecruiter.yaml.template</arg>
<arg>index.html</arg>
<status status="FAIL" start="2025-04-23T16:28:24.742452" elapsed="15.158147">Element 'xpath=//a[contains(.,'Recruiter')]' not visible after 10 seconds.</status>
</kw>
<doc>dashboard_recruiter with Test  TC_BR_DR_001</doc>
<status status="FAIL" start="2025-04-23T16:28:24.736804" elapsed="15.163795">Element 'xpath=//a[contains(.,'Recruiter')]' not visible after 10 seconds.</status>
</test>
<kw name="Close Application" owner="gui_resources" type="TEARDOWN">
<kw name="Close Browser" owner="SeleniumLibrary">
<doc>Closes the current browser.</doc>
<status status="PASS" start="2025-04-23T16:28:39.902614" elapsed="3.564312"/>
</kw>
<status status="PASS" start="2025-04-23T16:28:39.902614" elapsed="3.565887"/>
</kw>
<doc>Gui Resources</doc>
<status status="FAIL" start="2025-04-23T16:28:05.904486" elapsed="37.564015"/>
</suite>
<status status="FAIL" start="2025-04-23T16:28:05.882642" elapsed="37.591015"/>
</suite>
<status status="FAIL" start="2025-04-23T16:28:05.825626" elapsed="37.651185"/>
</suite>
<statistics>
<total>
<stat pass="0" fail="1" skip="0">All Tests</stat>
</total>
<tag>
</tag>
<suite>
<stat pass="0" fail="1" skip="0" id="s1" name="Api">Api</stat>
<stat pass="0" fail="1" skip="0" id="s1-s1" name="User1">Api.User1</stat>
<stat pass="0" fail="1" skip="0" id="s1-s1-s1" name="Test Suite">Api.User1.Test Suite</stat>
</suite>
</statistics>
<errors>
</errors>
</robot>
