<?xml version="1.0" encoding="UTF-8"?>
<robot generator="Rebot 7.2 (Python 3.13.1 on win32)" generated="2025-04-24T09:49:14.976458" rpa="false" schemaversion="5">
<suite id="s1" name="Api" source="D:\RATTS_bluerise\RATTS\backend\Resource\generated_suite">
<suite id="s1-s1" name="User1" source="D:\RATTS_bluerise\RATTS\backend\Resource\generated_suite\user1">
<suite id="s1-s1-s1" name="Test Suite" source="D:\RATTS_bluerise\RATTS\backend\Resource\generated_suite\user1\test_suite.robot">
<test id="s1-s1-s1-t1" name="login Test Case TC_BR_Login_001" line="8">
<kw name="Open Application" owner="gui_resources" type="SETUP">
<kw name="Set Screenshot Directory" owner="SeleniumLibrary">
<arg>${SCREENSHOT_DIR}</arg>
<doc>Sets the directory for captured screenshots.</doc>
<status status="PASS" start="2025-04-24T09:48:40.924392" elapsed="0.001099"/>
</kw>
<kw name="Open Browser" owner="SeleniumLibrary">
<msg time="2025-04-24T09:48:40.926555" level="INFO">Opening browser 'Chrome' to base url 'https://test.bluerise.solutions/'.</msg>
<arg>${gui}</arg>
<arg>Chrome</arg>
<doc>Opens a new browser instance to the optional ``url``.</doc>
<status status="PASS" start="2025-04-24T09:48:40.925946" elapsed="12.707442"/>
</kw>
<kw name="Sleep" owner="BuiltIn">
<msg time="2025-04-24T09:48:54.635268" level="INFO">Slept 1 second.</msg>
<arg>1s</arg>
<doc>Pauses the test executed for the given time.</doc>
<status status="PASS" start="2025-04-24T09:48:53.634045" elapsed="1.001477"/>
</kw>
<kw name="Set Selenium Timeout" owner="SeleniumLibrary">
<arg>10</arg>
<doc>Sets the timeout that is used by various keywords.</doc>
<status status="PASS" start="2025-04-24T09:48:54.635993" elapsed="0.003401"/>
</kw>
<kw name="Maximize Browser Window" owner="SeleniumLibrary">
<doc>Maximizes current browser window.</doc>
<status status="PASS" start="2025-04-24T09:48:54.639932" elapsed="0.029479"/>
</kw>
<kw name="Get Title" owner="SeleniumLibrary">
<msg time="2025-04-24T09:48:54.684680" level="INFO">${dynamic_title} = Login | BlueRise</msg>
<var>${dynamic_title}</var>
<doc>Returns the title of the current page.</doc>
<status status="PASS" start="2025-04-24T09:48:54.669647" elapsed="0.015181"/>
</kw>
<kw name="Log To Console" owner="BuiltIn">
<arg>${dynamic_title}</arg>
<doc>Logs the given message to the console.</doc>
<status status="PASS" start="2025-04-24T09:48:54.685271" elapsed="0.000814"/>
</kw>
<kw name="Title Should Be" owner="SeleniumLibrary">
<msg time="2025-04-24T09:48:54.695663" level="INFO">Page title is 'Login | BlueRise'.</msg>
<arg>${dynamic_title}</arg>
<doc>Verifies that the current page title equals ``title``.</doc>
<status status="PASS" start="2025-04-24T09:48:54.686441" elapsed="0.009458"/>
</kw>
<status status="PASS" start="2025-04-24T09:48:40.923141" elapsed="13.773008"/>
</kw>
<kw name="Page Action" owner="gui_resources">
<kw name="Evaluate" owner="BuiltIn">
<msg time="2025-04-24T09:48:54.706312" level="INFO">${objdata} = {'username': 'rajeswari@bluerose-tech.com', 'password-input': 'U238Vr%*7i3Lgab', 'page-title-box': 'Overview'}</msg>
<var>${objdata}</var>
<arg>json.loads(r'''${str_objdata}''')</arg>
<arg>json</arg>
<doc>Evaluates the given expression in Python and returns the result.</doc>
<status status="PASS" start="2025-04-24T09:48:54.705534" elapsed="0.000853"/>
</kw>
<kw name="Log To Console" owner="BuiltIn">
<arg>Type of objdata: ${objdata.__class__.__name__}</arg>
<doc>Logs the given message to the console.</doc>
<status status="PASS" start="2025-04-24T09:48:54.706751" elapsed="0.001538"/>
</kw>
<kw name="Log To Console" owner="BuiltIn">
<arg>${objdata}</arg>
<doc>Logs the given message to the console.</doc>
<status status="PASS" start="2025-04-24T09:48:54.708465" elapsed="0.001040"/>
</kw>
<kw name="Get File" owner="OperatingSystem">
<msg time="2025-04-24T09:48:54.710694" level="INFO" html="true">Getting file '&lt;a href="file://D:\RATTS_bluerise\RATTS\backend\Data\Templates\guitemplates\login.yaml.template"&gt;D:\RATTS_bluerise\RATTS\backend\Data\Templates\guitemplates\login.yaml.template&lt;/a&gt;'.</msg>
<msg time="2025-04-24T09:48:54.725515" level="INFO">${yaml_content} = input   text         id  {username}
input   password     id  {password-input}
button  submit       class  btn-success
page   div        class   {page-title-box}</msg>
<var>${yaml_content}</var>
<arg>Data/Templates/guitemplates/${template_name}</arg>
<doc>Returns the contents of a specified file.</doc>
<status status="PASS" start="2025-04-24T09:48:54.710017" elapsed="0.015687"/>
</kw>
<kw name="Log To Console" owner="BuiltIn">
<arg>--- YAML Data ---</arg>
<doc>Logs the given message to the console.</doc>
<status status="PASS" start="2025-04-24T09:48:54.726549" elapsed="0.000956"/>
</kw>
<kw name="Log To Console" owner="BuiltIn">
<arg>${yaml_content}</arg>
<doc>Logs the given message to the console.</doc>
<status status="PASS" start="2025-04-24T09:48:54.728156" elapsed="0.000986"/>
</kw>
<kw name="Convert Template To Lists" owner="gui_resources">
<kw name="Split To Lines" owner="String">
<msg time="2025-04-24T09:48:54.730955" level="INFO">4 lines returned</msg>
<msg time="2025-04-24T09:48:54.731068" level="INFO">@{lines} = [ input   text         id  {username} | input   password     id  {password-input} | button  submit       class  btn-success | page   div        class   {page-title-box} ]</msg>
<var>@{lines}</var>
<arg>${yaml_content}</arg>
<doc>Splits the given string to lines.</doc>
<status status="PASS" start="2025-04-24T09:48:54.730748" elapsed="0.000355"/>
</kw>
<kw name="Create List" owner="BuiltIn">
<msg time="2025-04-24T09:48:54.731398" level="INFO">@{resls} = [ ]</msg>
<var>@{resls}</var>
<doc>Returns a list containing given items.</doc>
<status status="PASS" start="2025-04-24T09:48:54.731240" elapsed="0.000192"/>
</kw>
<for flavor="IN">
<iter>
<kw name="Split String" owner="String">
<msg time="2025-04-24T09:48:54.732555" level="INFO">@{ls} = [ input | text | id | {username} ]</msg>
<var>@{ls}</var>
<arg>${line}</arg>
<doc>Splits the ``string`` using ``separator`` as a delimiter string.</doc>
<status status="PASS" start="2025-04-24T09:48:54.731919" elapsed="0.000713"/>
</kw>
<kw name="Create Dictionary" owner="BuiltIn">
<msg time="2025-04-24T09:48:54.734106" level="INFO">&amp;{my_dict} = { tag=input | type=text | selector=id | name={username} }</msg>
<var>&amp;{my_dict}</var>
<arg>tag=${ls}[0]</arg>
<arg>type=${ls}[1]</arg>
<arg>selector=${ls}[2]</arg>
<arg>name=${ls}[3]</arg>
<doc>Creates and returns a dictionary based on the given ``items``.</doc>
<status status="PASS" start="2025-04-24T09:48:54.732888" elapsed="0.001318"/>
</kw>
<kw name="Append To List" owner="Collections">
<arg>${resls}</arg>
<arg>${my_dict}</arg>
<doc>Adds ``values`` to the end of ``list``.</doc>
<status status="PASS" start="2025-04-24T09:48:54.734746" elapsed="0.000645"/>
</kw>
<var name="${line}">input   text         id  {username}</var>
<status status="PASS" start="2025-04-24T09:48:54.731748" elapsed="0.003873"/>
</iter>
<iter>
<kw name="Split String" owner="String">
<msg time="2025-04-24T09:48:54.737846" level="INFO">@{ls} = [ input | password | id | {password-input} ]</msg>
<var>@{ls}</var>
<arg>${line}</arg>
<doc>Splits the ``string`` using ``separator`` as a delimiter string.</doc>
<status status="PASS" start="2025-04-24T09:48:54.736858" elapsed="0.001124"/>
</kw>
<kw name="Create Dictionary" owner="BuiltIn">
<msg time="2025-04-24T09:48:54.740159" level="INFO">&amp;{my_dict} = { tag=input | type=password | selector=id | name={password-input} }</msg>
<var>&amp;{my_dict}</var>
<arg>tag=${ls}[0]</arg>
<arg>type=${ls}[1]</arg>
<arg>selector=${ls}[2]</arg>
<arg>name=${ls}[3]</arg>
<doc>Creates and returns a dictionary based on the given ``items``.</doc>
<status status="PASS" start="2025-04-24T09:48:54.738538" elapsed="0.001873"/>
</kw>
<kw name="Append To List" owner="Collections">
<arg>${resls}</arg>
<arg>${my_dict}</arg>
<doc>Adds ``values`` to the end of ``list``.</doc>
<status status="PASS" start="2025-04-24T09:48:54.740895" elapsed="0.000439"/>
</kw>
<var name="${line}">input   password     id  {password-input}</var>
<status status="PASS" start="2025-04-24T09:48:54.736211" elapsed="0.005487"/>
</iter>
<iter>
<kw name="Split String" owner="String">
<msg time="2025-04-24T09:48:54.742259" level="INFO">@{ls} = [ button | submit | class | btn-success ]</msg>
<var>@{ls}</var>
<arg>${line}</arg>
<doc>Splits the ``string`` using ``separator`` as a delimiter string.</doc>
<status status="PASS" start="2025-04-24T09:48:54.742050" elapsed="0.000246"/>
</kw>
<kw name="Create Dictionary" owner="BuiltIn">
<msg time="2025-04-24T09:48:54.743282" level="INFO">&amp;{my_dict} = { tag=button | type=submit | selector=class | name=btn-success }</msg>
<var>&amp;{my_dict}</var>
<arg>tag=${ls}[0]</arg>
<arg>type=${ls}[1]</arg>
<arg>selector=${ls}[2]</arg>
<arg>name=${ls}[3]</arg>
<doc>Creates and returns a dictionary based on the given ``items``.</doc>
<status status="PASS" start="2025-04-24T09:48:54.742469" elapsed="0.000911"/>
</kw>
<kw name="Append To List" owner="Collections">
<arg>${resls}</arg>
<arg>${my_dict}</arg>
<doc>Adds ``values`` to the end of ``list``.</doc>
<status status="PASS" start="2025-04-24T09:48:54.743773" elapsed="0.000465"/>
</kw>
<var name="${line}">button  submit       class  btn-success</var>
<status status="PASS" start="2025-04-24T09:48:54.741917" elapsed="0.002486"/>
</iter>
<iter>
<kw name="Split String" owner="String">
<msg time="2025-04-24T09:48:54.745806" level="INFO">@{ls} = [ page | div | class | {page-title-box} ]</msg>
<var>@{ls}</var>
<arg>${line}</arg>
<doc>Splits the ``string`` using ``separator`` as a delimiter string.</doc>
<status status="PASS" start="2025-04-24T09:48:54.745263" elapsed="0.000632"/>
</kw>
<kw name="Create Dictionary" owner="BuiltIn">
<msg time="2025-04-24T09:48:54.747263" level="INFO">&amp;{my_dict} = { tag=page | type=div | selector=class | name={page-title-box} }</msg>
<var>&amp;{my_dict}</var>
<arg>tag=${ls}[0]</arg>
<arg>type=${ls}[1]</arg>
<arg>selector=${ls}[2]</arg>
<arg>name=${ls}[3]</arg>
<doc>Creates and returns a dictionary based on the given ``items``.</doc>
<status status="PASS" start="2025-04-24T09:48:54.746292" elapsed="0.001127"/>
</kw>
<kw name="Append To List" owner="Collections">
<arg>${resls}</arg>
<arg>${my_dict}</arg>
<doc>Adds ``values`` to the end of ``list``.</doc>
<status status="PASS" start="2025-04-24T09:48:54.747739" elapsed="0.000754"/>
</kw>
<var name="${line}">page   div        class   {page-title-box}</var>
<status status="PASS" start="2025-04-24T09:48:54.744835" elapsed="0.003870"/>
</iter>
<var>${line}</var>
<value>@{lines}</value>
<status status="PASS" start="2025-04-24T09:48:54.731524" elapsed="0.017411"/>
</for>
<return>
<value>@{resls}</value>
<status status="PASS" start="2025-04-24T09:48:54.749232" elapsed="0.000317"/>
</return>
<msg time="2025-04-24T09:48:54.750229" level="INFO">@{result} = [ {'tag': 'input', 'type': 'text', 'selector': 'id', 'name': '{username}'} | {'tag': 'input', 'type': 'password', 'selector': 'id', 'name': '{password-input}'} | {'tag': 'button', 'type': 'submit', 's...</msg>
<var>@{result}</var>
<arg>${yaml_content}</arg>
<status status="PASS" start="2025-04-24T09:48:54.730285" elapsed="0.020130"/>
</kw>
<kw name="Log To Console" owner="BuiltIn">
<arg>--- YAML List ---</arg>
<doc>Logs the given message to the console.</doc>
<status status="PASS" start="2025-04-24T09:48:54.750834" elapsed="0.000676"/>
</kw>
<kw name="Log To Console" owner="BuiltIn">
<arg>${result}</arg>
<doc>Logs the given message to the console.</doc>
<status status="PASS" start="2025-04-24T09:48:54.752063" elapsed="0.000821"/>
</kw>
<kw name="Log To Console" owner="BuiltIn">
<arg>--- JSON Data ---</arg>
<doc>Logs the given message to the console.</doc>
<status status="PASS" start="2025-04-24T09:48:54.753444" elapsed="0.000448"/>
</kw>
<kw name="Log To Console" owner="BuiltIn">
<arg>${objdata}</arg>
<doc>Logs the given message to the console.</doc>
<status status="PASS" start="2025-04-24T09:48:54.754350" elapsed="0.000511"/>
</kw>
<kw name="Sleep" owner="BuiltIn">
<msg time="2025-04-24T09:48:55.756261" level="INFO">Slept 1 second.</msg>
<arg>1s</arg>
<doc>Pauses the test executed for the given time.</doc>
<status status="PASS" start="2025-04-24T09:48:54.755411" elapsed="1.001162"/>
</kw>
<kw name="Run Keyword And Return Status" owner="BuiltIn">
<kw name="Should Contain" owner="BuiltIn">
<msg time="2025-04-24T09:48:55.758773" level="FAIL">'login.html' does not contain 'index'</msg>
<arg>${url}</arg>
<arg>index</arg>
<doc>Fails if ``container`` does not contain ``item`` one or more times.</doc>
<status status="FAIL" start="2025-04-24T09:48:55.757647" elapsed="0.001644">'login.html' does not contain 'index'</status>
</kw>
<msg time="2025-04-24T09:48:55.759743" level="INFO">${val_url} = False</msg>
<var>${val_url}</var>
<arg>Should Contain</arg>
<arg>${url}</arg>
<arg>index</arg>
<doc>Runs the given keyword with given arguments and returns the status as a Boolean value.</doc>
<status status="PASS" start="2025-04-24T09:48:55.757086" elapsed="0.002773"/>
</kw>
<if>
<branch type="IF" condition="${val_url}">
<kw name="Go To" owner="SeleniumLibrary">
<arg>${gui}${url}</arg>
<doc>Navigates the current browser window to the provided ``url``.</doc>
<status status="NOT RUN" start="2025-04-24T09:48:55.761277" elapsed="0.000190"/>
</kw>
<kw name="Execute Javascript" owner="SeleniumLibrary">
<arg>document.body.style.zoom='75%';</arg>
<doc>Executes the given JavaScript code with possible arguments.</doc>
<status status="NOT RUN" start="2025-04-24T09:48:55.762123" elapsed="0.000134"/>
</kw>
<kw name="Sleep" owner="BuiltIn">
<arg>1s</arg>
<doc>Pauses the test executed for the given time.</doc>
<status status="NOT RUN" start="2025-04-24T09:48:55.762524" elapsed="0.000273"/>
</kw>
<status status="NOT RUN" start="2025-04-24T09:48:55.760362" elapsed="0.002638"/>
</branch>
<status status="PASS" start="2025-04-24T09:48:55.760256" elapsed="0.003058"/>
</if>
<for flavor="IN">
<iter>
<kw name="Execute Javascript" owner="SeleniumLibrary">
<msg time="2025-04-24T09:48:55.783315" level="INFO">Executing JavaScript:
document.body.style.zoom='75%';
Without any arguments.</msg>
<arg>document.body.style.zoom='75%';</arg>
<doc>Executes the given JavaScript code with possible arguments.</doc>
<status status="PASS" start="2025-04-24T09:48:55.781791" elapsed="0.016905"/>
</kw>
<kw name="Set Variable" owner="BuiltIn">
<msg time="2025-04-24T09:48:55.800961" level="INFO">${type} = text</msg>
<var>${type}</var>
<arg>${item['type']}</arg>
<doc>Returns the given values which can then be assigned to a variables.</doc>
<status status="PASS" start="2025-04-24T09:48:55.799032" elapsed="0.001989"/>
</kw>
<kw name="Run Keyword And Return Status" owner="BuiltIn">
<kw name="Should Contain" owner="BuiltIn">
<arg>${type}</arg>
<arg>text</arg>
<doc>Fails if ``container`` does not contain ``item`` one or more times.</doc>
<status status="PASS" start="2025-04-24T09:48:55.801820" elapsed="0.000267"/>
</kw>
<msg time="2025-04-24T09:48:55.802227" level="INFO">${str_text} = True</msg>
<var>${str_text}</var>
<arg>Should Contain</arg>
<arg>${type}</arg>
<arg>text</arg>
<doc>Runs the given keyword with given arguments and returns the status as a Boolean value.</doc>
<status status="PASS" start="2025-04-24T09:48:55.801240" elapsed="0.001026"/>
</kw>
<if>
<branch type="IF" condition="${str_text}">
<kw name="Set Variable" owner="BuiltIn">
<msg time="2025-04-24T09:48:55.803506" level="INFO">${spec} = {username}</msg>
<var>${spec}</var>
<arg>${item['name']}</arg>
<doc>Returns the given values which can then be assigned to a variables.</doc>
<status status="PASS" start="2025-04-24T09:48:55.802692" elapsed="0.000956"/>
</kw>
<kw name="Run Keyword And Return Status" owner="BuiltIn">
<kw name="Should Contain" owner="BuiltIn">
<arg>${spec}</arg>
<arg>{</arg>
<doc>Fails if ``container`` does not contain ``item`` one or more times.</doc>
<status status="PASS" start="2025-04-24T09:48:55.804257" elapsed="0.000243"/>
</kw>
<msg time="2025-04-24T09:48:55.805207" level="INFO">${contains_left_brace} = True</msg>
<var>${contains_left_brace}</var>
<arg>Should Contain</arg>
<arg>${spec}</arg>
<arg>{</arg>
<doc>Runs the given keyword with given arguments and returns the status as a Boolean value.</doc>
<status status="PASS" start="2025-04-24T09:48:55.803984" elapsed="0.001356"/>
</kw>
<kw name="Log To Console" owner="BuiltIn">
<arg>${spec}</arg>
<doc>Logs the given message to the console.</doc>
<status status="PASS" start="2025-04-24T09:48:55.805853" elapsed="0.000474"/>
</kw>
<kw name="Log To Console" owner="BuiltIn">
<arg>${contains_left_brace}</arg>
<doc>Logs the given message to the console.</doc>
<status status="PASS" start="2025-04-24T09:48:55.806649" elapsed="0.000448"/>
</kw>
<if>
<branch type="IF" condition="${contains_left_brace}">
<kw name="Replace String" owner="String">
<msg time="2025-04-24T09:48:55.808915" level="INFO">${spec_var} = username}</msg>
<var>${spec_var}</var>
<arg>${spec}</arg>
<arg>{</arg>
<arg>${EMPTY}</arg>
<doc>Replaces ``search_for`` in the given ``string`` with ``replace_with``.</doc>
<status status="PASS" start="2025-04-24T09:48:55.807801" elapsed="0.001161"/>
</kw>
<kw name="Replace String" owner="String">
<msg time="2025-04-24T09:48:55.810203" level="INFO">${spec_var} = username</msg>
<var>${spec_var}</var>
<arg>${spec_var}</arg>
<arg>}</arg>
<arg>${EMPTY}</arg>
<doc>Replaces ``search_for`` in the given ``string`` with ``replace_with``.</doc>
<status status="PASS" start="2025-04-24T09:48:55.809187" elapsed="0.001067"/>
</kw>
<kw name="Log To Console" owner="BuiltIn">
<arg>${spec_var}</arg>
<doc>Logs the given message to the console.</doc>
<status status="PASS" start="2025-04-24T09:48:55.810522" elapsed="0.000329"/>
</kw>
<kw name="Input Text" owner="SeleniumLibrary">
<msg time="2025-04-24T09:48:55.814258" level="INFO">Typing text 'rajeswari@bluerose-tech.com' into text field 'id:username'.</msg>
<arg>${item['selector']}:${spec_var}</arg>
<arg>${objdata["${spec_var}"]}</arg>
<doc>Types the given ``text`` into the text field identified by ``locator``.</doc>
<status status="PASS" start="2025-04-24T09:48:55.811123" elapsed="0.383621"/>
</kw>
<status status="PASS" start="2025-04-24T09:48:55.807328" elapsed="0.387632"/>
</branch>
<status status="PASS" start="2025-04-24T09:48:55.807278" elapsed="0.387836"/>
</if>
<kw name="Sleep" owner="BuiltIn">
<msg time="2025-04-24T09:48:57.196504" level="INFO">Slept 1 second.</msg>
<arg>1s</arg>
<doc>Pauses the test executed for the given time.</doc>
<status status="PASS" start="2025-04-24T09:48:56.195375" elapsed="1.001439"/>
</kw>
<continue>
<status status="PASS" start="2025-04-24T09:48:57.197031" elapsed="0.000198"/>
</continue>
<status status="PASS" start="2025-04-24T09:48:55.802465" elapsed="1.394961"/>
</branch>
<status status="PASS" start="2025-04-24T09:48:55.802423" elapsed="1.395130"/>
</if>
<kw name="Run Keyword And Return Status" owner="BuiltIn">
<var>${str_number}</var>
<arg>Should Contain</arg>
<arg>${type}</arg>
<arg>number</arg>
<doc>Runs the given keyword with given arguments and returns the status as a Boolean value.</doc>
<status status="NOT RUN" start="2025-04-24T09:48:57.197907" elapsed="0.000217"/>
</kw>
<if>
<branch type="IF" condition="${str_number}">
<kw name="Set Variable" owner="BuiltIn">
<var>${spec}</var>
<arg>${item['name']}</arg>
<doc>Returns the given values which can then be assigned to a variables.</doc>
<status status="NOT RUN" start="2025-04-24T09:48:57.198804" elapsed="0.000165"/>
</kw>
<kw name="Run Keyword And Return Status" owner="BuiltIn">
<var>${contains_left_brace}</var>
<arg>Should Contain</arg>
<arg>${spec}</arg>
<arg>{</arg>
<doc>Runs the given keyword with given arguments and returns the status as a Boolean value.</doc>
<status status="NOT RUN" start="2025-04-24T09:48:57.199281" elapsed="0.000109"/>
</kw>
<kw name="Log To Console" owner="BuiltIn">
<arg>${spec}</arg>
<doc>Logs the given message to the console.</doc>
<status status="NOT RUN" start="2025-04-24T09:48:57.199638" elapsed="0.000119"/>
</kw>
<kw name="Log To Console" owner="BuiltIn">
<arg>${contains_left_brace}</arg>
<doc>Logs the given message to the console.</doc>
<status status="NOT RUN" start="2025-04-24T09:48:57.200047" elapsed="0.000112"/>
</kw>
<if>
<branch type="IF" condition="${contains_left_brace}">
<kw name="Replace String" owner="String">
<var>${spec_var}</var>
<arg>${spec}</arg>
<arg>{</arg>
<arg>${EMPTY}</arg>
<doc>Replaces ``search_for`` in the given ``string`` with ``replace_with``.</doc>
<status status="NOT RUN" start="2025-04-24T09:48:57.200790" elapsed="0.000133"/>
</kw>
<kw name="Replace String" owner="String">
<var>${spec_var}</var>
<arg>${spec_var}</arg>
<arg>}</arg>
<arg>${EMPTY}</arg>
<doc>Replaces ``search_for`` in the given ``string`` with ``replace_with``.</doc>
<status status="NOT RUN" start="2025-04-24T09:48:57.201287" elapsed="0.000186"/>
</kw>
<kw name="Log To Console" owner="BuiltIn">
<arg>${spec_var}</arg>
<doc>Logs the given message to the console.</doc>
<status status="NOT RUN" start="2025-04-24T09:48:57.201839" elapsed="0.000180"/>
</kw>
<kw name="Input Text" owner="SeleniumLibrary">
<arg>${item['selector']}:${spec_var}</arg>
<arg>${objdata["${spec_var}"]}</arg>
<doc>Types the given ``text`` into the text field identified by ``locator``.</doc>
<status status="NOT RUN" start="2025-04-24T09:48:57.202308" elapsed="0.000186"/>
</kw>
<status status="NOT RUN" start="2025-04-24T09:48:57.200437" elapsed="0.002183"/>
</branch>
<status status="NOT RUN" start="2025-04-24T09:48:57.200314" elapsed="0.002433"/>
</if>
<kw name="Sleep" owner="BuiltIn">
<arg>1s</arg>
<doc>Pauses the test executed for the given time.</doc>
<status status="NOT RUN" start="2025-04-24T09:48:57.202980" elapsed="0.000119"/>
</kw>
<continue>
<status status="NOT RUN" start="2025-04-24T09:48:57.203253" elapsed="0.000122"/>
</continue>
<status status="NOT RUN" start="2025-04-24T09:48:57.198444" elapsed="0.005045"/>
</branch>
<status status="NOT RUN" start="2025-04-24T09:48:57.198381" elapsed="0.005216"/>
</if>
<kw name="Run Keyword And Return Status" owner="BuiltIn">
<var>${str_file}</var>
<arg>Should Contain</arg>
<arg>${type}</arg>
<arg>file</arg>
<doc>Runs the given keyword with given arguments and returns the status as a Boolean value.</doc>
<status status="NOT RUN" start="2025-04-24T09:48:57.203820" elapsed="0.000117"/>
</kw>
<if>
<branch type="IF" condition="${str_file}">
<kw name="Set Variable" owner="BuiltIn">
<var>${spec}</var>
<arg>${item['name']}</arg>
<doc>Returns the given values which can then be assigned to a variables.</doc>
<status status="NOT RUN" start="2025-04-24T09:48:57.204654" elapsed="0.000172"/>
</kw>
<kw name="Run Keyword And Return Status" owner="BuiltIn">
<var>${contains_left_brace}</var>
<arg>Should Contain</arg>
<arg>${spec}</arg>
<arg>{</arg>
<doc>Runs the given keyword with given arguments and returns the status as a Boolean value.</doc>
<status status="NOT RUN" start="2025-04-24T09:48:57.205106" elapsed="0.000166"/>
</kw>
<kw name="Log To Console" owner="BuiltIn">
<arg>${spec}</arg>
<doc>Logs the given message to the console.</doc>
<status status="NOT RUN" start="2025-04-24T09:48:57.205642" elapsed="0.000134"/>
</kw>
<kw name="Log To Console" owner="BuiltIn">
<arg>${contains_left_brace}</arg>
<doc>Logs the given message to the console.</doc>
<status status="NOT RUN" start="2025-04-24T09:48:57.206091" elapsed="0.000159"/>
</kw>
<if>
<branch type="IF" condition="${contains_left_brace}">
<kw name="Replace String" owner="String">
<var>${spec_var}</var>
<arg>${spec}</arg>
<arg>{</arg>
<arg>${EMPTY}</arg>
<doc>Replaces ``search_for`` in the given ``string`` with ``replace_with``.</doc>
<status status="NOT RUN" start="2025-04-24T09:48:57.206959" elapsed="0.000143"/>
</kw>
<kw name="Replace String" owner="String">
<var>${spec_var}</var>
<arg>${spec_var}</arg>
<arg>}</arg>
<arg>${EMPTY}</arg>
<doc>Replaces ``search_for`` in the given ``string`` with ``replace_with``.</doc>
<status status="NOT RUN" start="2025-04-24T09:48:57.207477" elapsed="0.000119"/>
</kw>
<kw name="Log To Console" owner="BuiltIn">
<arg>${spec_var}</arg>
<doc>Logs the given message to the console.</doc>
<status status="NOT RUN" start="2025-04-24T09:48:57.208092" elapsed="0.000149"/>
</kw>
<if>
<branch type="IF" condition="${objdata[&quot;${spec_var}]} != &quot;&quot;">
<kw name="Input Text" owner="SeleniumLibrary">
<arg>${item['selector']}:${spec_var}</arg>
<arg>${objdata["${spec_var}"]}</arg>
<doc>Types the given ``text`` into the text field identified by ``locator``.</doc>
<status status="NOT RUN" start="2025-04-24T09:48:57.208793" elapsed="0.000245"/>
</kw>
<status status="NOT RUN" start="2025-04-24T09:48:57.208483" elapsed="0.000728"/>
</branch>
<status status="NOT RUN" start="2025-04-24T09:48:57.208436" elapsed="0.000920"/>
</if>
<status status="NOT RUN" start="2025-04-24T09:48:57.206593" elapsed="0.002838"/>
</branch>
<status status="NOT RUN" start="2025-04-24T09:48:57.206549" elapsed="0.003009"/>
</if>
<kw name="Sleep" owner="BuiltIn">
<arg>1s</arg>
<doc>Pauses the test executed for the given time.</doc>
<status status="NOT RUN" start="2025-04-24T09:48:57.209742" elapsed="0.000123"/>
</kw>
<continue>
<status status="NOT RUN" start="2025-04-24T09:48:57.210047" elapsed="0.000101"/>
</continue>
<status status="NOT RUN" start="2025-04-24T09:48:57.204198" elapsed="0.006050"/>
</branch>
<status status="NOT RUN" start="2025-04-24T09:48:57.204157" elapsed="0.006309"/>
</if>
<kw name="Run Keyword And Return Status" owner="BuiltIn">
<var>${str_text}</var>
<arg>Should Contain</arg>
<arg>${type}</arg>
<arg>textarea</arg>
<doc>Runs the given keyword with given arguments and returns the status as a Boolean value.</doc>
<status status="NOT RUN" start="2025-04-24T09:48:57.210760" elapsed="0.000173"/>
</kw>
<if>
<branch type="IF" condition="${str_text}">
<kw name="Set Variable" owner="BuiltIn">
<var>${spec}</var>
<arg>${item['name']}</arg>
<doc>Returns the given values which can then be assigned to a variables.</doc>
<status status="NOT RUN" start="2025-04-24T09:48:57.211784" elapsed="0.000196"/>
</kw>
<kw name="Run Keyword And Return Status" owner="BuiltIn">
<var>${contains_left_brace}</var>
<arg>Should Contain</arg>
<arg>${spec}</arg>
<arg>{</arg>
<doc>Runs the given keyword with given arguments and returns the status as a Boolean value.</doc>
<status status="NOT RUN" start="2025-04-24T09:48:57.212389" elapsed="0.000223"/>
</kw>
<kw name="Log To Console" owner="BuiltIn">
<arg>${spec}</arg>
<doc>Logs the given message to the console.</doc>
<status status="NOT RUN" start="2025-04-24T09:48:57.212972" elapsed="0.000219"/>
</kw>
<kw name="Log To Console" owner="BuiltIn">
<arg>${contains_left_brace}</arg>
<doc>Logs the given message to the console.</doc>
<status status="NOT RUN" start="2025-04-24T09:48:57.213571" elapsed="0.000162"/>
</kw>
<if>
<branch type="IF" condition="${contains_left_brace}">
<kw name="Replace String" owner="String">
<var>${spec_var}</var>
<arg>${spec}</arg>
<arg>{</arg>
<arg>${EMPTY}</arg>
<doc>Replaces ``search_for`` in the given ``string`` with ``replace_with``.</doc>
<status status="NOT RUN" start="2025-04-24T09:48:57.214307" elapsed="0.000170"/>
</kw>
<kw name="Replace String" owner="String">
<var>${spec_var}</var>
<arg>${spec_var}</arg>
<arg>}</arg>
<arg>${EMPTY}</arg>
<doc>Replaces ``search_for`` in the given ``string`` with ``replace_with``.</doc>
<status status="NOT RUN" start="2025-04-24T09:48:57.214834" elapsed="0.000142"/>
</kw>
<kw name="Log To Console" owner="BuiltIn">
<arg>${spec_var}</arg>
<doc>Logs the given message to the console.</doc>
<status status="NOT RUN" start="2025-04-24T09:48:57.215324" elapsed="0.000241"/>
</kw>
<kw name="Input Text" owner="SeleniumLibrary">
<arg>xpath=//textarea[@${item['selector']}='${spec_var}']</arg>
<arg>${EMPTY}</arg>
<doc>Types the given ``text`` into the text field identified by ``locator``.</doc>
<status status="NOT RUN" start="2025-04-24T09:48:57.215833" elapsed="0.000128"/>
</kw>
<kw name="Input Text" owner="SeleniumLibrary">
<arg>xpath=//textarea[@${item['selector']}='${spec_var}']</arg>
<arg>${objdata["${spec_var}"]}</arg>
<doc>Types the given ``text`` into the text field identified by ``locator``.</doc>
<status status="NOT RUN" start="2025-04-24T09:48:57.216249" elapsed="0.000114"/>
</kw>
<status status="NOT RUN" start="2025-04-24T09:48:57.213971" elapsed="0.002594"/>
</branch>
<status status="NOT RUN" start="2025-04-24T09:48:57.213921" elapsed="0.002793"/>
</if>
<kw name="Sleep" owner="BuiltIn">
<arg>1s</arg>
<doc>Pauses the test executed for the given time.</doc>
<status status="NOT RUN" start="2025-04-24T09:48:57.216940" elapsed="0.000193"/>
</kw>
<continue>
<status status="NOT RUN" start="2025-04-24T09:48:57.217287" elapsed="0.000113"/>
</continue>
<status status="NOT RUN" start="2025-04-24T09:48:57.211256" elapsed="0.006368"/>
</branch>
<status status="NOT RUN" start="2025-04-24T09:48:57.211205" elapsed="0.006582"/>
</if>
<kw name="Run Keyword And Return Status" owner="BuiltIn">
<var>${str_text}</var>
<arg>Should Contain</arg>
<arg>${type}</arg>
<arg>password</arg>
<doc>Runs the given keyword with given arguments and returns the status as a Boolean value.</doc>
<status status="NOT RUN" start="2025-04-24T09:48:57.218029" elapsed="0.000186"/>
</kw>
<if>
<branch type="IF" condition="${str_text}">
<kw name="Set Variable" owner="BuiltIn">
<var>${spec}</var>
<arg>${item['name']}</arg>
<doc>Returns the given values which can then be assigned to a variables.</doc>
<status status="NOT RUN" start="2025-04-24T09:48:57.218879" elapsed="0.000118"/>
</kw>
<kw name="Run Keyword And Return Status" owner="BuiltIn">
<var>${contains_left_brace}</var>
<arg>Should Contain</arg>
<arg>${spec}</arg>
<arg>{</arg>
<doc>Runs the given keyword with given arguments and returns the status as a Boolean value.</doc>
<status status="NOT RUN" start="2025-04-24T09:48:57.219310" elapsed="0.000212"/>
</kw>
<kw name="Log To Console" owner="BuiltIn">
<arg>${spec}</arg>
<doc>Logs the given message to the console.</doc>
<status status="NOT RUN" start="2025-04-24T09:48:57.219836" elapsed="0.000132"/>
</kw>
<kw name="Log To Console" owner="BuiltIn">
<arg>${contains_left_brace}</arg>
<doc>Logs the given message to the console.</doc>
<status status="NOT RUN" start="2025-04-24T09:48:57.220258" elapsed="0.000128"/>
</kw>
<if>
<branch type="IF" condition="${contains_left_brace}">
<kw name="Replace String" owner="String">
<var>${spec_var}</var>
<arg>${spec}</arg>
<arg>{</arg>
<arg>${EMPTY}</arg>
<doc>Replaces ``search_for`` in the given ``string`` with ``replace_with``.</doc>
<status status="NOT RUN" start="2025-04-24T09:48:57.221005" elapsed="0.000204"/>
</kw>
<kw name="Replace String" owner="String">
<var>${spec_var}</var>
<arg>${spec_var}</arg>
<arg>}</arg>
<arg>${EMPTY}</arg>
<doc>Replaces ``search_for`` in the given ``string`` with ``replace_with``.</doc>
<status status="NOT RUN" start="2025-04-24T09:48:57.221541" elapsed="0.000155"/>
</kw>
<kw name="Log To Console" owner="BuiltIn">
<arg>${spec_var}</arg>
<doc>Logs the given message to the console.</doc>
<status status="NOT RUN" start="2025-04-24T09:48:57.222030" elapsed="0.000188"/>
</kw>
<kw name="Input Text" owner="SeleniumLibrary">
<arg>${item['selector']}:${spec_var}</arg>
<arg>${objdata["${spec_var}"]}</arg>
<doc>Types the given ``text`` into the text field identified by ``locator``.</doc>
<status status="NOT RUN" start="2025-04-24T09:48:57.222577" elapsed="0.000178"/>
</kw>
<status status="NOT RUN" start="2025-04-24T09:48:57.220652" elapsed="0.002269"/>
</branch>
<status status="NOT RUN" start="2025-04-24T09:48:57.220598" elapsed="0.002470"/>
</if>
<kw name="Sleep" owner="BuiltIn">
<arg>1s</arg>
<doc>Pauses the test executed for the given time.</doc>
<status status="NOT RUN" start="2025-04-24T09:48:57.223327" elapsed="0.000203"/>
</kw>
<continue>
<status status="NOT RUN" start="2025-04-24T09:48:57.223677" elapsed="0.000077"/>
</continue>
<status status="NOT RUN" start="2025-04-24T09:48:57.218508" elapsed="0.005326"/>
</branch>
<status status="NOT RUN" start="2025-04-24T09:48:57.218393" elapsed="0.005551"/>
</if>
<kw name="Run Keyword And Return Status" owner="BuiltIn">
<var>${str_text}</var>
<arg>Should Contain</arg>
<arg>${type}</arg>
<arg>alert</arg>
<doc>Runs the given keyword with given arguments and returns the status as a Boolean value.</doc>
<status status="NOT RUN" start="2025-04-24T09:48:57.224387" elapsed="0.000231"/>
</kw>
<if>
<branch type="IF" condition="${str_text}">
<kw name="Set Variable" owner="BuiltIn">
<var>${spec}</var>
<arg>${item['name']}</arg>
<doc>Returns the given values which can then be assigned to a variables.</doc>
<status status="NOT RUN" start="2025-04-24T09:48:57.225178" elapsed="0.000155"/>
</kw>
<kw name="Run Keyword And Return Status" owner="BuiltIn">
<var>${contains_left_brace}</var>
<arg>Should Contain</arg>
<arg>${spec}</arg>
<arg>{</arg>
<doc>Runs the given keyword with given arguments and returns the status as a Boolean value.</doc>
<status status="NOT RUN" start="2025-04-24T09:48:57.225669" elapsed="0.000112"/>
</kw>
<kw name="Log To Console" owner="BuiltIn">
<arg>${spec}</arg>
<doc>Logs the given message to the console.</doc>
<status status="NOT RUN" start="2025-04-24T09:48:57.226131" elapsed="0.000125"/>
</kw>
<kw name="Log To Console" owner="BuiltIn">
<arg>${contains_left_brace}</arg>
<doc>Logs the given message to the console.</doc>
<status status="NOT RUN" start="2025-04-24T09:48:57.226535" elapsed="0.000145"/>
</kw>
<if>
<branch type="IF" condition="${contains_left_brace}">
<kw name="Replace String" owner="String">
<var>${spec_var}</var>
<arg>${spec}</arg>
<arg>{</arg>
<arg>${EMPTY}</arg>
<doc>Replaces ``search_for`` in the given ``string`` with ``replace_with``.</doc>
<status status="NOT RUN" start="2025-04-24T09:48:57.227247" elapsed="0.000146"/>
</kw>
<kw name="Replace String" owner="String">
<var>${spec_var}</var>
<arg>${spec_var}</arg>
<arg>}</arg>
<arg>${EMPTY}</arg>
<doc>Replaces ``search_for`` in the given ``string`` with ``replace_with``.</doc>
<status status="NOT RUN" start="2025-04-24T09:48:57.227839" elapsed="0.000275"/>
</kw>
<kw name="Log To Console" owner="BuiltIn">
<arg>${spec_var}</arg>
<doc>Logs the given message to the console.</doc>
<status status="NOT RUN" start="2025-04-24T09:48:57.228650" elapsed="0.000192"/>
</kw>
<kw name="Handle Alert" owner="SeleniumLibrary">
<var>${alert_text}</var>
<arg>action=ACCEPT</arg>
<doc>Handles the current alert and returns its message.</doc>
<status status="NOT RUN" start="2025-04-24T09:48:57.229327" elapsed="0.000238"/>
</kw>
<kw name="Should Contain" owner="BuiltIn">
<arg>${alert_text}</arg>
<arg>${objdata["${spec_var}"]}</arg>
<doc>Fails if ``container`` does not contain ``item`` one or more times.</doc>
<status status="NOT RUN" start="2025-04-24T09:48:57.229970" elapsed="0.000176"/>
</kw>
<status status="NOT RUN" start="2025-04-24T09:48:57.226917" elapsed="0.003487"/>
</branch>
<status status="NOT RUN" start="2025-04-24T09:48:57.226869" elapsed="0.003826"/>
</if>
<kw name="Sleep" owner="BuiltIn">
<arg>1s</arg>
<doc>Pauses the test executed for the given time.</doc>
<status status="NOT RUN" start="2025-04-24T09:48:57.231076" elapsed="0.000196"/>
</kw>
<continue>
<status status="NOT RUN" start="2025-04-24T09:48:57.231623" elapsed="0.000171"/>
</continue>
<status status="NOT RUN" start="2025-04-24T09:48:57.224912" elapsed="0.007060"/>
</branch>
<status status="NOT RUN" start="2025-04-24T09:48:57.224851" elapsed="0.007305"/>
</if>
<kw name="Run Keyword And Return Status" owner="BuiltIn">
<var>${str_select}</var>
<arg>Should Contain</arg>
<arg>${type}</arg>
<arg>select</arg>
<doc>Runs the given keyword with given arguments and returns the status as a Boolean value.</doc>
<status status="NOT RUN" start="2025-04-24T09:48:57.232646" elapsed="0.000201"/>
</kw>
<if>
<branch type="IF" condition="${str_select}">
<kw name="Set Variable" owner="BuiltIn">
<var>${spec}</var>
<arg>${item['name']}</arg>
<doc>Returns the given values which can then be assigned to a variables.</doc>
<status status="NOT RUN" start="2025-04-24T09:48:57.233778" elapsed="0.000185"/>
</kw>
<kw name="Run Keyword And Return Status" owner="BuiltIn">
<var>${contains_left_brace}</var>
<arg>Should Contain</arg>
<arg>${spec}</arg>
<arg>{</arg>
<doc>Runs the given keyword with given arguments and returns the status as a Boolean value.</doc>
<status status="NOT RUN" start="2025-04-24T09:48:57.234463" elapsed="0.000305"/>
</kw>
<kw name="Log To Console" owner="BuiltIn">
<arg>${spec}</arg>
<doc>Logs the given message to the console.</doc>
<status status="NOT RUN" start="2025-04-24T09:48:57.235226" elapsed="0.000240"/>
</kw>
<kw name="Log To Console" owner="BuiltIn">
<arg>${contains_left_brace}</arg>
<doc>Logs the given message to the console.</doc>
<status status="NOT RUN" start="2025-04-24T09:48:57.236016" elapsed="0.000177"/>
</kw>
<if>
<branch type="IF" condition="${contains_left_brace}">
<kw name="Replace String" owner="String">
<var>${spec_var}</var>
<arg>${spec}</arg>
<arg>{</arg>
<arg>${EMPTY}</arg>
<doc>Replaces ``search_for`` in the given ``string`` with ``replace_with``.</doc>
<status status="NOT RUN" start="2025-04-24T09:48:57.237096" elapsed="0.000189"/>
</kw>
<kw name="Replace String" owner="String">
<var>${spec_var}</var>
<arg>${spec_var}</arg>
<arg>}</arg>
<arg>${EMPTY}</arg>
<doc>Replaces ``search_for`` in the given ``string`` with ``replace_with``.</doc>
<status status="NOT RUN" start="2025-04-24T09:48:57.237948" elapsed="0.000176"/>
</kw>
<kw name="Run Keyword And Return Status" owner="BuiltIn">
<var>${value}</var>
<arg>Should Contain</arg>
<arg>${item['tag']}</arg>
<arg>select_value</arg>
<doc>Runs the given keyword with given arguments and returns the status as a Boolean value.</doc>
<status status="NOT RUN" start="2025-04-24T09:48:57.238507" elapsed="0.000178"/>
</kw>
<kw name="Log To Console" owner="BuiltIn">
<arg>${value}</arg>
<doc>Logs the given message to the console.</doc>
<status status="NOT RUN" start="2025-04-24T09:48:57.238989" elapsed="0.000113"/>
</kw>
<if>
<branch type="IF" condition="${value}">
<kw name="Select From List By Value" owner="SeleniumLibrary">
<arg>${item['selector']}:${spec_var}</arg>
<arg>${objdata["${spec_var}"]}</arg>
<doc>Selects options from selection list ``locator`` by ``values``.</doc>
<status status="NOT RUN" start="2025-04-24T09:48:57.239871" elapsed="0.000172"/>
</kw>
<status status="NOT RUN" start="2025-04-24T09:48:57.239535" elapsed="0.000720"/>
</branch>
<branch type="ELSE">
<kw name="Select From List By Label" owner="SeleniumLibrary">
<arg>${item['selector']}:${spec_var}</arg>
<arg>${objdata["${spec_var}"]}</arg>
<doc>Selects options from selection list ``locator`` by ``labels``.</doc>
<status status="NOT RUN" start="2025-04-24T09:48:57.240810" elapsed="0.000137"/>
</kw>
<status status="NOT RUN" start="2025-04-24T09:48:57.240386" elapsed="0.000798"/>
</branch>
<status status="NOT RUN" start="2025-04-24T09:48:57.239477" elapsed="0.001845"/>
</if>
<status status="NOT RUN" start="2025-04-24T09:48:57.236645" elapsed="0.005215"/>
</branch>
<status status="NOT RUN" start="2025-04-24T09:48:57.236499" elapsed="0.005568"/>
</if>
<kw name="Sleep" owner="BuiltIn">
<arg>1s</arg>
<doc>Pauses the test executed for the given time.</doc>
<status status="NOT RUN" start="2025-04-24T09:48:57.242295" elapsed="0.000162"/>
</kw>
<continue>
<status status="NOT RUN" start="2025-04-24T09:48:57.242633" elapsed="0.000075"/>
</continue>
<status status="NOT RUN" start="2025-04-24T09:48:57.233211" elapsed="0.009609"/>
</branch>
<status status="NOT RUN" start="2025-04-24T09:48:57.233143" elapsed="0.009839"/>
</if>
<kw name="Run Keyword And Return Status" owner="BuiltIn">
<var>${str_submit}</var>
<arg>Should Contain</arg>
<arg>${type}</arg>
<arg>submit</arg>
<doc>Runs the given keyword with given arguments and returns the status as a Boolean value.</doc>
<status status="NOT RUN" start="2025-04-24T09:48:57.243185" elapsed="0.000104"/>
</kw>
<if>
<branch type="IF" condition="${str_submit}">
<kw name="Log To Console" owner="BuiltIn">
<arg>${item['name']}</arg>
<doc>Logs the given message to the console.</doc>
<status status="NOT RUN" start="2025-04-24T09:48:57.243888" elapsed="0.000118"/>
</kw>
<kw name="Execute Javascript" owner="SeleniumLibrary">
<arg>window.scrollTo(0, document.body.scrollHeight);</arg>
<doc>Executes the given JavaScript code with possible arguments.</doc>
<status status="NOT RUN" start="2025-04-24T09:48:57.244392" elapsed="0.000122"/>
</kw>
<kw name="Wait Until Element Is Visible" owner="SeleniumLibrary">
<arg>${item['selector']}:${item['name']}</arg>
<arg>timeout=1s</arg>
<doc>Waits until the element ``locator`` is visible.</doc>
<status status="NOT RUN" start="2025-04-24T09:48:57.244895" elapsed="0.000140"/>
</kw>
<kw name="Wait Until Element Is Enabled" owner="SeleniumLibrary">
<arg>${item['selector']}:${item['name']}</arg>
<arg>timeout=1s</arg>
<doc>Waits until the element ``locator`` is enabled.</doc>
<status status="NOT RUN" start="2025-04-24T09:48:57.245302" elapsed="0.000142"/>
</kw>
<kw name="Execute Javascript" owner="SeleniumLibrary">
<arg>document.querySelector('.${item['name']}').click();</arg>
<doc>Executes the given JavaScript code with possible arguments.</doc>
<status status="NOT RUN" start="2025-04-24T09:48:57.245823" elapsed="0.000194"/>
</kw>
<kw name="Log To Console" owner="BuiltIn">
<arg>element clicked</arg>
<doc>Logs the given message to the console.</doc>
<status status="NOT RUN" start="2025-04-24T09:48:57.246287" elapsed="0.000121"/>
</kw>
<kw name="Sleep" owner="BuiltIn">
<arg>1s</arg>
<doc>Pauses the test executed for the given time.</doc>
<status status="NOT RUN" start="2025-04-24T09:48:57.246632" elapsed="0.000083"/>
</kw>
<continue>
<status status="NOT RUN" start="2025-04-24T09:48:57.246839" elapsed="0.000109"/>
</continue>
<status status="NOT RUN" start="2025-04-24T09:48:57.243573" elapsed="0.003478"/>
</branch>
<status status="NOT RUN" start="2025-04-24T09:48:57.243516" elapsed="0.003641"/>
</if>
<kw name="Run Keyword And Return Status" owner="BuiltIn">
<var>${str_button}</var>
<arg>Should Contain</arg>
<arg>${type}</arg>
<arg>button</arg>
<doc>Runs the given keyword with given arguments and returns the status as a Boolean value.</doc>
<status status="NOT RUN" start="2025-04-24T09:48:57.247557" elapsed="0.000287"/>
</kw>
<if>
<branch type="IF" condition="${str_button}">
<kw name="Run Keyword And Return Status" owner="BuiltIn">
<var>${str_td}</var>
<arg>Should Contain</arg>
<arg>${item['tag']}</arg>
<arg>td</arg>
<doc>Runs the given keyword with given arguments and returns the status as a Boolean value.</doc>
<status status="NOT RUN" start="2025-04-24T09:48:57.248925" elapsed="0.000202"/>
</kw>
<if>
<branch type="IF" condition="${str_td}">
<kw name="Set Variable" owner="BuiltIn">
<var>${spec}</var>
<arg>${item['name']}</arg>
<doc>Returns the given values which can then be assigned to a variables.</doc>
<status status="NOT RUN" start="2025-04-24T09:48:57.249988" elapsed="0.000249"/>
</kw>
<kw name="Run Keyword And Return Status" owner="BuiltIn">
<var>${contains_left_brace}</var>
<arg>Should Contain</arg>
<arg>${spec}</arg>
<arg>{</arg>
<doc>Runs the given keyword with given arguments and returns the status as a Boolean value.</doc>
<status status="NOT RUN" start="2025-04-24T09:48:57.250691" elapsed="0.000181"/>
</kw>
<kw name="Log To Console" owner="BuiltIn">
<arg>${spec}</arg>
<doc>Logs the given message to the console.</doc>
<status status="NOT RUN" start="2025-04-24T09:48:57.251477" elapsed="0.000193"/>
</kw>
<kw name="Log To Console" owner="BuiltIn">
<arg>${contains_left_brace}</arg>
<doc>Logs the given message to the console.</doc>
<status status="NOT RUN" start="2025-04-24T09:48:57.252046" elapsed="0.000212"/>
</kw>
<if>
<branch type="IF" condition="${contains_left_brace}">
<kw name="Replace String" owner="String">
<var>${spec_var}</var>
<arg>${spec}</arg>
<arg>{</arg>
<arg>${EMPTY}</arg>
<doc>Replaces ``search_for`` in the given ``string`` with ``replace_with``.</doc>
<status status="NOT RUN" start="2025-04-24T09:48:57.252933" elapsed="0.000211"/>
</kw>
<kw name="Replace String" owner="String">
<var>${spec_var}</var>
<arg>${spec_var}</arg>
<arg>}</arg>
<arg>${EMPTY}</arg>
<doc>Replaces ``search_for`` in the given ``string`` with ``replace_with``.</doc>
<status status="NOT RUN" start="2025-04-24T09:48:57.253495" elapsed="0.000161"/>
</kw>
<kw name="Click Button Based on Td Value" owner="gui_resources">
<arg>${objdata['${spec_var}']}</arg>
<arg>${type}</arg>
<status status="NOT RUN" start="2025-04-24T09:48:57.254167" elapsed="0.000082"/>
</kw>
<status status="NOT RUN" start="2025-04-24T09:48:57.252547" elapsed="0.001776"/>
</branch>
<status status="NOT RUN" start="2025-04-24T09:48:57.252486" elapsed="0.001934"/>
</if>
<status status="NOT RUN" start="2025-04-24T09:48:57.249545" elapsed="0.004914"/>
</branch>
<branch type="ELSE">
<kw name="Execute Javascript" owner="SeleniumLibrary">
<arg>window.scrollTo(0, document.body.scrollHeight);</arg>
<doc>Executes the given JavaScript code with possible arguments.</doc>
<status status="NOT RUN" start="2025-04-24T09:48:57.255068" elapsed="0.000193"/>
</kw>
<kw name="Log To Console" owner="BuiltIn">
<arg>button name is ${item['name']}</arg>
<doc>Logs the given message to the console.</doc>
<status status="NOT RUN" start="2025-04-24T09:48:57.255691" elapsed="0.000198"/>
</kw>
<kw name="Run Keyword And Return Status" owner="BuiltIn">
<var>${btn_id}</var>
<arg>Should Contain</arg>
<arg>${item['selector']}</arg>
<arg>id</arg>
<doc>Runs the given keyword with given arguments and returns the status as a Boolean value.</doc>
<status status="NOT RUN" start="2025-04-24T09:48:57.256341" elapsed="0.000310"/>
</kw>
<if>
<branch type="IF" condition="${btn_id}">
<kw name="Execute Javascript" owner="SeleniumLibrary">
<arg>var event = new MouseEvent('click', { bubbles: true, cancelable: true }); document.getElementById("${item['name']}").dispatchEvent(event);</arg>
<doc>Executes the given JavaScript code with possible arguments.</doc>
<status status="NOT RUN" start="2025-04-24T09:48:57.257568" elapsed="0.000195"/>
</kw>
<status status="NOT RUN" start="2025-04-24T09:48:57.257096" elapsed="0.000966"/>
</branch>
<status status="NOT RUN" start="2025-04-24T09:48:57.256960" elapsed="0.001223"/>
</if>
<kw name="Run Keyword And Return Status" owner="BuiltIn">
<var>${btn_class}</var>
<arg>Should Contain</arg>
<arg>${item['selector']}</arg>
<arg>class</arg>
<doc>Runs the given keyword with given arguments and returns the status as a Boolean value.</doc>
<status status="NOT RUN" start="2025-04-24T09:48:57.258368" elapsed="0.000083"/>
</kw>
<if>
<branch type="IF" condition="${btn_class}">
<if>
<branch type="IF" condition="$item['tag'] == 'data_btn'">
<kw name="Set Variable" owner="BuiltIn">
<var>${spec}</var>
<arg>${item['name']}</arg>
<doc>Returns the given values which can then be assigned to a variables.</doc>
<status status="NOT RUN" start="2025-04-24T09:48:57.259475" elapsed="0.000262"/>
</kw>
<kw name="Run Keyword And Return Status" owner="BuiltIn">
<var>${contains_left_brace}</var>
<arg>Should Contain</arg>
<arg>${spec}</arg>
<arg>{</arg>
<doc>Runs the given keyword with given arguments and returns the status as a Boolean value.</doc>
<status status="NOT RUN" start="2025-04-24T09:48:57.259903" elapsed="0.000062"/>
</kw>
<if>
<branch type="IF" condition="${contains_left_brace}">
<kw name="Replace String" owner="String">
<var>${spec_var}</var>
<arg>${spec}</arg>
<arg>{</arg>
<arg>${EMPTY}</arg>
<doc>Replaces ``search_for`` in the given ``string`` with ``replace_with``.</doc>
<status status="NOT RUN" start="2025-04-24T09:48:57.260445" elapsed="0.000122"/>
</kw>
<kw name="Replace String" owner="String">
<var>${spec_var}</var>
<arg>${spec_var}</arg>
<arg>}</arg>
<arg>${EMPTY}</arg>
<doc>Replaces ``search_for`` in the given ``string`` with ``replace_with``.</doc>
<status status="NOT RUN" start="2025-04-24T09:48:57.261300" elapsed="0.000242"/>
</kw>
<kw name="Click Button" owner="SeleniumLibrary">
<arg>xpath=//button[@data-bb-handler='${objdata['${spec_var}']}']</arg>
<doc>Clicks the button identified by ``locator``.</doc>
<status status="NOT RUN" start="2025-04-24T09:48:57.262139" elapsed="0.000221"/>
</kw>
<status status="NOT RUN" start="2025-04-24T09:48:57.260157" elapsed="0.002720"/>
</branch>
<branch type="ELSE">
<kw name="Click Button" owner="SeleniumLibrary">
<arg>xpath=//button[@data-bb-handler='${item['name']}']</arg>
<doc>Clicks the button identified by ``locator``.</doc>
<status status="NOT RUN" start="2025-04-24T09:48:57.263618" elapsed="0.000258"/>
</kw>
<status status="NOT RUN" start="2025-04-24T09:48:57.263119" elapsed="0.000968"/>
</branch>
<status status="NOT RUN" start="2025-04-24T09:48:57.260101" elapsed="0.004175"/>
</if>
<status status="NOT RUN" start="2025-04-24T09:48:57.259139" elapsed="0.005243"/>
</branch>
<branch type="ELSE">
<kw name="Execute Javascript" owner="SeleniumLibrary">
<arg>document.querySelector('.${item['name']}').click();</arg>
<doc>Executes the given JavaScript code with possible arguments.</doc>
<status status="NOT RUN" start="2025-04-24T09:48:57.265343" elapsed="0.000223"/>
</kw>
<status status="NOT RUN" start="2025-04-24T09:48:57.264782" elapsed="0.001021"/>
</branch>
<status status="NOT RUN" start="2025-04-24T09:48:57.259095" elapsed="0.006879"/>
</if>
<status status="NOT RUN" start="2025-04-24T09:48:57.258855" elapsed="0.007195"/>
</branch>
<status status="NOT RUN" start="2025-04-24T09:48:57.258776" elapsed="0.007384"/>
</if>
<kw name="Sleep" owner="BuiltIn">
<arg>1s</arg>
<doc>Pauses the test executed for the given time.</doc>
<status status="NOT RUN" start="2025-04-24T09:48:57.266398" elapsed="0.000155"/>
</kw>
<continue>
<status status="NOT RUN" start="2025-04-24T09:48:57.266747" elapsed="0.000173"/>
</continue>
<status status="NOT RUN" start="2025-04-24T09:48:57.254587" elapsed="0.012522"/>
</branch>
<status status="NOT RUN" start="2025-04-24T09:48:57.249475" elapsed="0.017796"/>
</if>
<status status="NOT RUN" start="2025-04-24T09:48:57.248381" elapsed="0.018988"/>
</branch>
<status status="NOT RUN" start="2025-04-24T09:48:57.248272" elapsed="0.019337"/>
</if>
<kw name="Run Keyword And Return Status" owner="BuiltIn">
<var>${str_script}</var>
<arg>Should Contain</arg>
<arg>${type}</arg>
<arg>script</arg>
<doc>Runs the given keyword with given arguments and returns the status as a Boolean value.</doc>
<status status="NOT RUN" start="2025-04-24T09:48:57.268118" elapsed="0.000317"/>
</kw>
<if>
<branch type="IF" condition="${str_script}">
<kw name="Log To Console" owner="BuiltIn">
<arg>${item['name']}</arg>
<doc>Logs the given message to the console.</doc>
<status status="NOT RUN" start="2025-04-24T09:48:57.269022" elapsed="0.000122"/>
</kw>
<kw name="Sleep" owner="BuiltIn">
<arg>1s</arg>
<doc>Pauses the test executed for the given time.</doc>
<status status="NOT RUN" start="2025-04-24T09:48:57.269428" elapsed="0.000127"/>
</kw>
<kw name="Log To Console" owner="BuiltIn">
<arg>button name is ${item['name']}</arg>
<doc>Logs the given message to the console.</doc>
<status status="NOT RUN" start="2025-04-24T09:48:57.269855" elapsed="0.000077"/>
</kw>
<kw name="Execute Javascript" owner="SeleniumLibrary">
<arg>${item['name']};</arg>
<doc>Executes the given JavaScript code with possible arguments.</doc>
<status status="NOT RUN" start="2025-04-24T09:48:57.270054" elapsed="0.000048"/>
</kw>
<kw name="Sleep" owner="BuiltIn">
<arg>1s</arg>
<doc>Pauses the test executed for the given time.</doc>
<status status="NOT RUN" start="2025-04-24T09:48:57.270206" elapsed="0.000054"/>
</kw>
<continue>
<status status="NOT RUN" start="2025-04-24T09:48:57.270326" elapsed="0.000049"/>
</continue>
<status status="NOT RUN" start="2025-04-24T09:48:57.268676" elapsed="0.001774"/>
</branch>
<status status="NOT RUN" start="2025-04-24T09:48:57.268627" elapsed="0.001880"/>
</if>
<kw name="Run Keyword And Return Status" owner="BuiltIn">
<var>${str_form}</var>
<arg>Should Contain</arg>
<arg>${type}</arg>
<arg>form</arg>
<doc>Runs the given keyword with given arguments and returns the status as a Boolean value.</doc>
<status status="NOT RUN" start="2025-04-24T09:48:57.270617" elapsed="0.000063"/>
</kw>
<if>
<branch type="IF" condition="${str_form}">
<kw name="Log To Console" owner="BuiltIn">
<arg>${item['name']}</arg>
<doc>Logs the given message to the console.</doc>
<status status="NOT RUN" start="2025-04-24T09:48:57.270970" elapsed="0.000048"/>
</kw>
<kw name="Submit Form" owner="SeleniumLibrary">
<arg>xpath=//form[@${item['selector']}='${item['name']}']</arg>
<doc>Submits a form identified by ``locator``.</doc>
<status status="NOT RUN" start="2025-04-24T09:48:57.271166" elapsed="0.000054"/>
</kw>
<kw name="Sleep" owner="BuiltIn">
<arg>1s</arg>
<doc>Pauses the test executed for the given time.</doc>
<status status="NOT RUN" start="2025-04-24T09:48:57.271331" elapsed="0.000054"/>
</kw>
<continue>
<status status="NOT RUN" start="2025-04-24T09:48:57.271452" elapsed="0.000044"/>
</continue>
<status status="NOT RUN" start="2025-04-24T09:48:57.270844" elapsed="0.000702"/>
</branch>
<status status="NOT RUN" start="2025-04-24T09:48:57.270820" elapsed="0.000774"/>
</if>
<kw name="Run Keyword And Return Status" owner="BuiltIn">
<var>${str_radio}</var>
<arg>Should Contain</arg>
<arg>${type}</arg>
<arg>radio</arg>
<doc>Runs the given keyword with given arguments and returns the status as a Boolean value.</doc>
<status status="NOT RUN" start="2025-04-24T09:48:57.271700" elapsed="0.000055"/>
</kw>
<if>
<branch type="IF" condition="${str_radio}">
<kw name="Set Variable" owner="BuiltIn">
<var>${spec}</var>
<arg>${item['name']}</arg>
<doc>Returns the given values which can then be assigned to a variables.</doc>
<status status="NOT RUN" start="2025-04-24T09:48:57.272051" elapsed="0.000052"/>
</kw>
<kw name="Run Keyword And Return Status" owner="BuiltIn">
<var>${contains_left_brace}</var>
<arg>Should Contain</arg>
<arg>${spec}</arg>
<arg>{</arg>
<doc>Runs the given keyword with given arguments and returns the status as a Boolean value.</doc>
<status status="NOT RUN" start="2025-04-24T09:48:57.272317" elapsed="0.000124"/>
</kw>
<kw name="Log To Console" owner="BuiltIn">
<arg>${spec}</arg>
<doc>Logs the given message to the console.</doc>
<status status="NOT RUN" start="2025-04-24T09:48:57.272671" elapsed="0.000132"/>
</kw>
<kw name="Log To Console" owner="BuiltIn">
<arg>${contains_left_brace}</arg>
<doc>Logs the given message to the console.</doc>
<status status="NOT RUN" start="2025-04-24T09:48:57.273051" elapsed="0.000107"/>
</kw>
<if>
<branch type="IF" condition="${contains_left_brace}">
<kw name="Replace String" owner="String">
<var>${spec_var}</var>
<arg>${spec}</arg>
<arg>{</arg>
<arg>${EMPTY}</arg>
<doc>Replaces ``search_for`` in the given ``string`` with ``replace_with``.</doc>
<status status="NOT RUN" start="2025-04-24T09:48:57.273521" elapsed="0.000138"/>
</kw>
<kw name="Replace String" owner="String">
<var>${spec_var}</var>
<arg>${spec_var}</arg>
<arg>}</arg>
<arg>${EMPTY}</arg>
<doc>Replaces ``search_for`` in the given ``string`` with ``replace_with``.</doc>
<status status="NOT RUN" start="2025-04-24T09:48:57.274081" elapsed="0.000173"/>
</kw>
<kw name="Log To Console" owner="BuiltIn">
<arg>${spec_var}</arg>
<doc>Logs the given message to the console.</doc>
<status status="NOT RUN" start="2025-04-24T09:48:57.274544" elapsed="0.000124"/>
</kw>
<kw name="Run Keyword And Return Status" owner="BuiltIn">
<var>${contains_td}</var>
<arg>Should Contain</arg>
<arg>${item['tag']}</arg>
<arg>td</arg>
<doc>Runs the given keyword with given arguments and returns the status as a Boolean value.</doc>
<status status="NOT RUN" start="2025-04-24T09:48:57.275167" elapsed="0.000137"/>
</kw>
<if>
<branch type="IF" condition="${contains_td}">
<kw name="Select Radio Button Based On Td Value" owner="gui_resources">
<arg>${objdata["${spec_var}"]}</arg>
<status status="NOT RUN" start="2025-04-24T09:48:57.276045" elapsed="0.000173"/>
</kw>
<status status="NOT RUN" start="2025-04-24T09:48:57.275541" elapsed="0.000848"/>
</branch>
<branch type="ELSE">
<kw name="Set Variable" owner="BuiltIn">
<var>${spec}</var>
<arg>${item['name']}</arg>
<doc>Returns the given values which can then be assigned to a variables.</doc>
<status status="NOT RUN" start="2025-04-24T09:48:57.277195" elapsed="0.000305"/>
</kw>
<kw name="Run Keyword And Return Status" owner="BuiltIn">
<var>${contains_left_brace}</var>
<arg>Should Contain</arg>
<arg>${spec}</arg>
<arg>{</arg>
<doc>Runs the given keyword with given arguments and returns the status as a Boolean value.</doc>
<status status="NOT RUN" start="2025-04-24T09:48:57.277891" elapsed="0.000133"/>
</kw>
<if>
<branch type="IF" condition="${contains_left_brace}">
<kw name="Replace String" owner="String">
<var>${spec_var}</var>
<arg>${spec}</arg>
<arg>{</arg>
<arg>${EMPTY}</arg>
<doc>Replaces ``search_for`` in the given ``string`` with ``replace_with``.</doc>
<status status="NOT RUN" start="2025-04-24T09:48:57.278631" elapsed="0.000177"/>
</kw>
<kw name="Replace String" owner="String">
<var>${spec_var}</var>
<arg>${spec_var}</arg>
<arg>}</arg>
<arg>${EMPTY}</arg>
<doc>Replaces ``search_for`` in the given ``string`` with ``replace_with``.</doc>
<status status="NOT RUN" start="2025-04-24T09:48:57.279060" elapsed="0.000125"/>
</kw>
<kw name="Get WebElement" owner="SeleniumLibrary">
<var>${radio_button}</var>
<arg>xpath=//label[contains(text(), "${objdata['${spec_var}']}")]</arg>
<doc>Returns the first WebElement matching the given ``locator``.</doc>
<status status="NOT RUN" start="2025-04-24T09:48:57.279607" elapsed="0.000154"/>
</kw>
<kw name="Click Element" owner="SeleniumLibrary">
<arg>${radio_button}</arg>
<doc>Click the element identified by ``locator``.</doc>
<status status="NOT RUN" start="2025-04-24T09:48:57.280115" elapsed="0.000129"/>
</kw>
<status status="NOT RUN" start="2025-04-24T09:48:57.278256" elapsed="0.002187"/>
</branch>
<branch type="ELSE">
<kw name="Select Radio Button" owner="SeleniumLibrary">
<arg>${spec_var}</arg>
<arg>${objdata["${spec_var}"]}</arg>
<doc>Sets the radio button group ``group_name`` to ``value``.</doc>
<status status="NOT RUN" start="2025-04-24T09:48:57.280939" elapsed="0.000131"/>
</kw>
<status status="NOT RUN" start="2025-04-24T09:48:57.280588" elapsed="0.000614"/>
</branch>
<status status="NOT RUN" start="2025-04-24T09:48:57.278214" elapsed="0.003093"/>
</if>
<status status="NOT RUN" start="2025-04-24T09:48:57.276745" elapsed="0.004844"/>
</branch>
<status status="NOT RUN" start="2025-04-24T09:48:57.275490" elapsed="0.006225"/>
</if>
<status status="NOT RUN" start="2025-04-24T09:48:57.273314" elapsed="0.008484"/>
</branch>
<status status="NOT RUN" start="2025-04-24T09:48:57.273287" elapsed="0.008633"/>
</if>
<kw name="Sleep" owner="BuiltIn">
<arg>1s</arg>
<doc>Pauses the test executed for the given time.</doc>
<status status="NOT RUN" start="2025-04-24T09:48:57.282124" elapsed="0.000136"/>
</kw>
<continue>
<status status="NOT RUN" start="2025-04-24T09:48:57.282502" elapsed="0.000252"/>
</continue>
<status status="NOT RUN" start="2025-04-24T09:48:57.271904" elapsed="0.010996"/>
</branch>
<status status="NOT RUN" start="2025-04-24T09:48:57.271883" elapsed="0.011122"/>
</if>
<kw name="Run Keyword And Return Status" owner="BuiltIn">
<var>${str_page}</var>
<arg>Should Contain</arg>
<arg>${type}</arg>
<arg>url</arg>
<doc>Runs the given keyword with given arguments and returns the status as a Boolean value.</doc>
<status status="NOT RUN" start="2025-04-24T09:48:57.283242" elapsed="0.000227"/>
</kw>
<if>
<branch type="IF" condition="${str_page}">
<kw name="Log To Console" owner="BuiltIn">
<arg>${item['name']}</arg>
<doc>Logs the given message to the console.</doc>
<status status="NOT RUN" start="2025-04-24T09:48:57.283986" elapsed="0.000111"/>
</kw>
<kw name="Wait Until Location Contains" owner="SeleniumLibrary">
<arg>${item['name']}</arg>
<doc>Waits until the current URL contains ``expected``.</doc>
<status status="NOT RUN" start="2025-04-24T09:48:57.284355" elapsed="0.000106"/>
</kw>
<kw name="Get Location" owner="SeleniumLibrary">
<var>${current_url}</var>
<doc>Returns the current browser window URL.</doc>
<status status="NOT RUN" start="2025-04-24T09:48:57.284755" elapsed="0.000253"/>
</kw>
<kw name="Log To Console" owner="BuiltIn">
<arg>${current_url}</arg>
<doc>Logs the given message to the console.</doc>
<status status="NOT RUN" start="2025-04-24T09:48:57.285328" elapsed="0.000143"/>
</kw>
<kw name="Should Contain" owner="BuiltIn">
<arg>${current_url}</arg>
<arg>${item['name']}</arg>
<doc>Fails if ``container`` does not contain ``item`` one or more times.</doc>
<status status="NOT RUN" start="2025-04-24T09:48:57.285798" elapsed="0.000250"/>
</kw>
<kw name="Sleep" owner="BuiltIn">
<arg>1s</arg>
<doc>Pauses the test executed for the given time.</doc>
<status status="NOT RUN" start="2025-04-24T09:48:57.286372" elapsed="0.000136"/>
</kw>
<continue>
<status status="NOT RUN" start="2025-04-24T09:48:57.286704" elapsed="0.000111"/>
</continue>
<status status="NOT RUN" start="2025-04-24T09:48:57.283691" elapsed="0.003227"/>
</branch>
<status status="NOT RUN" start="2025-04-24T09:48:57.283645" elapsed="0.003372"/>
</if>
<kw name="Run Keyword And Return Status" owner="BuiltIn">
<var>${str_nava_tag}</var>
<arg>Should Contain</arg>
<arg>${type}</arg>
<arg>nav-link</arg>
<doc>Runs the given keyword with given arguments and returns the status as a Boolean value.</doc>
<status status="NOT RUN" start="2025-04-24T09:48:57.287223" elapsed="0.000108"/>
</kw>
<if>
<branch type="IF" condition="${str_nava_tag}">
<kw name="Log To Console" owner="BuiltIn">
<arg>Link name is ${item['name']}</arg>
<doc>Logs the given message to the console.</doc>
<status status="NOT RUN" start="2025-04-24T09:48:57.288121" elapsed="0.000106"/>
</kw>
<kw name="Log To Console" owner="BuiltIn">
<arg>A Tag name is ${item['name']}</arg>
<doc>Logs the given message to the console.</doc>
<status status="NOT RUN" start="2025-04-24T09:48:57.288570" elapsed="0.000199"/>
</kw>
<kw name="Log To Console" owner="BuiltIn">
<arg>${str_nava_tag}</arg>
<doc>Logs the given message to the console.</doc>
<status status="NOT RUN" start="2025-04-24T09:48:57.289010" elapsed="0.000127"/>
</kw>
<kw name="Set Variable" owner="BuiltIn">
<var>${spec}</var>
<arg>${item['name']}</arg>
<doc>Returns the given values which can then be assigned to a variables.</doc>
<status status="NOT RUN" start="2025-04-24T09:48:57.289416" elapsed="0.000079"/>
</kw>
<kw name="Run Keyword And Return Status" owner="BuiltIn">
<var>${contains_left_brace}</var>
<arg>Should Contain</arg>
<arg>${spec}</arg>
<arg>{</arg>
<doc>Runs the given keyword with given arguments and returns the status as a Boolean value.</doc>
<status status="NOT RUN" start="2025-04-24T09:48:57.289632" elapsed="0.000059"/>
</kw>
<kw name="Log To Console" owner="BuiltIn">
<arg>${spec}</arg>
<doc>Logs the given message to the console.</doc>
<status status="NOT RUN" start="2025-04-24T09:48:57.289889" elapsed="0.000113"/>
</kw>
<kw name="Log To Console" owner="BuiltIn">
<arg>${contains_left_brace}</arg>
<doc>Logs the given message to the console.</doc>
<status status="NOT RUN" start="2025-04-24T09:48:57.290183" elapsed="0.000059"/>
</kw>
<if>
<branch type="IF" condition="${contains_left_brace}">
<kw name="Replace String" owner="String">
<var>${spec_var}</var>
<arg>${spec}</arg>
<arg>{</arg>
<arg>${EMPTY}</arg>
<doc>Replaces ``search_for`` in the given ``string`` with ``replace_with``.</doc>
<status status="NOT RUN" start="2025-04-24T09:48:57.291271" elapsed="0.000075"/>
</kw>
<kw name="Replace String" owner="String">
<var>${spec_var}</var>
<arg>${spec_var}</arg>
<arg>}</arg>
<arg>${EMPTY}</arg>
<doc>Replaces ``search_for`` in the given ``string`` with ``replace_with``.</doc>
<status status="NOT RUN" start="2025-04-24T09:48:57.291509" elapsed="0.000060"/>
</kw>
<kw name="Run Keyword And Return Status" owner="BuiltIn">
<var>${str_a_span}</var>
<arg>Should Contain</arg>
<arg>${item['tag']}</arg>
<arg>a_span</arg>
<doc>Runs the given keyword with given arguments and returns the status as a Boolean value.</doc>
<status status="NOT RUN" start="2025-04-24T09:48:57.291765" elapsed="0.000127"/>
</kw>
<if>
<branch type="IF" condition="${str_a_span}">
<kw name="Wait Until Element Is Visible" owner="SeleniumLibrary">
<arg>xpath=//a[.//span[text()='Dashboards']]</arg>
<doc>Waits until the element ``locator`` is visible.</doc>
<status status="NOT RUN" start="2025-04-24T09:48:57.292734" elapsed="0.000155"/>
</kw>
<kw name="Click Element" owner="SeleniumLibrary">
<arg>xpath=//a[.//span[text()='Dashboards']]</arg>
<doc>Click the element identified by ``locator``.</doc>
<status status="NOT RUN" start="2025-04-24T09:48:57.293353" elapsed="0.000186"/>
</kw>
<status status="NOT RUN" start="2025-04-24T09:48:57.292332" elapsed="0.001363"/>
</branch>
<branch type="ELSE">
<kw name="Wait Until Element Is Visible" owner="SeleniumLibrary">
<arg>xpath=//a[contains(.,'${objdata['${spec_var}']}')]</arg>
<doc>Waits until the element ``locator`` is visible.</doc>
<status status="NOT RUN" start="2025-04-24T09:48:57.294150" elapsed="0.000115"/>
</kw>
<kw name="Click Element" owner="SeleniumLibrary">
<arg>xpath=//a[contains(.,'${objdata['${spec_var}']}')]</arg>
<doc>Click the element identified by ``locator``.</doc>
<status status="NOT RUN" start="2025-04-24T09:48:57.294811" elapsed="0.000224"/>
</kw>
<status status="NOT RUN" start="2025-04-24T09:48:57.293829" elapsed="0.001392"/>
</branch>
<status status="NOT RUN" start="2025-04-24T09:48:57.292277" elapsed="0.003158"/>
</if>
<kw name="Sleep" owner="BuiltIn">
<arg>1s</arg>
<doc>Pauses the test executed for the given time.</doc>
<status status="NOT RUN" start="2025-04-24T09:48:57.295716" elapsed="0.000161"/>
</kw>
<continue>
<status status="NOT RUN" start="2025-04-24T09:48:57.296038" elapsed="0.000156"/>
</continue>
<status status="NOT RUN" start="2025-04-24T09:48:57.290516" elapsed="0.005911"/>
</branch>
<status status="NOT RUN" start="2025-04-24T09:48:57.290451" elapsed="0.006183"/>
</if>
<status status="NOT RUN" start="2025-04-24T09:48:57.287801" elapsed="0.008944"/>
</branch>
<status status="NOT RUN" start="2025-04-24T09:48:57.287684" elapsed="0.009225"/>
</if>
<kw name="Run Keyword And Return Status" owner="BuiltIn">
<var>${str_link}</var>
<arg>Should Contain</arg>
<arg>${type}</arg>
<arg>link</arg>
<doc>Runs the given keyword with given arguments and returns the status as a Boolean value.</doc>
<status status="NOT RUN" start="2025-04-24T09:48:57.297252" elapsed="0.000282"/>
</kw>
<if>
<branch type="IF" condition="${str_link}">
<kw name="Run Keyword And Return Status" owner="BuiltIn">
<var>${str_a_tag}</var>
<arg>Should Contain</arg>
<arg>${item['tag']}</arg>
<arg>td_a_tag</arg>
<doc>Runs the given keyword with given arguments and returns the status as a Boolean value.</doc>
<status status="NOT RUN" start="2025-04-24T09:48:57.298443" elapsed="0.000205"/>
</kw>
<if>
<branch type="IF" condition="${str_a_tag}">
<kw name="Log To Console" owner="BuiltIn">
<arg>A Tag name is ${item['name']}</arg>
<doc>Logs the given message to the console.</doc>
<status status="NOT RUN" start="2025-04-24T09:48:57.299459" elapsed="0.000179"/>
</kw>
<kw name="Log To Console" owner="BuiltIn">
<arg>${str_a_tag}</arg>
<doc>Logs the given message to the console.</doc>
<status status="NOT RUN" start="2025-04-24T09:48:57.300024" elapsed="0.000178"/>
</kw>
<kw name="Set Variable" owner="BuiltIn">
<var>${spec}</var>
<arg>${item['name']}</arg>
<doc>Returns the given values which can then be assigned to a variables.</doc>
<status status="NOT RUN" start="2025-04-24T09:48:57.300750" elapsed="0.000184"/>
</kw>
<kw name="Run Keyword And Return Status" owner="BuiltIn">
<var>${contains_left_brace}</var>
<arg>Should Contain</arg>
<arg>${spec}</arg>
<arg>{</arg>
<doc>Runs the given keyword with given arguments and returns the status as a Boolean value.</doc>
<status status="NOT RUN" start="2025-04-24T09:48:57.301369" elapsed="0.000235"/>
</kw>
<kw name="Log To Console" owner="BuiltIn">
<arg>${spec}</arg>
<doc>Logs the given message to the console.</doc>
<status status="NOT RUN" start="2025-04-24T09:48:57.302026" elapsed="0.000169"/>
</kw>
<kw name="Log To Console" owner="BuiltIn">
<arg>${contains_left_brace}</arg>
<doc>Logs the given message to the console.</doc>
<status status="NOT RUN" start="2025-04-24T09:48:57.302649" elapsed="0.000173"/>
</kw>
<if>
<branch type="IF" condition="${contains_left_brace}">
<kw name="Replace String" owner="String">
<var>${spec_var}</var>
<arg>${spec}</arg>
<arg>{</arg>
<arg>${EMPTY}</arg>
<doc>Replaces ``search_for`` in the given ``string`` with ``replace_with``.</doc>
<status status="NOT RUN" start="2025-04-24T09:48:57.303640" elapsed="0.000190"/>
</kw>
<kw name="Replace String" owner="String">
<var>${spec_var}</var>
<arg>${spec_var}</arg>
<arg>}</arg>
<arg>${EMPTY}</arg>
<doc>Replaces ``search_for`` in the given ``string`` with ``replace_with``.</doc>
<status status="NOT RUN" start="2025-04-24T09:48:57.304150" elapsed="0.000162"/>
</kw>
<kw name="Click Button Based on Td Value" owner="gui_resources">
<arg>${objdata['${spec_var}']}</arg>
<arg>${type}</arg>
<status status="NOT RUN" start="2025-04-24T09:48:57.305711" elapsed="0.000191"/>
</kw>
<status status="NOT RUN" start="2025-04-24T09:48:57.303140" elapsed="0.002949"/>
</branch>
<status status="NOT RUN" start="2025-04-24T09:48:57.303063" elapsed="0.003211"/>
</if>
<status status="NOT RUN" start="2025-04-24T09:48:57.298990" elapsed="0.007353"/>
</branch>
<branch type="ELSE">
<kw name="Log To Console" owner="BuiltIn">
<arg>Link name is ${item['name']}</arg>
<doc>Logs the given message to the console.</doc>
<status status="NOT RUN" start="2025-04-24T09:48:57.306779" elapsed="0.000120"/>
</kw>
<kw name="Wait Until Element Is Not Visible" owner="SeleniumLibrary">
<arg>xpath=//div[@class='blockUI blockOverlay']</arg>
<doc>Waits until the element ``locator`` is not visible.</doc>
<status status="NOT RUN" start="2025-04-24T09:48:57.307184" elapsed="0.000114"/>
</kw>
<kw name="Wait Until Element Is Visible" owner="SeleniumLibrary">
<arg>${item['selector']}:${item['name']}</arg>
<doc>Waits until the element ``locator`` is visible.</doc>
<status status="NOT RUN" start="2025-04-24T09:48:57.307605" elapsed="0.000124"/>
</kw>
<kw name="Wait Until Element Is Enabled" owner="SeleniumLibrary">
<arg>${item['selector']}:${item['name']}</arg>
<doc>Waits until the element ``locator`` is enabled.</doc>
<status status="NOT RUN" start="2025-04-24T09:48:57.308141" elapsed="0.000176"/>
</kw>
<kw name="Click Link" owner="SeleniumLibrary">
<arg>${item['selector']}=${item['name']}</arg>
<doc>Clicks a link identified by ``locator``.</doc>
<status status="NOT RUN" start="2025-04-24T09:48:57.308936" elapsed="0.000196"/>
</kw>
<kw name="Sleep" owner="BuiltIn">
<arg>0.5s</arg>
<doc>Pauses the test executed for the given time.</doc>
<status status="NOT RUN" start="2025-04-24T09:48:57.309588" elapsed="0.000190"/>
</kw>
<status status="NOT RUN" start="2025-04-24T09:48:57.306445" elapsed="0.003534"/>
</branch>
<status status="NOT RUN" start="2025-04-24T09:48:57.298921" elapsed="0.011230"/>
</if>
<kw name="Sleep" owner="BuiltIn">
<arg>1s</arg>
<doc>Pauses the test executed for the given time.</doc>
<status status="NOT RUN" start="2025-04-24T09:48:57.310390" elapsed="0.000201"/>
</kw>
<continue>
<status status="NOT RUN" start="2025-04-24T09:48:57.310743" elapsed="0.000108"/>
</continue>
<status status="NOT RUN" start="2025-04-24T09:48:57.297926" elapsed="0.013029"/>
</branch>
<status status="NOT RUN" start="2025-04-24T09:48:57.297851" elapsed="0.013208"/>
</if>
<kw name="Run Keyword And Return Status" owner="BuiltIn">
<var>${str_h2}</var>
<arg>Should Contain</arg>
<arg>${type}</arg>
<arg>h2</arg>
<doc>Runs the given keyword with given arguments and returns the status as a Boolean value.</doc>
<status status="NOT RUN" start="2025-04-24T09:48:57.311278" elapsed="0.000111"/>
</kw>
<if>
<branch type="IF" condition="${str_h2}">
<kw name="Log To Console" owner="BuiltIn">
<arg>${item['name']}</arg>
<doc>Logs the given message to the console.</doc>
<status status="NOT RUN" start="2025-04-24T09:48:57.311969" elapsed="0.000120"/>
</kw>
<kw name="Set Variable" owner="BuiltIn">
<var>${spec}</var>
<arg>${item['name']}</arg>
<doc>Returns the given values which can then be assigned to a variables.</doc>
<status status="NOT RUN" start="2025-04-24T09:48:57.312538" elapsed="0.000172"/>
</kw>
<kw name="Run Keyword And Return Status" owner="BuiltIn">
<var>${contains_left_brace}</var>
<arg>Should Contain</arg>
<arg>${spec}</arg>
<arg>{</arg>
<doc>Runs the given keyword with given arguments and returns the status as a Boolean value.</doc>
<status status="NOT RUN" start="2025-04-24T09:48:57.313059" elapsed="0.000145"/>
</kw>
<kw name="Log To Console" owner="BuiltIn">
<arg>${spec}</arg>
<doc>Logs the given message to the console.</doc>
<status status="NOT RUN" start="2025-04-24T09:48:57.313587" elapsed="0.000130"/>
</kw>
<kw name="Log To Console" owner="BuiltIn">
<arg>${contains_left_brace}</arg>
<doc>Logs the given message to the console.</doc>
<status status="NOT RUN" start="2025-04-24T09:48:57.313955" elapsed="0.000104"/>
</kw>
<if>
<branch type="IF" condition="${contains_left_brace}">
<kw name="Replace String" owner="String">
<var>${spec_var}</var>
<arg>${spec}</arg>
<arg>{</arg>
<arg>${EMPTY}</arg>
<doc>Replaces ``search_for`` in the given ``string`` with ``replace_with``.</doc>
<status status="NOT RUN" start="2025-04-24T09:48:57.314696" elapsed="0.000157"/>
</kw>
<kw name="Replace String" owner="String">
<var>${spec_var}</var>
<arg>${spec_var}</arg>
<arg>}</arg>
<arg>${EMPTY}</arg>
<doc>Replaces ``search_for`` in the given ``string`` with ``replace_with``.</doc>
<status status="NOT RUN" start="2025-04-24T09:48:57.315121" elapsed="0.000106"/>
</kw>
<kw name="Wait Until Element Is Not Visible" owner="SeleniumLibrary">
<arg>xpath=//h2[@${item['selector']}='${spec_var}' and text()='${objdata['${spec_var}']}']</arg>
<doc>Waits until the element ``locator`` is not visible.</doc>
<status status="NOT RUN" start="2025-04-24T09:48:57.315622" elapsed="0.000124"/>
</kw>
<status status="NOT RUN" start="2025-04-24T09:48:57.314257" elapsed="0.001613"/>
</branch>
<branch type="ELSE">
<kw name="Wait Until Element Is Not Visible" owner="SeleniumLibrary">
<arg>xpath=//h2[@${item['selector']}='${item['name']}']</arg>
<doc>Waits until the element ``locator`` is not visible.</doc>
<status status="NOT RUN" start="2025-04-24T09:48:57.316248" elapsed="0.000124"/>
</kw>
<status status="NOT RUN" start="2025-04-24T09:48:57.315985" elapsed="0.000726"/>
</branch>
<status status="NOT RUN" start="2025-04-24T09:48:57.314213" elapsed="0.002761"/>
</if>
<kw name="Sleep" owner="BuiltIn">
<arg>1s</arg>
<doc>Pauses the test executed for the given time.</doc>
<status status="NOT RUN" start="2025-04-24T09:48:57.317273" elapsed="0.000232"/>
</kw>
<continue>
<status status="NOT RUN" start="2025-04-24T09:48:57.317889" elapsed="0.000161"/>
</continue>
<status status="NOT RUN" start="2025-04-24T09:48:57.311670" elapsed="0.006533"/>
</branch>
<status status="NOT RUN" start="2025-04-24T09:48:57.311620" elapsed="0.006731"/>
</if>
<kw name="Run Keyword And Return Status" owner="BuiltIn">
<var>${str_loading}</var>
<arg>Should Contain</arg>
<arg>${type}</arg>
<arg>loading</arg>
<doc>Runs the given keyword with given arguments and returns the status as a Boolean value.</doc>
<status status="NOT RUN" start="2025-04-24T09:48:57.318642" elapsed="0.000147"/>
</kw>
<if>
<branch type="IF" condition="${str_loading}">
<kw name="Log To Console" owner="BuiltIn">
<arg>${item['name']}</arg>
<doc>Logs the given message to the console.</doc>
<status status="NOT RUN" start="2025-04-24T09:48:57.319474" elapsed="0.000198"/>
</kw>
<kw name="Wait Until Element Is Not Visible" owner="SeleniumLibrary">
<arg>${item['selector']}=${item['name']}</arg>
<doc>Waits until the element ``locator`` is not visible.</doc>
<status status="NOT RUN" start="2025-04-24T09:48:57.319963" elapsed="0.000112"/>
</kw>
<kw name="Sleep" owner="BuiltIn">
<arg>1s</arg>
<doc>Pauses the test executed for the given time.</doc>
<status status="NOT RUN" start="2025-04-24T09:48:57.320310" elapsed="0.000105"/>
</kw>
<continue>
<status status="NOT RUN" start="2025-04-24T09:48:57.320626" elapsed="0.000229"/>
</continue>
<status status="NOT RUN" start="2025-04-24T09:48:57.319038" elapsed="0.001984"/>
</branch>
<status status="NOT RUN" start="2025-04-24T09:48:57.318990" elapsed="0.002149"/>
</if>
<kw name="Run Keyword And Return Status" owner="BuiltIn">
<var>${str_modal}</var>
<arg>Should Contain</arg>
<arg>${type}</arg>
<arg>div</arg>
<doc>Runs the given keyword with given arguments and returns the status as a Boolean value.</doc>
<status status="NOT RUN" start="2025-04-24T09:48:57.321383" elapsed="0.000134"/>
</kw>
<if>
<branch type="IF" condition="${str_modal}">
<kw name="Run Keyword And Return Status" owner="BuiltIn">
<var>${str_select}</var>
<arg>Should Contain</arg>
<arg>${item['tag']}</arg>
<arg>select</arg>
<doc>Runs the given keyword with given arguments and returns the status as a Boolean value.</doc>
<status status="NOT RUN" start="2025-04-24T09:48:57.322150" elapsed="0.000134"/>
</kw>
<if>
<branch type="IF" condition="${str_select}">
<kw name="Log To Console" owner="BuiltIn">
<arg>${item['name']}</arg>
<doc>Logs the given message to the console.</doc>
<status status="NOT RUN" start="2025-04-24T09:48:57.322975" elapsed="0.000139"/>
</kw>
<kw name="Set Variable" owner="BuiltIn">
<var>${spec}</var>
<arg>${item['name']}</arg>
<doc>Returns the given values which can then be assigned to a variables.</doc>
<status status="NOT RUN" start="2025-04-24T09:48:57.323417" elapsed="0.000173"/>
</kw>
<kw name="Run Keyword And Return Status" owner="BuiltIn">
<var>${contains_left_brace}</var>
<arg>Should Contain</arg>
<arg>${spec}</arg>
<arg>{</arg>
[...]
<kw name="Run Keyword And Return Status" owner="BuiltIn">
<var>${contains_left_bracket}</var>
<arg>Should Contain</arg>
<arg>${spec_var}</arg>
<arg>[</arg>
<doc>Runs the given keyword with given arguments and returns the status as a Boolean value.</doc>
<status status="NOT RUN" start="2025-04-24T09:49:02.607435" elapsed="0.000066"/>
</kw>
<if>
<branch type="IF" condition="${contains_left_bracket}">
<kw name="Replace String" owner="String">
<var>${cleaned_string}</var>
<arg>${spec_var}</arg>
<arg>[</arg>
<arg>${EMPTY}</arg>
<doc>Replaces ``search_for`` in the given ``string`` with ``replace_with``.</doc>
<status status="NOT RUN" start="2025-04-24T09:49:02.607898" elapsed="0.000069"/>
</kw>
<kw name="Replace String Using Regexp" owner="String">
<var>${cleaned_string}</var>
<arg>${cleaned_string}</arg>
<arg>\\d*</arg>
<arg>${EMPTY}</arg>
<doc>Replaces ``pattern`` in the given ``string`` with ``replace_with``.</doc>
<status status="NOT RUN" start="2025-04-24T09:49:02.608302" elapsed="0.000212"/>
</kw>
<kw name="Replace String" owner="String">
<var>${cleaned_string}</var>
<arg>${cleaned_string}</arg>
<arg>]</arg>
<arg>${EMPTY}</arg>
<doc>Replaces ``search_for`` in the given ``string`` with ``replace_with``.</doc>
<status status="NOT RUN" start="2025-04-24T09:49:02.608676" elapsed="0.000067"/>
</kw>
<kw name="Log To Console" owner="BuiltIn">
<arg>${cleaned_string}</arg>
<doc>Logs the given message to the console.</doc>
<status status="NOT RUN" start="2025-04-24T09:49:02.609335" elapsed="0.000257"/>
</kw>
<kw name="Wait Until Element Is Visible" owner="SeleniumLibrary">
<arg>//div[contains(@${item['selector']},'${cleaned_string}') and text()='${objdata['${spec_var}']}']</arg>
<arg>timeout=2s</arg>
<doc>Waits until the element ``locator`` is visible.</doc>
<status status="NOT RUN" start="2025-04-24T09:49:02.610069" elapsed="0.000205"/>
</kw>
<kw name="Click Element" owner="SeleniumLibrary">
<arg>xpath=//div[contains(@${item['selector']},'${cleaned_string}') and text()='${objdata['${spec_var}']}']</arg>
<doc>Click the element identified by ``locator``.</doc>
<status status="NOT RUN" start="2025-04-24T09:49:02.610754" elapsed="0.000304"/>
</kw>
<status status="NOT RUN" start="2025-04-24T09:49:02.607737" elapsed="0.003578"/>
</branch>
<branch type="ELSE">
<kw name="Wait Until Element Is Visible" owner="SeleniumLibrary">
<arg>//div[contains(@${item['selector']},'${spec_var}') and text()='${objdata['${spec_var}']}']</arg>
<arg>timeout=2s</arg>
<doc>Waits until the element ``locator`` is visible.</doc>
<status status="NOT RUN" start="2025-04-24T09:49:02.611941" elapsed="0.000112"/>
</kw>
<kw name="Click Element" owner="SeleniumLibrary">
<arg>xpath=//div[contains(@${item['selector']},'${spec_var}') and text()='${objdata['${spec_var}']}']</arg>
<doc>Click the element identified by ``locator``.</doc>
<status status="NOT RUN" start="2025-04-24T09:49:02.612244" elapsed="0.000079"/>
</kw>
<status status="NOT RUN" start="2025-04-24T09:49:02.611549" elapsed="0.000991"/>
</branch>
<status status="NOT RUN" start="2025-04-24T09:49:02.607691" elapsed="0.004929"/>
</if>
<status status="NOT RUN" start="2025-04-24T09:49:02.607261" elapsed="0.005435"/>
</branch>
<status status="NOT RUN" start="2025-04-24T09:49:02.607235" elapsed="0.005534"/>
</if>
<status status="NOT RUN" start="2025-04-24T09:49:02.605761" elapsed="0.007061"/>
</branch>
<branch type="ELSE">
<kw name="Run Keyword And Return Status" owner="BuiltIn">
<var>${str_class}</var>
<arg>Should Contain</arg>
<arg>${item['selector']}</arg>
<arg>class</arg>
<doc>Runs the given keyword with given arguments and returns the status as a Boolean value.</doc>
<status status="NOT RUN" start="2025-04-24T09:49:02.613172" elapsed="0.000154"/>
</kw>
<if>
<branch type="IF" condition="${str_class}">
<kw name="Wait Until Element Is Visible" owner="SeleniumLibrary">
<arg>//div[contains(@${item['selector']},'${item['name']}')]</arg>
<arg>timeout=2s</arg>
<doc>Waits until the element ``locator`` is visible.</doc>
<status status="NOT RUN" start="2025-04-24T09:49:02.614101" elapsed="0.000079"/>
</kw>
<kw name="Log To Console" owner="BuiltIn">
<arg>element name class ${item['name']}</arg>
<doc>Logs the given message to the console.</doc>
<status status="NOT RUN" start="2025-04-24T09:49:02.614513" elapsed="0.000092"/>
</kw>
<kw name="Click Element" owner="SeleniumLibrary">
<arg>xpath=//div[@${item['selector']}='${item['name']}']</arg>
<doc>Click the element identified by ``locator``.</doc>
<status status="NOT RUN" start="2025-04-24T09:49:02.614842" elapsed="0.000085"/>
</kw>
<kw name="Sleep" owner="BuiltIn">
<arg>1s</arg>
<doc>Pauses the test executed for the given time.</doc>
<status status="NOT RUN" start="2025-04-24T09:49:02.615278" elapsed="0.000116"/>
</kw>
<status status="NOT RUN" start="2025-04-24T09:49:02.613700" elapsed="0.001792"/>
</branch>
<branch type="ELSE">
<kw name="Wait Until Element Is Visible" owner="SeleniumLibrary">
<arg>//div[@${item['selector']}='${item['name']}']</arg>
<arg>timeout=2s</arg>
<doc>Waits until the element ``locator`` is visible.</doc>
<status status="NOT RUN" start="2025-04-24T09:49:02.616191" elapsed="0.000091"/>
</kw>
<kw name="Log To Console" owner="BuiltIn">
<arg>element name ${item['name']}</arg>
<doc>Logs the given message to the console.</doc>
<status status="NOT RUN" start="2025-04-24T09:49:02.616484" elapsed="0.000083"/>
</kw>
<kw name="Click Element" owner="SeleniumLibrary">
<arg>xpath=//div[@${item['selector']}='${item['name']}']</arg>
<doc>Click the element identified by ``locator``.</doc>
<status status="NOT RUN" start="2025-04-24T09:49:02.616733" elapsed="0.000073"/>
</kw>
<kw name="Sleep" owner="BuiltIn">
<arg>1s</arg>
<doc>Pauses the test executed for the given time.</doc>
<status status="NOT RUN" start="2025-04-24T09:49:02.616974" elapsed="0.000116"/>
</kw>
<status status="NOT RUN" start="2025-04-24T09:49:02.615581" elapsed="0.001611"/>
</branch>
<status status="NOT RUN" start="2025-04-24T09:49:02.613630" elapsed="0.003712"/>
</if>
<status status="NOT RUN" start="2025-04-24T09:49:02.612911" elapsed="0.004492"/>
</branch>
<status status="NOT RUN" start="2025-04-24T09:49:02.605735" elapsed="0.011767"/>
</if>
<status status="NOT RUN" start="2025-04-24T09:49:02.603353" elapsed="0.014207"/>
</branch>
<branch type="ELSE">
<kw name="Log To Console" owner="BuiltIn">
<arg>${item['name']}</arg>
<doc>Logs the given message to the console.</doc>
<status status="PASS" start="2025-04-24T09:49:02.618091" elapsed="0.001618"/>
</kw>
<kw name="Set Variable" owner="BuiltIn">
<msg time="2025-04-24T09:49:02.622482" level="INFO">${spec} = {page-title-box}</msg>
<var>${spec}</var>
<arg>${item['name']}</arg>
<doc>Returns the given values which can then be assigned to a variables.</doc>
<status status="PASS" start="2025-04-24T09:49:02.620017" elapsed="0.002605"/>
</kw>
<kw name="Run Keyword And Return Status" owner="BuiltIn">
<kw name="Should Contain" owner="BuiltIn">
<arg>${spec}</arg>
<arg>{</arg>
<doc>Fails if ``container`` does not contain ``item`` one or more times.</doc>
<status status="PASS" start="2025-04-24T09:49:02.623419" elapsed="0.000523"/>
</kw>
<msg time="2025-04-24T09:49:02.624193" level="INFO">${contains_left_brace} = True</msg>
<var>${contains_left_brace}</var>
<arg>Should Contain</arg>
<arg>${spec}</arg>
<arg>{</arg>
<doc>Runs the given keyword with given arguments and returns the status as a Boolean value.</doc>
<status status="PASS" start="2025-04-24T09:49:02.622995" elapsed="0.001246"/>
</kw>
<kw name="Log To Console" owner="BuiltIn">
<arg>${spec}</arg>
<doc>Logs the given message to the console.</doc>
<status status="PASS" start="2025-04-24T09:49:02.624439" elapsed="0.000858"/>
</kw>
<kw name="Log To Console" owner="BuiltIn">
<arg>${contains_left_brace}</arg>
<doc>Logs the given message to the console.</doc>
<status status="PASS" start="2025-04-24T09:49:02.625466" elapsed="0.000289"/>
</kw>
<if>
<branch type="IF" condition="${contains_left_brace}">
<kw name="Replace String" owner="String">
<msg time="2025-04-24T09:49:02.628123" level="INFO">${spec_var} = page-title-box}</msg>
<var>${spec_var}</var>
<arg>${spec}</arg>
<arg>{</arg>
<arg>${EMPTY}</arg>
<doc>Replaces ``search_for`` in the given ``string`` with ``replace_with``.</doc>
<status status="PASS" start="2025-04-24T09:49:02.626471" elapsed="0.001770"/>
</kw>
<kw name="Replace String" owner="String">
<msg time="2025-04-24T09:49:02.630771" level="INFO">${spec_var} = page-title-box</msg>
<var>${spec_var}</var>
<arg>${spec_var}</arg>
<arg>}</arg>
<arg>${EMPTY}</arg>
<doc>Replaces ``search_for`` in the given ``string`` with ``replace_with``.</doc>
<status status="PASS" start="2025-04-24T09:49:02.628664" elapsed="0.002350"/>
</kw>
<kw name="Run Keyword And Return Status" owner="BuiltIn">
<kw name="Should Contain" owner="BuiltIn">
<arg>${item['selector']}</arg>
<arg>class</arg>
<doc>Fails if ``container`` does not contain ``item`` one or more times.</doc>
<status status="PASS" start="2025-04-24T09:49:02.631680" elapsed="0.000880"/>
</kw>
<msg time="2025-04-24T09:49:02.633142" level="INFO">${str_class} = True</msg>
<var>${str_class}</var>
<arg>Should Contain</arg>
<arg>${item['selector']}</arg>
<arg>class</arg>
<doc>Runs the given keyword with given arguments and returns the status as a Boolean value.</doc>
<status status="PASS" start="2025-04-24T09:49:02.631289" elapsed="0.001975"/>
</kw>
<if>
<branch type="IF" condition="${str_class}">
<kw name="Wait Until Element Is Visible" owner="SeleniumLibrary">
<arg>//div[contains(@${item['selector']},'${spec_Var}')]</arg>
<arg>timeout=2s</arg>
<doc>Waits until the element ``locator`` is visible.</doc>
<status status="PASS" start="2025-04-24T09:49:02.634405" elapsed="0.037112"/>
</kw>
<status status="PASS" start="2025-04-24T09:49:02.633658" elapsed="0.037994"/>
</branch>
<branch type="ELSE">
<kw name="Wait Until Element Is Visible" owner="SeleniumLibrary">
<arg>//div[@${item['selector']}='${spec_Var}']</arg>
<arg>timeout=2s</arg>
<doc>Waits until the element ``locator`` is visible.</doc>
<status status="NOT RUN" start="2025-04-24T09:49:02.672123" elapsed="0.000097"/>
</kw>
<status status="NOT RUN" start="2025-04-24T09:49:02.671735" elapsed="0.000595"/>
</branch>
<status status="PASS" start="2025-04-24T09:49:02.633578" elapsed="0.038813"/>
</if>
<status status="PASS" start="2025-04-24T09:49:02.625931" elapsed="0.046516"/>
</branch>
<branch type="ELSE">
<kw name="Run Keyword And Return Status" owner="BuiltIn">
<var>${str_class}</var>
<arg>Should Contain</arg>
<arg>${item['selector']}</arg>
<arg>class</arg>
<doc>Runs the given keyword with given arguments and returns the status as a Boolean value.</doc>
<status status="NOT RUN" start="2025-04-24T09:49:02.672838" elapsed="0.000202"/>
</kw>
<if>
<branch type="IF" condition="${str_class}">
<kw name="Wait Until Element Is Visible" owner="SeleniumLibrary">
<arg>//div[contains(@${item['selector']},'${item['name']}')]</arg>
<arg>timeout=2s</arg>
<doc>Waits until the element ``locator`` is visible.</doc>
<status status="NOT RUN" start="2025-04-24T09:49:02.673512" elapsed="0.000063"/>
</kw>
<status status="NOT RUN" start="2025-04-24T09:49:02.673294" elapsed="0.000355"/>
</branch>
<branch type="ELSE">
<kw name="Wait Until Element Is Visible" owner="SeleniumLibrary">
<arg>//div[@${item['selector']}='${item['name']}']</arg>
<arg>timeout=2s</arg>
<doc>Waits until the element ``locator`` is visible.</doc>
<status status="NOT RUN" start="2025-04-24T09:49:02.674031" elapsed="0.000115"/>
</kw>
<status status="NOT RUN" start="2025-04-24T09:49:02.673702" elapsed="0.000575"/>
</branch>
<status status="NOT RUN" start="2025-04-24T09:49:02.673244" elapsed="0.001133"/>
</if>
<status status="NOT RUN" start="2025-04-24T09:49:02.672508" elapsed="0.001928"/>
</branch>
<status status="PASS" start="2025-04-24T09:49:02.625875" elapsed="0.048651"/>
</if>
<status status="PASS" start="2025-04-24T09:49:02.617772" elapsed="0.056831"/>
</branch>
<status status="PASS" start="2025-04-24T09:49:02.603277" elapsed="0.071418"/>
</if>
<kw name="Sleep" owner="BuiltIn">
<msg time="2025-04-24T09:49:03.676576" level="INFO">Slept 1 second.</msg>
<arg>1s</arg>
<doc>Pauses the test executed for the given time.</doc>
<status status="PASS" start="2025-04-24T09:49:02.674841" elapsed="1.001908"/>
</kw>
<continue>
<status status="PASS" start="2025-04-24T09:49:03.676911" elapsed="0.000204"/>
</continue>
<status status="PASS" start="2025-04-24T09:49:02.600825" elapsed="1.076397"/>
</branch>
<status status="PASS" start="2025-04-24T09:49:02.600782" elapsed="1.076542"/>
</if>
<kw name="Run Keyword And Return Status" owner="BuiltIn">
<var>${str_cb}</var>
<arg>Should Contain</arg>
<arg>${type}</arg>
<arg>checkbox</arg>
<doc>Runs the given keyword with given arguments and returns the status as a Boolean value.</doc>
<status status="NOT RUN" start="2025-04-24T09:49:03.677540" elapsed="0.000115"/>
</kw>
<if>
<branch type="IF" condition="${str_cb}">
<kw name="Log To Console" owner="BuiltIn">
<arg>${item['name']}</arg>
<doc>Logs the given message to the console.</doc>
<status status="NOT RUN" start="2025-04-24T09:49:03.678196" elapsed="0.000201"/>
</kw>
<kw name="Set Variable" owner="BuiltIn">
<var>${spec}</var>
<arg>${item['name']}</arg>
<doc>Returns the given values which can then be assigned to a variables.</doc>
<status status="NOT RUN" start="2025-04-24T09:49:03.678642" elapsed="0.000161"/>
</kw>
<kw name="Run Keyword And Return Status" owner="BuiltIn">
<var>${contains_left_brace}</var>
<arg>Should Contain</arg>
<arg>${spec}</arg>
<arg>{</arg>
<doc>Runs the given keyword with given arguments and returns the status as a Boolean value.</doc>
<status status="NOT RUN" start="2025-04-24T09:49:03.679051" elapsed="0.000071"/>
</kw>
<kw name="Log To Console" owner="BuiltIn">
<arg>${spec}</arg>
<doc>Logs the given message to the console.</doc>
<status status="NOT RUN" start="2025-04-24T09:49:03.679317" elapsed="0.000075"/>
</kw>
<kw name="Log To Console" owner="BuiltIn">
<arg>${contains_left_brace}</arg>
<doc>Logs the given message to the console.</doc>
<status status="NOT RUN" start="2025-04-24T09:49:03.679645" elapsed="0.000089"/>
</kw>
<if>
<branch type="IF" condition="${contains_left_brace}">
<kw name="Replace String" owner="String">
<var>${spec_var}</var>
<arg>${spec}</arg>
<arg>{</arg>
<arg>${EMPTY}</arg>
<doc>Replaces ``search_for`` in the given ``string`` with ``replace_with``.</doc>
<status status="NOT RUN" start="2025-04-24T09:49:03.680062" elapsed="0.000131"/>
</kw>
<kw name="Replace String" owner="String">
<var>${spec_var}</var>
<arg>${spec_var}</arg>
<arg>}</arg>
<arg>${EMPTY}</arg>
<doc>Replaces ``search_for`` in the given ``string`` with ``replace_with``.</doc>
<status status="NOT RUN" start="2025-04-24T09:49:03.680544" elapsed="0.000483"/>
</kw>
<kw name="Get WebElement" owner="SeleniumLibrary">
<var>${checkbox}</var>
<arg>xpath=//table[@${item['selector']}='${spec_Var}']//td[text()='${objdata['${spec_var}']}']/preceding-sibling::td/input[@type='checkbox']</arg>
<doc>Returns the first WebElement matching the given ``locator``.</doc>
<status status="NOT RUN" start="2025-04-24T09:49:03.681235" elapsed="0.000154"/>
</kw>
<kw name="Click Element" owner="SeleniumLibrary">
<arg>${checkbox}</arg>
<doc>Click the element identified by ``locator``.</doc>
<status status="NOT RUN" start="2025-04-24T09:49:03.681574" elapsed="0.000118"/>
</kw>
<status status="NOT RUN" start="2025-04-24T09:49:03.679859" elapsed="0.001931"/>
</branch>
<branch type="ELSE">
<kw name="Select Frame" owner="SeleniumLibrary">
<arg>xpath=//iframe[contains(@src, 'recaptcha')]</arg>
<doc>Sets frame identified by ``locator`` as the current frame.</doc>
<status status="NOT RUN" start="2025-04-24T09:49:03.682051" elapsed="0.000048"/>
</kw>
<kw name="Wait Until Element Is Visible" owner="SeleniumLibrary">
<arg>xpath=//span[contains(@id,'recaptcha-anchor')]</arg>
<doc>Waits until the element ``locator`` is visible.</doc>
<status status="NOT RUN" start="2025-04-24T09:49:03.682204" elapsed="0.000064"/>
</kw>
<kw name="Get WebElement" owner="SeleniumLibrary">
<var>${checkbox}</var>
<arg>xpath=//span[contains(@${item['selector']},'${item['name']}')]</arg>
<doc>Returns the first WebElement matching the given ``locator``.</doc>
<status status="NOT RUN" start="2025-04-24T09:49:03.682459" elapsed="0.000091"/>
</kw>
<kw name="Click Element" owner="SeleniumLibrary">
<arg>${checkbox}</arg>
<doc>Click the element identified by ``locator``.</doc>
<status status="NOT RUN" start="2025-04-24T09:49:03.682717" elapsed="0.000064"/>
</kw>
<kw name="Sleep" owner="BuiltIn">
<arg>10s</arg>
<doc>Pauses the test executed for the given time.</doc>
<status status="NOT RUN" start="2025-04-24T09:49:03.683013" elapsed="0.000165"/>
</kw>
<kw name="Unselect Frame" owner="SeleniumLibrary">
<doc>Sets the main frame as the current frame.</doc>
<status status="NOT RUN" start="2025-04-24T09:49:03.683679" elapsed="0.000222"/>
</kw>
<status status="NOT RUN" start="2025-04-24T09:49:03.681900" elapsed="0.002181"/>
</branch>
<status status="NOT RUN" start="2025-04-24T09:49:03.679832" elapsed="0.004415"/>
</if>
<kw name="Sleep" owner="BuiltIn">
<arg>1s</arg>
<doc>Pauses the test executed for the given time.</doc>
<status status="NOT RUN" start="2025-04-24T09:49:03.684596" elapsed="0.000097"/>
</kw>
<continue>
<status status="NOT RUN" start="2025-04-24T09:49:03.684792" elapsed="0.000065"/>
</continue>
<status status="NOT RUN" start="2025-04-24T09:49:03.677897" elapsed="0.007023"/>
</branch>
<status status="NOT RUN" start="2025-04-24T09:49:03.677849" elapsed="0.007188"/>
</if>
<var name="${item}">{'tag': 'page', 'type': 'div', 'selector': 'class', 'name': '{page-title-box}'}</var>
<status status="PASS" start="2025-04-24T09:49:00.234519" elapsed="3.450617"/>
</iter>
<var>${item}</var>
<value>@{result}</value>
<status status="PASS" start="2025-04-24T09:48:55.763520" elapsed="7.921763"/>
</for>
<kw name="Sleep" owner="BuiltIn">
<msg time="2025-04-24T09:49:04.685902" level="INFO">Slept 1 second.</msg>
<arg>1s</arg>
<doc>Pauses the test executed for the given time.</doc>
<status status="PASS" start="2025-04-24T09:49:03.685476" elapsed="1.000664"/>
</kw>
<arg>{"username": "rajeswari@bluerose-tech.com", "password-input": "U238Vr%*7i3Lgab", "page-title-box": "Overview"}</arg>
<arg>login.yaml.template</arg>
<arg>login.html</arg>
<status status="PASS" start="2025-04-24T09:48:54.704443" elapsed="9.981976"/>
</kw>
<kw name="Close Application" owner="gui_resources" type="TEARDOWN">
<kw name="Close Browser" owner="SeleniumLibrary">
<doc>Closes the current browser.</doc>
<status status="PASS" start="2025-04-24T09:49:04.688093" elapsed="2.416488"/>
</kw>
<status status="PASS" start="2025-04-24T09:49:04.687001" elapsed="2.418006"/>
</kw>
<doc>login For Test  TC_BR_Login_001</doc>
<status status="PASS" start="2025-04-24T09:48:40.922488" elapsed="26.182740"/>
</test>
<doc>Gui Resources</doc>
<status status="PASS" start="2025-04-24T09:48:40.400148" elapsed="26.706486"/>
</suite>
<status status="PASS" start="2025-04-24T09:48:40.399122" elapsed="26.709591"/>
</suite>
<status status="PASS" start="2025-04-24T09:48:40.384010" elapsed="26.726471"/>
</suite>
<statistics>
<total>
<stat pass="1" fail="0" skip="0">All Tests</stat>
</total>
<tag>
</tag>
<suite>
<stat name="Api" id="s1" pass="1" fail="0" skip="0">Api</stat>
<stat name="User1" id="s1-s1" pass="1" fail="0" skip="0">Api.User1</stat>
<stat name="Test Suite" id="s1-s1-s1" pass="1" fail="0" skip="0">Api.User1.Test Suite</stat>
</suite>
</statistics>
<errors>
</errors>
</robot>
