<?xml version="1.0" encoding="UTF-8"?>
<robot generator="Rebot 7.0.1 (Python 3.12.5 on win32)" generated="2025-04-23T15:58:34.324545" rpa="false" schemaversion="5">
<suite id="s1" name="Api" source="D:\bluerise_testing\RATTS_BR11042025\RATTS\backend\Resource\generated_suite">
<suite id="s1-s1" name="User1" source="D:\bluerise_testing\RATTS_BR11042025\RATTS\backend\Resource\generated_suite\user1">
<suite id="s1-s1-s1" name="Test Suite" source="D:\bluerise_testing\RATTS_BR11042025\RATTS\backend\Resource\generated_suite\user1\test_suite.robot">
<kw name="login TC_BR_Login_001" type="SETUP">
<kw name="Open Application" owner="gui_resources">
<kw name="Set Screenshot Directory" owner="SeleniumLibrary">
<arg>${SCREENSHOT_DIR}</arg>
<doc>Sets the directory for captured screenshots.</doc>
<status status="PASS" start="2025-04-23T15:57:46.541688" elapsed="0.002016"/>
</kw>
<kw name="Open Browser" owner="SeleniumLibrary">
<msg time="2025-04-23T15:57:46.543704" level="INFO">Opening browser 'Chrome' to base url 'https://test.bluerise.solutions/'.</msg>
<arg>${gui}</arg>
<arg>Chrome</arg>
<doc>Opens a new browser instance to the optional ``url``.</doc>
<status status="PASS" start="2025-04-23T15:57:46.543704" elapsed="6.930311"/>
</kw>
<kw name="Sleep" owner="BuiltIn">
<msg time="2025-04-23T15:57:54.475042" level="INFO">Slept 1 second.</msg>
<arg>1s</arg>
<doc>Pauses the test executed for the given time.</doc>
<status status="PASS" start="2025-04-23T15:57:53.474535" elapsed="1.000507"/>
</kw>
<kw name="Set Selenium Timeout" owner="SeleniumLibrary">
<arg>10</arg>
<doc>Sets the timeout that is used by various keywords.</doc>
<status status="PASS" start="2025-04-23T15:57:54.476055" elapsed="0.004086"/>
</kw>
<kw name="Maximize Browser Window" owner="SeleniumLibrary">
<doc>Maximizes current browser window.</doc>
<status status="PASS" start="2025-04-23T15:57:54.480141" elapsed="0.067244"/>
</kw>
<kw name="Get Title" owner="SeleniumLibrary">
<msg time="2025-04-23T15:57:54.570651" level="INFO">${dynamic_title} = Login | BlueRise</msg>
<var>${dynamic_title}</var>
<doc>Returns the title of the current page.</doc>
<status status="PASS" start="2025-04-23T15:57:54.547385" elapsed="0.023266"/>
</kw>
<kw name="Log To Console" owner="BuiltIn">
<arg>${dynamic_title}</arg>
<doc>Logs the given message to the console.</doc>
<status status="PASS" start="2025-04-23T15:57:54.571651" elapsed="0.001991"/>
</kw>
<kw name="Title Should Be" owner="SeleniumLibrary">
<msg time="2025-04-23T15:57:54.597449" level="INFO">Page title is 'Login | BlueRise'.</msg>
<arg>${dynamic_title}</arg>
<doc>Verifies that the current page title equals ``title``.</doc>
<status status="PASS" start="2025-04-23T15:57:54.573642" elapsed="0.023807"/>
</kw>
<status status="PASS" start="2025-04-23T15:57:46.538634" elapsed="8.058815"/>
</kw>
<kw name="Page Action" owner="gui_resources">
<kw name="Evaluate" owner="BuiltIn">
<msg time="2025-04-23T15:57:54.617132" level="INFO">${objdata} = {'username': 'rajeswari@bluerose-tech.com', 'password-input': 'U238Vr%*7i3Lgab', 'page-title-box': 'Overview'}</msg>
<var>${objdata}</var>
<arg>json.loads(r'''${str_objdata}''')</arg>
<arg>json</arg>
<doc>Evaluates the given expression in Python and returns the result.</doc>
<status status="PASS" start="2025-04-23T15:57:54.616120" elapsed="0.001012"/>
</kw>
<kw name="Log To Console" owner="BuiltIn">
<arg>Type of objdata: ${objdata.__class__.__name__}</arg>
<doc>Logs the given message to the console.</doc>
<status status="PASS" start="2025-04-23T15:57:54.617132" elapsed="0.003564"/>
</kw>
<kw name="Log To Console" owner="BuiltIn">
<arg>${objdata}</arg>
<doc>Logs the given message to the console.</doc>
<status status="PASS" start="2025-04-23T15:57:54.621678" elapsed="0.004545"/>
</kw>
<kw name="Get File" owner="OperatingSystem">
<msg time="2025-04-23T15:57:54.627224" level="INFO" html="true">Getting file '&lt;a href="file://D:\bluerise_testing\RATTS_BR11042025\RATTS\backend\Data\Templates\guitemplates\login.yaml.template"&gt;D:\bluerise_testing\RATTS_BR11042025\RATTS\backend\Data\Templates\guitemplates\login.yaml.template&lt;/a&gt;'.</msg>
<msg time="2025-04-23T15:57:54.661552" level="INFO">${yaml_content} = input   text         id  {username}
input   password     id  {password-input}
button  submit       class  btn-success
page   div        class   {page-title-box}</msg>
<var>${yaml_content}</var>
<arg>Data/Templates/guitemplates/${template_name}</arg>
<doc>Returns the contents of a specified file.</doc>
<status status="PASS" start="2025-04-23T15:57:54.627224" elapsed="0.034328"/>
</kw>
<kw name="Log To Console" owner="BuiltIn">
<arg>--- YAML Data ---</arg>
<doc>Logs the given message to the console.</doc>
<status status="PASS" start="2025-04-23T15:57:54.662552" elapsed="0.001005"/>
</kw>
<kw name="Log To Console" owner="BuiltIn">
<arg>${yaml_content}</arg>
<doc>Logs the given message to the console.</doc>
<status status="PASS" start="2025-04-23T15:57:54.665079" elapsed="0.002024"/>
</kw>
<kw name="Convert Template To Lists" owner="gui_resources">
<kw name="Split To Lines" owner="String">
<msg time="2025-04-23T15:57:54.671681" level="INFO">4 lines returned</msg>
<msg time="2025-04-23T15:57:54.671681" level="INFO">@{lines} = [ input   text         id  {username} | input   password     id  {password-input} | button  submit       class  btn-success | page   div        class   {page-title-box} ]</msg>
<var>@{lines}</var>
<arg>${yaml_content}</arg>
<doc>Splits the given string to lines.</doc>
<status status="PASS" start="2025-04-23T15:57:54.670668" elapsed="0.001013"/>
</kw>
<kw name="Create List" owner="BuiltIn">
<msg time="2025-04-23T15:57:54.673681" level="INFO">@{resls} = [ ]</msg>
<var>@{resls}</var>
<doc>Returns a list containing given items.</doc>
<status status="PASS" start="2025-04-23T15:57:54.672679" elapsed="0.001002"/>
</kw>
<for flavor="IN">
<iter>
<kw name="Split String" owner="String">
<msg time="2025-04-23T15:57:54.676210" level="INFO">@{ls} = [ input | text | id | {username} ]</msg>
<var>@{ls}</var>
<arg>${line}</arg>
<doc>Splits the ``string`` using ``separator`` as a delimiter string.</doc>
<status status="PASS" start="2025-04-23T15:57:54.675192" elapsed="0.001018"/>
</kw>
<kw name="Create Dictionary" owner="BuiltIn">
<msg time="2025-04-23T15:57:54.679763" level="INFO">&amp;{my_dict} = { tag=input | type=text | selector=id | name={username} }</msg>
<var>&amp;{my_dict}</var>
<arg>tag=${ls}[0]</arg>
<arg>type=${ls}[1]</arg>
<arg>selector=${ls}[2]</arg>
<arg>name=${ls}[3]</arg>
<doc>Creates and returns a dictionary based on the given ``items``.</doc>
<status status="PASS" start="2025-04-23T15:57:54.677210" elapsed="0.002553"/>
</kw>
<kw name="Append To List" owner="Collections">
<arg>${resls}</arg>
<arg>${my_dict}</arg>
<doc>Adds ``values`` to the end of ``list``.</doc>
<status status="PASS" start="2025-04-23T15:57:54.680784" elapsed="0.002996"/>
</kw>
<var name="${line}">input   text         id  {username}</var>
<status status="PASS" start="2025-04-23T15:57:54.673681" elapsed="0.010099"/>
</iter>
<iter>
<kw name="Split String" owner="String">
<msg time="2025-04-23T15:57:54.688073" level="INFO">@{ls} = [ input | password | id | {password-input} ]</msg>
<var>@{ls}</var>
<arg>${line}</arg>
<doc>Splits the ``string`` using ``separator`` as a delimiter string.</doc>
<status status="PASS" start="2025-04-23T15:57:54.687069" elapsed="0.001004"/>
</kw>
<kw name="Create Dictionary" owner="BuiltIn">
<msg time="2025-04-23T15:57:54.691085" level="INFO">&amp;{my_dict} = { tag=input | type=password | selector=id | name={password-input} }</msg>
<var>&amp;{my_dict}</var>
<arg>tag=${ls}[0]</arg>
<arg>type=${ls}[1]</arg>
<arg>selector=${ls}[2]</arg>
<arg>name=${ls}[3]</arg>
<doc>Creates and returns a dictionary based on the given ``items``.</doc>
<status status="PASS" start="2025-04-23T15:57:54.688073" elapsed="0.003012"/>
</kw>
<kw name="Append To List" owner="Collections">
<arg>${resls}</arg>
<arg>${my_dict}</arg>
<doc>Adds ``values`` to the end of ``list``.</doc>
<status status="PASS" start="2025-04-23T15:57:54.691085" elapsed="0.001998"/>
</kw>
<var name="${line}">input   password     id  {password-input}</var>
<status status="PASS" start="2025-04-23T15:57:54.684779" elapsed="0.008304"/>
</iter>
<iter>
<kw name="Split String" owner="String">
<msg time="2025-04-23T15:57:54.697142" level="INFO">@{ls} = [ button | submit | class | btn-success ]</msg>
<var>@{ls}</var>
<arg>${line}</arg>
<doc>Splits the ``string`` using ``separator`` as a delimiter string.</doc>
<status status="PASS" start="2025-04-23T15:57:54.695124" elapsed="0.002018"/>
</kw>
<kw name="Create Dictionary" owner="BuiltIn">
<msg time="2025-04-23T15:57:54.700690" level="INFO">&amp;{my_dict} = { tag=button | type=submit | selector=class | name=btn-success }</msg>
<var>&amp;{my_dict}</var>
<arg>tag=${ls}[0]</arg>
<arg>type=${ls}[1]</arg>
<arg>selector=${ls}[2]</arg>
<arg>name=${ls}[3]</arg>
<doc>Creates and returns a dictionary based on the given ``items``.</doc>
<status status="PASS" start="2025-04-23T15:57:54.698660" elapsed="0.002030"/>
</kw>
<kw name="Append To List" owner="Collections">
<arg>${resls}</arg>
<arg>${my_dict}</arg>
<doc>Adds ``values`` to the end of ``list``.</doc>
<status status="PASS" start="2025-04-23T15:57:54.701691" elapsed="0.001000"/>
</kw>
<var name="${line}">button  submit       class  btn-success</var>
<status status="PASS" start="2025-04-23T15:57:54.694608" elapsed="0.009104"/>
</iter>
<iter>
<kw name="Split String" owner="String">
<msg time="2025-04-23T15:57:54.706246" level="INFO">@{ls} = [ page | div | class | {page-title-box} ]</msg>
<var>@{ls}</var>
<arg>${line}</arg>
<doc>Splits the ``string`` using ``separator`` as a delimiter string.</doc>
<status status="PASS" start="2025-04-23T15:57:54.705240" elapsed="0.001006"/>
</kw>
<kw name="Create Dictionary" owner="BuiltIn">
<msg time="2025-04-23T15:57:54.707239" level="INFO">&amp;{my_dict} = { tag=page | type=div | selector=class | name={page-title-box} }</msg>
<var>&amp;{my_dict}</var>
<arg>tag=${ls}[0]</arg>
<arg>type=${ls}[1]</arg>
<arg>selector=${ls}[2]</arg>
<arg>name=${ls}[3]</arg>
<doc>Creates and returns a dictionary based on the given ``items``.</doc>
<status status="PASS" start="2025-04-23T15:57:54.706246" elapsed="0.000993"/>
</kw>
<kw name="Append To List" owner="Collections">
<arg>${resls}</arg>
<arg>${my_dict}</arg>
<doc>Adds ``values`` to the end of ``list``.</doc>
<status status="PASS" start="2025-04-23T15:57:54.707239" elapsed="0.001510"/>
</kw>
<var name="${line}">page   div        class   {page-title-box}</var>
<status status="PASS" start="2025-04-23T15:57:54.703712" elapsed="0.005037"/>
</iter>
<var>${line}</var>
<value>@{lines}</value>
<status status="PASS" start="2025-04-23T15:57:54.673681" elapsed="0.035068"/>
</for>
<return>
<value>@{resls}</value>
<status status="PASS" start="2025-04-23T15:57:54.708749" elapsed="0.002050"/>
</return>
<msg time="2025-04-23T15:57:54.711801" level="INFO">@{result} = [ {'tag': 'input', 'type': 'text', 'selector': 'id', 'name': '{username}'} | {'tag': 'input', 'type': 'password', 'selector': 'id', 'name': '{password-input}'} | {'tag': 'button', 'type': 'submit', 's...</msg>
<var>@{result}</var>
<arg>${yaml_content}</arg>
<status status="PASS" start="2025-04-23T15:57:54.668625" elapsed="0.043176"/>
</kw>
<kw name="Log To Console" owner="BuiltIn">
<arg>--- YAML List ---</arg>
<doc>Logs the given message to the console.</doc>
<status status="PASS" start="2025-04-23T15:57:54.712794" elapsed="0.002010"/>
</kw>
<kw name="Log To Console" owner="BuiltIn">
<arg>${result}</arg>
<doc>Logs the given message to the console.</doc>
<status status="PASS" start="2025-04-23T15:57:54.714804" elapsed="0.001510"/>
</kw>
<kw name="Log To Console" owner="BuiltIn">
<arg>--- JSON Data ---</arg>
<doc>Logs the given message to the console.</doc>
<status status="PASS" start="2025-04-23T15:57:54.716314" elapsed="0.001012"/>
</kw>
<kw name="Log To Console" owner="BuiltIn">
<arg>${objdata}</arg>
<doc>Logs the given message to the console.</doc>
<status status="PASS" start="2025-04-23T15:57:54.717326" elapsed="0.000000"/>
</kw>
<kw name="Sleep" owner="BuiltIn">
<msg time="2025-04-23T15:57:55.719270" level="INFO">Slept 1 second.</msg>
<arg>1s</arg>
<doc>Pauses the test executed for the given time.</doc>
<status status="PASS" start="2025-04-23T15:57:54.717326" elapsed="1.001944"/>
</kw>
<kw name="Run Keyword And Return Status" owner="BuiltIn">
<kw name="Should Contain" owner="BuiltIn">
<msg time="2025-04-23T15:57:55.721807" level="FAIL">'login.html' does not contain 'index'</msg>
<arg>${url}</arg>
<arg>index</arg>
<doc>Fails if ``container`` does not contain ``item`` one or more times.</doc>
<status status="FAIL" start="2025-04-23T15:57:55.720809" elapsed="0.000998">'login.html' does not contain 'index'</status>
</kw>
<msg time="2025-04-23T15:57:55.721807" level="INFO">${val_url} = False</msg>
<var>${val_url}</var>
<arg>Should Contain</arg>
<arg>${url}</arg>
<arg>index</arg>
<doc>Runs the given keyword with given arguments and returns the status as a Boolean value.</doc>
<status status="PASS" start="2025-04-23T15:57:55.719796" elapsed="0.002011"/>
</kw>
<if>
<branch type="IF" condition="${val_url}">
<kw name="Go To" owner="SeleniumLibrary">
<arg>${gui}${url}</arg>
<doc>Navigates the current browser window to the provided ``url``.</doc>
<status status="NOT RUN" start="2025-04-23T15:57:55.722806" elapsed="0.001001"/>
</kw>
<kw name="Execute Javascript" owner="SeleniumLibrary">
<arg>document.body.style.zoom='75%';</arg>
<doc>Executes the given JavaScript code with possible arguments.</doc>
<status status="NOT RUN" start="2025-04-23T15:57:55.726814" elapsed="0.000000"/>
</kw>
<kw name="Sleep" owner="BuiltIn">
<arg>1s</arg>
<doc>Pauses the test executed for the given time.</doc>
<status status="NOT RUN" start="2025-04-23T15:57:55.726814" elapsed="0.000992"/>
</kw>
<status status="NOT RUN" start="2025-04-23T15:57:55.722806" elapsed="0.005000"/>
</branch>
<status status="PASS" start="2025-04-23T15:57:55.722806" elapsed="0.005000"/>
</if>
<for flavor="IN">
<iter>
<kw name="Execute Javascript" owner="SeleniumLibrary">
<msg time="2025-04-23T15:57:55.766308" level="INFO">Executing JavaScript:
document.body.style.zoom='75%';
Without any arguments.</msg>
<arg>document.body.style.zoom='75%';</arg>
<doc>Executes the given JavaScript code with possible arguments.</doc>
<status status="PASS" start="2025-04-23T15:57:55.765309" elapsed="0.018190"/>
</kw>
<kw name="Set Variable" owner="BuiltIn">
<msg time="2025-04-23T15:57:55.785503" level="INFO">${type} = text</msg>
<var>${type}</var>
<arg>${item['type']}</arg>
<doc>Returns the given values which can then be assigned to a variables.</doc>
<status status="PASS" start="2025-04-23T15:57:55.783499" elapsed="0.002004"/>
</kw>
<kw name="Run Keyword And Return Status" owner="BuiltIn">
<kw name="Should Contain" owner="BuiltIn">
<arg>${type}</arg>
<arg>text</arg>
<doc>Fails if ``container`` does not contain ``item`` one or more times.</doc>
<status status="PASS" start="2025-04-23T15:57:55.786501" elapsed="0.000000"/>
</kw>
<msg time="2025-04-23T15:57:55.786501" level="INFO">${str_text} = True</msg>
<var>${str_text}</var>
<arg>Should Contain</arg>
<arg>${type}</arg>
<arg>text</arg>
<doc>Runs the given keyword with given arguments and returns the status as a Boolean value.</doc>
<status status="PASS" start="2025-04-23T15:57:55.785503" elapsed="0.000998"/>
</kw>
<if>
<branch type="IF" condition="${str_text}">
<kw name="Set Variable" owner="BuiltIn">
<msg time="2025-04-23T15:57:55.789516" level="INFO">${spec} = {username}</msg>
<var>${spec}</var>
<arg>${item['name']}</arg>
<doc>Returns the given values which can then be assigned to a variables.</doc>
<status status="PASS" start="2025-04-23T15:57:55.787499" elapsed="0.002017"/>
</kw>
<kw name="Run Keyword And Return Status" owner="BuiltIn">
<kw name="Should Contain" owner="BuiltIn">
<arg>${spec}</arg>
<arg>{</arg>
<doc>Fails if ``container`` does not contain ``item`` one or more times.</doc>
<status status="PASS" start="2025-04-23T15:57:55.790533" elapsed="0.000993"/>
</kw>
<msg time="2025-04-23T15:57:55.792530" level="INFO">${contains_left_brace} = True</msg>
<var>${contains_left_brace}</var>
<arg>Should Contain</arg>
<arg>${spec}</arg>
<arg>{</arg>
<doc>Runs the given keyword with given arguments and returns the status as a Boolean value.</doc>
<status status="PASS" start="2025-04-23T15:57:55.789516" elapsed="0.003014"/>
</kw>
<kw name="Log To Console" owner="BuiltIn">
<arg>${spec}</arg>
<doc>Logs the given message to the console.</doc>
<status status="PASS" start="2025-04-23T15:57:55.792530" elapsed="0.001011"/>
</kw>
<kw name="Log To Console" owner="BuiltIn">
<arg>${contains_left_brace}</arg>
<doc>Logs the given message to the console.</doc>
<status status="PASS" start="2025-04-23T15:57:55.794546" elapsed="0.000510"/>
</kw>
<if>
<branch type="IF" condition="${contains_left_brace}">
<kw name="Replace String" owner="String">
<msg time="2025-04-23T15:57:55.797067" level="INFO">${spec_var} = username}</msg>
<var>${spec_var}</var>
<arg>${spec}</arg>
<arg>{</arg>
<arg>${EMPTY}</arg>
<doc>Replaces ``search_for`` in the given ``string`` with ``replace_with``.</doc>
<status status="PASS" start="2025-04-23T15:57:55.796065" elapsed="0.001002"/>
</kw>
<kw name="Replace String" owner="String">
<msg time="2025-04-23T15:57:55.800125" level="INFO">${spec_var} = username</msg>
<var>${spec_var}</var>
<arg>${spec_var}</arg>
<arg>}</arg>
<arg>${EMPTY}</arg>
<doc>Replaces ``search_for`` in the given ``string`` with ``replace_with``.</doc>
<status status="PASS" start="2025-04-23T15:57:55.797067" elapsed="0.003058"/>
</kw>
<kw name="Log To Console" owner="BuiltIn">
<arg>${spec_var}</arg>
<doc>Logs the given message to the console.</doc>
<status status="PASS" start="2025-04-23T15:57:55.800125" elapsed="0.001011"/>
</kw>
<kw name="Input Text" owner="SeleniumLibrary">
<msg time="2025-04-23T15:57:55.805321" level="INFO">Typing text 'rajeswari@bluerose-tech.com' into text field 'id:username'.</msg>
<arg>${item['selector']}:${spec_var}</arg>
<arg>${objdata["${spec_var}"]}</arg>
<doc>Types the given ``text`` into the text field identified by ``locator``.</doc>
<status status="PASS" start="2025-04-23T15:57:55.801136" elapsed="0.322977"/>
</kw>
<status status="PASS" start="2025-04-23T15:57:55.795056" elapsed="0.330066"/>
</branch>
<status status="PASS" start="2025-04-23T15:57:55.795056" elapsed="0.330066"/>
</if>
<kw name="Sleep" owner="BuiltIn">
<msg time="2025-04-23T15:57:57.126585" level="INFO">Slept 1 second.</msg>
<arg>1s</arg>
<doc>Pauses the test executed for the given time.</doc>
<status status="PASS" start="2025-04-23T15:57:56.125122" elapsed="1.001463"/>
</kw>
<continue>
<status status="PASS" start="2025-04-23T15:57:57.126585" elapsed="0.000000"/>
</continue>
<status status="PASS" start="2025-04-23T15:57:55.787499" elapsed="1.340107"/>
</branch>
<status status="PASS" start="2025-04-23T15:57:55.787499" elapsed="1.340107"/>
</if>
<kw name="Run Keyword And Return Status" owner="BuiltIn">
<var>${str_number}</var>
<arg>Should Contain</arg>
<arg>${type}</arg>
<arg>number</arg>
<doc>Runs the given keyword with given arguments and returns the status as a Boolean value.</doc>
<status status="NOT RUN" start="2025-04-23T15:57:57.127606" elapsed="0.000000"/>
</kw>
<if>
<branch type="IF" condition="${str_number}">
<kw name="Set Variable" owner="BuiltIn">
<var>${spec}</var>
<arg>${item['name']}</arg>
<doc>Returns the given values which can then be assigned to a variables.</doc>
<status status="NOT RUN" start="2025-04-23T15:57:57.128698" elapsed="0.000000"/>
</kw>
<kw name="Run Keyword And Return Status" owner="BuiltIn">
<var>${contains_left_brace}</var>
<arg>Should Contain</arg>
<arg>${spec}</arg>
<arg>{</arg>
<doc>Runs the given keyword with given arguments and returns the status as a Boolean value.</doc>
<status status="NOT RUN" start="2025-04-23T15:57:57.128698" elapsed="0.000899"/>
</kw>
<kw name="Log To Console" owner="BuiltIn">
<arg>${spec}</arg>
<doc>Logs the given message to the console.</doc>
<status status="NOT RUN" start="2025-04-23T15:57:57.129597" elapsed="0.000618"/>
</kw>
<kw name="Log To Console" owner="BuiltIn">
<arg>${contains_left_brace}</arg>
<doc>Logs the given message to the console.</doc>
<status status="NOT RUN" start="2025-04-23T15:57:57.130215" elapsed="0.000000"/>
</kw>
<if>
<branch type="IF" condition="${contains_left_brace}">
<kw name="Replace String" owner="String">
<var>${spec_var}</var>
<arg>${spec}</arg>
<arg>{</arg>
<arg>${EMPTY}</arg>
<doc>Replaces ``search_for`` in the given ``string`` with ``replace_with``.</doc>
<status status="NOT RUN" start="2025-04-23T15:57:57.131886" elapsed="0.000000"/>
</kw>
<kw name="Replace String" owner="String">
<var>${spec_var}</var>
<arg>${spec_var}</arg>
<arg>}</arg>
<arg>${EMPTY}</arg>
<doc>Replaces ``search_for`` in the given ``string`` with ``replace_with``.</doc>
<status status="NOT RUN" start="2025-04-23T15:57:57.131886" elapsed="0.001138"/>
</kw>
<kw name="Log To Console" owner="BuiltIn">
<arg>${spec_var}</arg>
<doc>Logs the given message to the console.</doc>
<status status="NOT RUN" start="2025-04-23T15:57:57.133024" elapsed="0.000000"/>
</kw>
<kw name="Input Text" owner="SeleniumLibrary">
<arg>${item['selector']}:${spec_var}</arg>
<arg>${objdata["${spec_var}"]}</arg>
<doc>Types the given ``text`` into the text field identified by ``locator``.</doc>
<status status="NOT RUN" start="2025-04-23T15:57:57.133998" elapsed="0.000000"/>
</kw>
<status status="NOT RUN" start="2025-04-23T15:57:57.130215" elapsed="0.003783"/>
</branch>
<status status="NOT RUN" start="2025-04-23T15:57:57.130215" elapsed="0.003783"/>
</if>
<kw name="Sleep" owner="BuiltIn">
<arg>1s</arg>
<doc>Pauses the test executed for the given time.</doc>
<status status="NOT RUN" start="2025-04-23T15:57:57.134633" elapsed="0.000000"/>
</kw>
<continue>
<status status="NOT RUN" start="2025-04-23T15:57:57.134633" elapsed="0.000000"/>
</continue>
<status status="NOT RUN" start="2025-04-23T15:57:57.127606" elapsed="0.008027"/>
</branch>
<status status="NOT RUN" start="2025-04-23T15:57:57.127606" elapsed="0.008027"/>
</if>
<kw name="Run Keyword And Return Status" owner="BuiltIn">
<var>${str_file}</var>
<arg>Should Contain</arg>
<arg>${type}</arg>
<arg>file</arg>
<doc>Runs the given keyword with given arguments and returns the status as a Boolean value.</doc>
<status status="NOT RUN" start="2025-04-23T15:57:57.135633" elapsed="0.000000"/>
</kw>
<if>
<branch type="IF" condition="${str_file}">
<kw name="Set Variable" owner="BuiltIn">
<var>${spec}</var>
<arg>${item['name']}</arg>
<doc>Returns the given values which can then be assigned to a variables.</doc>
<status status="NOT RUN" start="2025-04-23T15:57:57.136630" elapsed="0.000000"/>
</kw>
<kw name="Run Keyword And Return Status" owner="BuiltIn">
<var>${contains_left_brace}</var>
<arg>Should Contain</arg>
<arg>${spec}</arg>
<arg>{</arg>
<doc>Runs the given keyword with given arguments and returns the status as a Boolean value.</doc>
<status status="NOT RUN" start="2025-04-23T15:57:57.136630" elapsed="0.001006"/>
</kw>
<kw name="Log To Console" owner="BuiltIn">
<arg>${spec}</arg>
<doc>Logs the given message to the console.</doc>
<status status="NOT RUN" start="2025-04-23T15:57:57.137636" elapsed="0.000000"/>
</kw>
<kw name="Log To Console" owner="BuiltIn">
<arg>${contains_left_brace}</arg>
<doc>Logs the given message to the console.</doc>
<status status="NOT RUN" start="2025-04-23T15:57:57.137636" elapsed="0.001006"/>
</kw>
<if>
<branch type="IF" condition="${contains_left_brace}">
<kw name="Replace String" owner="String">
<var>${spec_var}</var>
<arg>${spec}</arg>
<arg>{</arg>
<arg>${EMPTY}</arg>
<doc>Replaces ``search_for`` in the given ``string`` with ``replace_with``.</doc>
<status status="NOT RUN" start="2025-04-23T15:57:57.139633" elapsed="0.000000"/>
</kw>
<kw name="Replace String" owner="String">
<var>${spec_var}</var>
<arg>${spec_var}</arg>
<arg>}</arg>
<arg>${EMPTY}</arg>
<doc>Replaces ``search_for`` in the given ``string`` with ``replace_with``.</doc>
<status status="NOT RUN" start="2025-04-23T15:57:57.139633" elapsed="0.000000"/>
</kw>
<kw name="Log To Console" owner="BuiltIn">
<arg>${spec_var}</arg>
<doc>Logs the given message to the console.</doc>
<status status="NOT RUN" start="2025-04-23T15:57:57.140800" elapsed="0.000000"/>
</kw>
<if>
<branch type="IF" condition="${objdata[&quot;${spec_var}]} != &quot;&quot;">
<kw name="Input Text" owner="SeleniumLibrary">
<arg>${item['selector']}:${spec_var}</arg>
<arg>${objdata["${spec_var}"]}</arg>
<doc>Types the given ``text`` into the text field identified by ``locator``.</doc>
<status status="NOT RUN" start="2025-04-23T15:57:57.141626" elapsed="0.000000"/>
</kw>
<status status="NOT RUN" start="2025-04-23T15:57:57.141626" elapsed="0.001113"/>
</branch>
<status status="NOT RUN" start="2025-04-23T15:57:57.141626" elapsed="0.001113"/>
</if>
<status status="NOT RUN" start="2025-04-23T15:57:57.138642" elapsed="0.004097"/>
</branch>
<status status="NOT RUN" start="2025-04-23T15:57:57.138642" elapsed="0.004097"/>
</if>
<kw name="Sleep" owner="BuiltIn">
<arg>1s</arg>
<doc>Pauses the test executed for the given time.</doc>
<status status="NOT RUN" start="2025-04-23T15:57:57.142739" elapsed="0.000000"/>
</kw>
<continue>
<status status="NOT RUN" start="2025-04-23T15:57:57.143743" elapsed="0.000000"/>
</continue>
<status status="NOT RUN" start="2025-04-23T15:57:57.135633" elapsed="0.008110"/>
</branch>
<status status="NOT RUN" start="2025-04-23T15:57:57.135633" elapsed="0.008110"/>
</if>
<kw name="Run Keyword And Return Status" owner="BuiltIn">
<var>${str_text}</var>
<arg>Should Contain</arg>
<arg>${type}</arg>
<arg>textarea</arg>
<doc>Runs the given keyword with given arguments and returns the status as a Boolean value.</doc>
<status status="NOT RUN" start="2025-04-23T15:57:57.143743" elapsed="0.000000"/>
</kw>
<if>
<branch type="IF" condition="${str_text}">
<kw name="Set Variable" owner="BuiltIn">
<var>${spec}</var>
<arg>${item['name']}</arg>
<doc>Returns the given values which can then be assigned to a variables.</doc>
<status status="NOT RUN" start="2025-04-23T15:57:57.144875" elapsed="0.000000"/>
</kw>
<kw name="Run Keyword And Return Status" owner="BuiltIn">
<var>${contains_left_brace}</var>
<arg>Should Contain</arg>
<arg>${spec}</arg>
<arg>{</arg>
<doc>Runs the given keyword with given arguments and returns the status as a Boolean value.</doc>
<status status="NOT RUN" start="2025-04-23T15:57:57.145876" elapsed="0.000000"/>
</kw>
<kw name="Log To Console" owner="BuiltIn">
<arg>${spec}</arg>
<doc>Logs the given message to the console.</doc>
<status status="NOT RUN" start="2025-04-23T15:57:57.145876" elapsed="0.001000"/>
</kw>
<kw name="Log To Console" owner="BuiltIn">
<arg>${contains_left_brace}</arg>
<doc>Logs the given message to the console.</doc>
<status status="NOT RUN" start="2025-04-23T15:57:57.146876" elapsed="0.000000"/>
</kw>
<if>
<branch type="IF" condition="${contains_left_brace}">
<kw name="Replace String" owner="String">
<var>${spec_var}</var>
<arg>${spec}</arg>
<arg>{</arg>
<arg>${EMPTY}</arg>
<doc>Replaces ``search_for`` in the given ``string`` with ``replace_with``.</doc>
<status status="NOT RUN" start="2025-04-23T15:57:57.147862" elapsed="0.000000"/>
</kw>
<kw name="Replace String" owner="String">
<var>${spec_var}</var>
<arg>${spec_var}</arg>
<arg>}</arg>
<arg>${EMPTY}</arg>
<doc>Replaces ``search_for`` in the given ``string`` with ``replace_with``.</doc>
<status status="NOT RUN" start="2025-04-23T15:57:57.148880" elapsed="0.000000"/>
</kw>
<kw name="Log To Console" owner="BuiltIn">
<arg>${spec_var}</arg>
<doc>Logs the given message to the console.</doc>
<status status="NOT RUN" start="2025-04-23T15:57:57.148880" elapsed="0.000000"/>
</kw>
<kw name="Input Text" owner="SeleniumLibrary">
<arg>xpath=//textarea[@${item['selector']}='${spec_var}']</arg>
<arg>${EMPTY}</arg>
<doc>Types the given ``text`` into the text field identified by ``locator``.</doc>
<status status="NOT RUN" start="2025-04-23T15:57:57.148880" elapsed="0.000994"/>
</kw>
<kw name="Input Text" owner="SeleniumLibrary">
<arg>xpath=//textarea[@${item['selector']}='${spec_var}']</arg>
<arg>${objdata["${spec_var}"]}</arg>
<doc>Types the given ``text`` into the text field identified by ``locator``.</doc>
<status status="NOT RUN" start="2025-04-23T15:57:57.149874" elapsed="0.000515"/>
</kw>
<status status="NOT RUN" start="2025-04-23T15:57:57.146876" elapsed="0.003513"/>
</branch>
<status status="NOT RUN" start="2025-04-23T15:57:57.146876" elapsed="0.003513"/>
</if>
<kw name="Sleep" owner="BuiltIn">
<arg>1s</arg>
<doc>Pauses the test executed for the given time.</doc>
<status status="NOT RUN" start="2025-04-23T15:57:57.150389" elapsed="0.000000"/>
</kw>
<continue>
<status status="NOT RUN" start="2025-04-23T15:57:57.151403" elapsed="0.000000"/>
</continue>
<status status="NOT RUN" start="2025-04-23T15:57:57.144875" elapsed="0.006528"/>
</branch>
<status status="NOT RUN" start="2025-04-23T15:57:57.144875" elapsed="0.006528"/>
</if>
<kw name="Run Keyword And Return Status" owner="BuiltIn">
<var>${str_text}</var>
<arg>Should Contain</arg>
<arg>${type}</arg>
<arg>password</arg>
<doc>Runs the given keyword with given arguments and returns the status as a Boolean value.</doc>
<status status="NOT RUN" start="2025-04-23T15:57:57.151403" elapsed="0.000000"/>
</kw>
<if>
<branch type="IF" condition="${str_text}">
<kw name="Set Variable" owner="BuiltIn">
<var>${spec}</var>
<arg>${item['name']}</arg>
<doc>Returns the given values which can then be assigned to a variables.</doc>
<status status="NOT RUN" start="2025-04-23T15:57:57.152400" elapsed="0.000000"/>
</kw>
<kw name="Run Keyword And Return Status" owner="BuiltIn">
<var>${contains_left_brace}</var>
<arg>Should Contain</arg>
<arg>${spec}</arg>
<arg>{</arg>
<doc>Runs the given keyword with given arguments and returns the status as a Boolean value.</doc>
<status status="NOT RUN" start="2025-04-23T15:57:57.152400" elapsed="0.001005"/>
</kw>
<kw name="Log To Console" owner="BuiltIn">
<arg>${spec}</arg>
<doc>Logs the given message to the console.</doc>
<status status="NOT RUN" start="2025-04-23T15:57:57.153405" elapsed="0.000000"/>
</kw>
<kw name="Log To Console" owner="BuiltIn">
<arg>${contains_left_brace}</arg>
<doc>Logs the given message to the console.</doc>
<status status="NOT RUN" start="2025-04-23T15:57:57.153405" elapsed="0.000000"/>
</kw>
<if>
<branch type="IF" condition="${contains_left_brace}">
<kw name="Replace String" owner="String">
<var>${spec_var}</var>
<arg>${spec}</arg>
<arg>{</arg>
<arg>${EMPTY}</arg>
<doc>Replaces ``search_for`` in the given ``string`` with ``replace_with``.</doc>
<status status="NOT RUN" start="2025-04-23T15:57:57.154431" elapsed="0.000000"/>
</kw>
<kw name="Replace String" owner="String">
<var>${spec_var}</var>
<arg>${spec_var}</arg>
<arg>}</arg>
<arg>${EMPTY}</arg>
<doc>Replaces ``search_for`` in the given ``string`` with ``replace_with``.</doc>
<status status="NOT RUN" start="2025-04-23T15:57:57.155423" elapsed="0.000000"/>
</kw>
<kw name="Log To Console" owner="BuiltIn">
<arg>${spec_var}</arg>
<doc>Logs the given message to the console.</doc>
<status status="NOT RUN" start="2025-04-23T15:57:57.155423" elapsed="0.000000"/>
</kw>
<kw name="Input Text" owner="SeleniumLibrary">
<arg>${item['selector']}:${spec_var}</arg>
<arg>${objdata["${spec_var}"]}</arg>
<doc>Types the given ``text`` into the text field identified by ``locator``.</doc>
<status status="NOT RUN" start="2025-04-23T15:57:57.155423" elapsed="0.001000"/>
</kw>
<status status="NOT RUN" start="2025-04-23T15:57:57.154431" elapsed="0.001992"/>
</branch>
<status status="NOT RUN" start="2025-04-23T15:57:57.154431" elapsed="0.001992"/>
</if>
<kw name="Sleep" owner="BuiltIn">
<arg>1s</arg>
<doc>Pauses the test executed for the given time.</doc>
<status status="NOT RUN" start="2025-04-23T15:57:57.156423" elapsed="0.000000"/>
</kw>
<continue>
<status status="NOT RUN" start="2025-04-23T15:57:57.156423" elapsed="0.000999"/>
</continue>
<status status="NOT RUN" start="2025-04-23T15:57:57.152400" elapsed="0.005022"/>
</branch>
<status status="NOT RUN" start="2025-04-23T15:57:57.152400" elapsed="0.005022"/>
</if>
<kw name="Run Keyword And Return Status" owner="BuiltIn">
<var>${str_text}</var>
<arg>Should Contain</arg>
<arg>${type}</arg>
<arg>alert</arg>
<doc>Runs the given keyword with given arguments and returns the status as a Boolean value.</doc>
<status status="NOT RUN" start="2025-04-23T15:57:57.157422" elapsed="0.000000"/>
</kw>
<if>
<branch type="IF" condition="${str_text}">
<kw name="Set Variable" owner="BuiltIn">
<var>${spec}</var>
<arg>${item['name']}</arg>
<doc>Returns the given values which can then be assigned to a variables.</doc>
<status status="NOT RUN" start="2025-04-23T15:57:57.157422" elapsed="0.001513"/>
</kw>
<kw name="Run Keyword And Return Status" owner="BuiltIn">
<var>${contains_left_brace}</var>
<arg>Should Contain</arg>
<arg>${spec}</arg>
<arg>{</arg>
<doc>Runs the given keyword with given arguments and returns the status as a Boolean value.</doc>
<status status="NOT RUN" start="2025-04-23T15:57:57.158935" elapsed="0.000509"/>
</kw>
<kw name="Log To Console" owner="BuiltIn">
<arg>${spec}</arg>
<doc>Logs the given message to the console.</doc>
<status status="NOT RUN" start="2025-04-23T15:57:57.159444" elapsed="0.000000"/>
</kw>
<kw name="Log To Console" owner="BuiltIn">
<arg>${contains_left_brace}</arg>
<doc>Logs the given message to the console.</doc>
<status status="NOT RUN" start="2025-04-23T15:57:57.159444" elapsed="0.000000"/>
</kw>
<if>
<branch type="IF" condition="${contains_left_brace}">
<kw name="Replace String" owner="String">
<var>${spec_var}</var>
<arg>${spec}</arg>
<arg>{</arg>
<arg>${EMPTY}</arg>
<doc>Replaces ``search_for`` in the given ``string`` with ``replace_with``.</doc>
<status status="NOT RUN" start="2025-04-23T15:57:57.160451" elapsed="0.000000"/>
</kw>
<kw name="Replace String" owner="String">
<var>${spec_var}</var>
<arg>${spec_var}</arg>
<arg>}</arg>
<arg>${EMPTY}</arg>
<doc>Replaces ``search_for`` in the given ``string`` with ``replace_with``.</doc>
<status status="NOT RUN" start="2025-04-23T15:57:57.160451" elapsed="0.001006"/>
</kw>
<kw name="Log To Console" owner="BuiltIn">
<arg>${spec_var}</arg>
<doc>Logs the given message to the console.</doc>
<status status="NOT RUN" start="2025-04-23T15:57:57.161457" elapsed="0.000510"/>
</kw>
<kw name="Handle Alert" owner="SeleniumLibrary">
<var>${alert_text}</var>
<arg>action=ACCEPT</arg>
<doc>Handles the current alert and returns its message.</doc>
<status status="NOT RUN" start="2025-04-23T15:57:57.161967" elapsed="0.001016"/>
</kw>
<kw name="Should Contain" owner="BuiltIn">
<arg>${alert_text}</arg>
<arg>${objdata["${spec_var}"]}</arg>
<doc>Fails if ``container`` does not contain ``item`` one or more times.</doc>
<status status="NOT RUN" start="2025-04-23T15:57:57.162983" elapsed="0.000000"/>
</kw>
<status status="NOT RUN" start="2025-04-23T15:57:57.160451" elapsed="0.002532"/>
</branch>
<status status="NOT RUN" start="2025-04-23T15:57:57.160451" elapsed="0.002532"/>
</if>
<kw name="Sleep" owner="BuiltIn">
<arg>1s</arg>
<doc>Pauses the test executed for the given time.</doc>
<status status="NOT RUN" start="2025-04-23T15:57:57.162983" elapsed="0.001526"/>
</kw>
<continue>
<status status="NOT RUN" start="2025-04-23T15:57:57.164509" elapsed="0.000000"/>
</continue>
<status status="NOT RUN" start="2025-04-23T15:57:57.157422" elapsed="0.007087"/>
</branch>
<status status="NOT RUN" start="2025-04-23T15:57:57.157422" elapsed="0.007087"/>
</if>
<kw name="Run Keyword And Return Status" owner="BuiltIn">
<var>${str_select}</var>
<arg>Should Contain</arg>
<arg>${type}</arg>
<arg>select</arg>
<doc>Runs the given keyword with given arguments and returns the status as a Boolean value.</doc>
<status status="NOT RUN" start="2025-04-23T15:57:57.165528" elapsed="0.000000"/>
</kw>
<if>
<branch type="IF" condition="${str_select}">
<kw name="Set Variable" owner="BuiltIn">
<var>${spec}</var>
<arg>${item['name']}</arg>
<doc>Returns the given values which can then be assigned to a variables.</doc>
<status status="NOT RUN" start="2025-04-23T15:57:57.166525" elapsed="0.000000"/>
</kw>
<kw name="Run Keyword And Return Status" owner="BuiltIn">
<var>${contains_left_brace}</var>
<arg>Should Contain</arg>
<arg>${spec}</arg>
<arg>{</arg>
<doc>Runs the given keyword with given arguments and returns the status as a Boolean value.</doc>
<status status="NOT RUN" start="2025-04-23T15:57:57.166525" elapsed="0.000000"/>
</kw>
<kw name="Log To Console" owner="BuiltIn">
<arg>${spec}</arg>
<doc>Logs the given message to the console.</doc>
<status status="NOT RUN" start="2025-04-23T15:57:57.167526" elapsed="0.000000"/>
</kw>
<kw name="Log To Console" owner="BuiltIn">
<arg>${contains_left_brace}</arg>
<doc>Logs the given message to the console.</doc>
<status status="NOT RUN" start="2025-04-23T15:57:57.167526" elapsed="0.000000"/>
</kw>
<if>
<branch type="IF" condition="${contains_left_brace}">
<kw name="Replace String" owner="String">
<var>${spec_var}</var>
<arg>${spec}</arg>
<arg>{</arg>
<arg>${EMPTY}</arg>
<doc>Replaces ``search_for`` in the given ``string`` with ``replace_with``.</doc>
<status status="NOT RUN" start="2025-04-23T15:57:57.167526" elapsed="0.000000"/>
</kw>
<kw name="Replace String" owner="String">
<var>${spec_var}</var>
<arg>${spec_var}</arg>
<arg>}</arg>
<arg>${EMPTY}</arg>
<doc>Replaces ``search_for`` in the given ``string`` with ``replace_with``.</doc>
<status status="NOT RUN" start="2025-04-23T15:57:57.167526" elapsed="0.002103"/>
</kw>
<kw name="Run Keyword And Return Status" owner="BuiltIn">
<var>${value}</var>
<arg>Should Contain</arg>
<arg>${item['tag']}</arg>
<arg>select_value</arg>
<doc>Runs the given keyword with given arguments and returns the status as a Boolean value.</doc>
<status status="NOT RUN" start="2025-04-23T15:57:57.169629" elapsed="0.000000"/>
</kw>
<kw name="Log To Console" owner="BuiltIn">
<arg>${value}</arg>
<doc>Logs the given message to the console.</doc>
<status status="NOT RUN" start="2025-04-23T15:57:57.169629" elapsed="0.001008"/>
</kw>
<if>
<branch type="IF" condition="${value}">
<kw name="Select From List By Value" owner="SeleniumLibrary">
<arg>${item['selector']}:${spec_var}</arg>
<arg>${objdata["${spec_var}"]}</arg>
<doc>Selects options from selection list ``locator`` by ``values``.</doc>
<status status="NOT RUN" start="2025-04-23T15:57:57.170637" elapsed="0.000934"/>
</kw>
<status status="NOT RUN" start="2025-04-23T15:57:57.170637" elapsed="0.000934"/>
</branch>
<branch type="ELSE">
<kw name="Select From List By Label" owner="SeleniumLibrary">
<arg>${item['selector']}:${spec_var}</arg>
<arg>${objdata["${spec_var}"]}</arg>
<doc>Selects options from selection list ``locator`` by ``labels``.</doc>
<status status="NOT RUN" start="2025-04-23T15:57:57.171571" elapsed="0.001015"/>
</kw>
<status status="NOT RUN" start="2025-04-23T15:57:57.171571" elapsed="0.001015"/>
</branch>
<status status="NOT RUN" start="2025-04-23T15:57:57.170637" elapsed="0.001949"/>
</if>
<status status="NOT RUN" start="2025-04-23T15:57:57.167526" elapsed="0.005060"/>
</branch>
<status status="NOT RUN" start="2025-04-23T15:57:57.167526" elapsed="0.005060"/>
</if>
<kw name="Sleep" owner="BuiltIn">
<arg>1s</arg>
<doc>Pauses the test executed for the given time.</doc>
<status status="NOT RUN" start="2025-04-23T15:57:57.172586" elapsed="0.000000"/>
</kw>
<continue>
<status status="NOT RUN" start="2025-04-23T15:57:57.172586" elapsed="0.000994"/>
</continue>
<status status="NOT RUN" start="2025-04-23T15:57:57.165528" elapsed="0.008052"/>
</branch>
<status status="NOT RUN" start="2025-04-23T15:57:57.165528" elapsed="0.008052"/>
</if>
<kw name="Run Keyword And Return Status" owner="BuiltIn">
<var>${str_submit}</var>
<arg>Should Contain</arg>
<arg>${type}</arg>
<arg>submit</arg>
<doc>Runs the given keyword with given arguments and returns the status as a Boolean value.</doc>
<status status="NOT RUN" start="2025-04-23T15:57:57.173580" elapsed="0.000511"/>
</kw>
<if>
<branch type="IF" condition="${str_submit}">
<kw name="Log To Console" owner="BuiltIn">
<arg>${item['name']}</arg>
<doc>Logs the given message to the console.</doc>
<status status="NOT RUN" start="2025-04-23T15:57:57.174091" elapsed="0.001010"/>
</kw>
<kw name="Execute Javascript" owner="SeleniumLibrary">
<arg>window.scrollTo(0, document.body.scrollHeight);</arg>
<doc>Executes the given JavaScript code with possible arguments.</doc>
<status status="NOT RUN" start="2025-04-23T15:57:57.175101" elapsed="0.000000"/>
</kw>
<kw name="Wait Until Element Is Visible" owner="SeleniumLibrary">
<arg>${item['selector']}:${item['name']}</arg>
<arg>timeout=1s</arg>
<doc>Waits until the element ``locator`` is visible.</doc>
<status status="NOT RUN" start="2025-04-23T15:57:57.175101" elapsed="0.000000"/>
</kw>
<kw name="Wait Until Element Is Enabled" owner="SeleniumLibrary">
<arg>${item['selector']}:${item['name']}</arg>
<arg>timeout=1s</arg>
<doc>Waits until the element ``locator`` is enabled.</doc>
<status status="NOT RUN" start="2025-04-23T15:57:57.176110" elapsed="0.000000"/>
</kw>
<kw name="Execute Javascript" owner="SeleniumLibrary">
<arg>document.querySelector('.${item['name']}').click();</arg>
<doc>Executes the given JavaScript code with possible arguments.</doc>
<status status="NOT RUN" start="2025-04-23T15:57:57.176110" elapsed="0.000000"/>
</kw>
<kw name="Log To Console" owner="BuiltIn">
<arg>element clicked</arg>
<doc>Logs the given message to the console.</doc>
<status status="NOT RUN" start="2025-04-23T15:57:57.177111" elapsed="0.000000"/>
</kw>
<kw name="Sleep" owner="BuiltIn">
<arg>1s</arg>
<doc>Pauses the test executed for the given time.</doc>
<status status="NOT RUN" start="2025-04-23T15:57:57.177111" elapsed="0.000000"/>
</kw>
<continue>
<status status="NOT RUN" start="2025-04-23T15:57:57.177111" elapsed="0.000000"/>
</continue>
<status status="NOT RUN" start="2025-04-23T15:57:57.174091" elapsed="0.003020"/>
</branch>
<status status="NOT RUN" start="2025-04-23T15:57:57.174091" elapsed="0.003020"/>
</if>
<kw name="Run Keyword And Return Status" owner="BuiltIn">
<var>${str_button}</var>
<arg>Should Contain</arg>
<arg>${type}</arg>
<arg>button</arg>
<doc>Runs the given keyword with given arguments and returns the status as a Boolean value.</doc>
<status status="NOT RUN" start="2025-04-23T15:57:57.177111" elapsed="0.001512"/>
</kw>
<if>
<branch type="IF" condition="${str_button}">
<kw name="Run Keyword And Return Status" owner="BuiltIn">
<var>${str_td}</var>
<arg>Should Contain</arg>
<arg>${item['tag']}</arg>
<arg>td</arg>
<doc>Runs the given keyword with given arguments and returns the status as a Boolean value.</doc>
<status status="NOT RUN" start="2025-04-23T15:57:57.179630" elapsed="0.000000"/>
</kw>
<if>
<branch type="IF" condition="${str_td}">
<kw name="Set Variable" owner="BuiltIn">
<var>${spec}</var>
<arg>${item['name']}</arg>
<doc>Returns the given values which can then be assigned to a variables.</doc>
<status status="NOT RUN" start="2025-04-23T15:57:57.180645" elapsed="0.000000"/>
</kw>
<kw name="Run Keyword And Return Status" owner="BuiltIn">
<var>${contains_left_brace}</var>
<arg>Should Contain</arg>
<arg>${spec}</arg>
<arg>{</arg>
<doc>Runs the given keyword with given arguments and returns the status as a Boolean value.</doc>
<status status="NOT RUN" start="2025-04-23T15:57:57.180645" elapsed="0.000000"/>
</kw>
<kw name="Log To Console" owner="BuiltIn">
<arg>${spec}</arg>
<doc>Logs the given message to the console.</doc>
<status status="NOT RUN" start="2025-04-23T15:57:57.181646" elapsed="0.000000"/>
</kw>
<kw name="Log To Console" owner="BuiltIn">
<arg>${contains_left_brace}</arg>
<doc>Logs the given message to the console.</doc>
<status status="NOT RUN" start="2025-04-23T15:57:57.181646" elapsed="0.000000"/>
</kw>
<if>
<branch type="IF" condition="${contains_left_brace}">
<kw name="Replace String" owner="String">
<var>${spec_var}</var>
<arg>${spec}</arg>
<arg>{</arg>
<arg>${EMPTY}</arg>
<doc>Replaces ``search_for`` in the given ``string`` with ``replace_with``.</doc>
<status status="NOT RUN" start="2025-04-23T15:57:57.182637" elapsed="0.000000"/>
</kw>
<kw name="Replace String" owner="String">
<var>${spec_var}</var>
<arg>${spec_var}</arg>
<arg>}</arg>
<arg>${EMPTY}</arg>
<doc>Replaces ``search_for`` in the given ``string`` with ``replace_with``.</doc>
<status status="NOT RUN" start="2025-04-23T15:57:57.182637" elapsed="0.000000"/>
</kw>
<kw name="Click Button Based on Td Value" owner="gui_resources">
<arg>${objdata['${spec_var}']}</arg>
<arg>${type}</arg>
<status status="NOT RUN" start="2025-04-23T15:57:57.183656" elapsed="0.000000"/>
</kw>
<status status="NOT RUN" start="2025-04-23T15:57:57.181646" elapsed="0.002010"/>
</branch>
<status status="NOT RUN" start="2025-04-23T15:57:57.181646" elapsed="0.002010"/>
</if>
<status status="NOT RUN" start="2025-04-23T15:57:57.179630" elapsed="0.004026"/>
</branch>
<branch type="ELSE">
<kw name="Execute Javascript" owner="SeleniumLibrary">
<arg>window.scrollTo(0, document.body.scrollHeight);</arg>
<doc>Executes the given JavaScript code with possible arguments.</doc>
<status status="NOT RUN" start="2025-04-23T15:57:57.184642" elapsed="0.000000"/>
</kw>
<kw name="Log To Console" owner="BuiltIn">
<arg>button name is ${item['name']}</arg>
<doc>Logs the given message to the console.</doc>
<status status="NOT RUN" start="2025-04-23T15:57:57.184642" elapsed="0.000998"/>
</kw>
<kw name="Run Keyword And Return Status" owner="BuiltIn">
<var>${btn_id}</var>
<arg>Should Contain</arg>
<arg>${item['selector']}</arg>
<arg>id</arg>
<doc>Runs the given keyword with given arguments and returns the status as a Boolean value.</doc>
<status status="NOT RUN" start="2025-04-23T15:57:57.185640" elapsed="0.000000"/>
</kw>
<if>
<branch type="IF" condition="${btn_id}">
<kw name="Execute Javascript" owner="SeleniumLibrary">
<arg>var event = new MouseEvent('click', { bubbles: true, cancelable: true }); document.getElementById("${item['name']}").dispatchEvent(event);</arg>
<doc>Executes the given JavaScript code with possible arguments.</doc>
<status status="NOT RUN" start="2025-04-23T15:57:57.186642" elapsed="0.000000"/>
</kw>
<status status="NOT RUN" start="2025-04-23T15:57:57.186642" elapsed="0.000995"/>
</branch>
<status status="NOT RUN" start="2025-04-23T15:57:57.186642" elapsed="0.000995"/>
</if>
<kw name="Run Keyword And Return Status" owner="BuiltIn">
<var>${btn_class}</var>
<arg>Should Contain</arg>
<arg>${item['selector']}</arg>
<arg>class</arg>
<doc>Runs the given keyword with given arguments and returns the status as a Boolean value.</doc>
<status status="NOT RUN" start="2025-04-23T15:57:57.187637" elapsed="0.000000"/>
</kw>
<if>
<branch type="IF" condition="${btn_class}">
<if>
<branch type="IF" condition="$item['tag'] == 'data_btn'">
<kw name="Set Variable" owner="BuiltIn">
<var>${spec}</var>
<arg>${item['name']}</arg>
<doc>Returns the given values which can then be assigned to a variables.</doc>
<status status="NOT RUN" start="2025-04-23T15:57:57.188635" elapsed="0.000000"/>
</kw>
<kw name="Run Keyword And Return Status" owner="BuiltIn">
<var>${contains_left_brace}</var>
<arg>Should Contain</arg>
<arg>${spec}</arg>
<arg>{</arg>
<doc>Runs the given keyword with given arguments and returns the status as a Boolean value.</doc>
<status status="NOT RUN" start="2025-04-23T15:57:57.188635" elapsed="0.001022"/>
</kw>
<if>
<branch type="IF" condition="${contains_left_brace}">
<kw name="Replace String" owner="String">
<var>${spec_var}</var>
<arg>${spec}</arg>
<arg>{</arg>
<arg>${EMPTY}</arg>
<doc>Replaces ``search_for`` in the given ``string`` with ``replace_with``.</doc>
<status status="NOT RUN" start="2025-04-23T15:57:57.190194" elapsed="0.000000"/>
</kw>
<kw name="Replace String" owner="String">
<var>${spec_var}</var>
<arg>${spec_var}</arg>
<arg>}</arg>
<arg>${EMPTY}</arg>
<doc>Replaces ``search_for`` in the given ``string`` with ``replace_with``.</doc>
<status status="NOT RUN" start="2025-04-23T15:57:57.190194" elapsed="0.000000"/>
</kw>
<kw name="Click Button" owner="SeleniumLibrary">
<arg>xpath=//button[@data-bb-handler='${objdata['${spec_var}']}']</arg>
<doc>Clicks the button identified by ``locator``.</doc>
<status status="NOT RUN" start="2025-04-23T15:57:57.191187" elapsed="0.000000"/>
</kw>
<status status="NOT RUN" start="2025-04-23T15:57:57.189657" elapsed="0.001530"/>
</branch>
<branch type="ELSE">
<kw name="Click Button" owner="SeleniumLibrary">
<arg>xpath=//button[@data-bb-handler='${item['name']}']</arg>
<doc>Clicks the button identified by ``locator``.</doc>
<status status="NOT RUN" start="2025-04-23T15:57:57.192211" elapsed="0.000000"/>
</kw>
<status status="NOT RUN" start="2025-04-23T15:57:57.191187" elapsed="0.001024"/>
</branch>
<status status="NOT RUN" start="2025-04-23T15:57:57.189657" elapsed="0.002554"/>
</if>
<status status="NOT RUN" start="2025-04-23T15:57:57.188635" elapsed="0.003576"/>
</branch>
<branch type="ELSE">
<kw name="Execute Javascript" owner="SeleniumLibrary">
<arg>document.querySelector('.${item['name']}').click();</arg>
<doc>Executes the given JavaScript code with possible arguments.</doc>
<status status="NOT RUN" start="2025-04-23T15:57:57.192211" elapsed="0.000000"/>
</kw>
<status status="NOT RUN" start="2025-04-23T15:57:57.192211" elapsed="0.000000"/>
</branch>
<status status="NOT RUN" start="2025-04-23T15:57:57.188635" elapsed="0.005101"/>
</if>
<status status="NOT RUN" start="2025-04-23T15:57:57.187637" elapsed="0.006099"/>
</branch>
<status status="NOT RUN" start="2025-04-23T15:57:57.187637" elapsed="0.006099"/>
</if>
<kw name="Sleep" owner="BuiltIn">
<arg>1s</arg>
<doc>Pauses the test executed for the given time.</doc>
<status status="NOT RUN" start="2025-04-23T15:57:57.193736" elapsed="0.000000"/>
</kw>
<continue>
<status status="NOT RUN" start="2025-04-23T15:57:57.193736" elapsed="0.000000"/>
</continue>
<status status="NOT RUN" start="2025-04-23T15:57:57.183656" elapsed="0.010080"/>
</branch>
<status status="NOT RUN" start="2025-04-23T15:57:57.179630" elapsed="0.015137"/>
</if>
<status status="NOT RUN" start="2025-04-23T15:57:57.178623" elapsed="0.016144"/>
</branch>
<status status="NOT RUN" start="2025-04-23T15:57:57.178623" elapsed="0.016144"/>
</if>
<kw name="Run Keyword And Return Status" owner="BuiltIn">
<var>${str_script}</var>
<arg>Should Contain</arg>
<arg>${type}</arg>
<arg>script</arg>
<doc>Runs the given keyword with given arguments and returns the status as a Boolean value.</doc>
<status status="NOT RUN" start="2025-04-23T15:57:57.194767" elapsed="0.000000"/>
</kw>
<if>
<branch type="IF" condition="${str_script}">
<kw name="Log To Console" owner="BuiltIn">
<arg>${item['name']}</arg>
<doc>Logs the given message to the console.</doc>
<status status="NOT RUN" start="2025-04-23T15:57:57.195770" elapsed="0.000000"/>
</kw>
<kw name="Sleep" owner="BuiltIn">
<arg>1s</arg>
<doc>Pauses the test executed for the given time.</doc>
<status status="NOT RUN" start="2025-04-23T15:57:57.195770" elapsed="0.000987"/>
</kw>
<kw name="Log To Console" owner="BuiltIn">
<arg>button name is ${item['name']}</arg>
<doc>Logs the given message to the console.</doc>
<status status="NOT RUN" start="2025-04-23T15:57:57.196757" elapsed="0.000000"/>
</kw>
<kw name="Execute Javascript" owner="SeleniumLibrary">
<arg>${item['name']};</arg>
<doc>Executes the given JavaScript code with possible arguments.</doc>
<status status="NOT RUN" start="2025-04-23T15:57:57.196757" elapsed="0.000000"/>
</kw>
<kw name="Sleep" owner="BuiltIn">
<arg>1s</arg>
<doc>Pauses the test executed for the given time.</doc>
<status status="NOT RUN" start="2025-04-23T15:57:57.197754" elapsed="0.000000"/>
</kw>
<continue>
<status status="NOT RUN" start="2025-04-23T15:57:57.197754" elapsed="0.000000"/>
</continue>
<status status="NOT RUN" start="2025-04-23T15:57:57.194767" elapsed="0.002987"/>
</branch>
<status status="NOT RUN" start="2025-04-23T15:57:57.194767" elapsed="0.002987"/>
</if>
<kw name="Run Keyword And Return Status" owner="BuiltIn">
<var>${str_form}</var>
<arg>Should Contain</arg>
<arg>${type}</arg>
<arg>form</arg>
<doc>Runs the given keyword with given arguments and returns the status as a Boolean value.</doc>
<status status="NOT RUN" start="2025-04-23T15:57:57.198755" elapsed="0.000000"/>
</kw>
<if>
<branch type="IF" condition="${str_form}">
<kw name="Log To Console" owner="BuiltIn">
<arg>${item['name']}</arg>
<doc>Logs the given message to the console.</doc>
<status status="NOT RUN" start="2025-04-23T15:57:57.199769" elapsed="0.000000"/>
</kw>
<kw name="Submit Form" owner="SeleniumLibrary">
<arg>xpath=//form[@${item['selector']}='${item['name']}']</arg>
<doc>Submits a form identified by ``locator``.</doc>
<status status="NOT RUN" start="2025-04-23T15:57:57.199769" elapsed="0.000540"/>
</kw>
<kw name="Sleep" owner="BuiltIn">
<arg>1s</arg>
<doc>Pauses the test executed for the given time.</doc>
<status status="NOT RUN" start="2025-04-23T15:57:57.200309" elapsed="0.000000"/>
</kw>
<continue>
<status status="NOT RUN" start="2025-04-23T15:57:57.200309" elapsed="0.000000"/>
</continue>
<status status="NOT RUN" start="2025-04-23T15:57:57.198755" elapsed="0.001554"/>
</branch>
<status status="NOT RUN" start="2025-04-23T15:57:57.198755" elapsed="0.001554"/>
</if>
<kw name="Run Keyword And Return Status" owner="BuiltIn">
<var>${str_radio}</var>
<arg>Should Contain</arg>
<arg>${type}</arg>
<arg>radio</arg>
<doc>Runs the given keyword with given arguments and returns the status as a Boolean value.</doc>
<status status="NOT RUN" start="2025-04-23T15:57:57.201315" elapsed="0.000000"/>
</kw>
<if>
<branch type="IF" condition="${str_radio}">
<kw name="Set Variable" owner="BuiltIn">
<var>${spec}</var>
<arg>${item['name']}</arg>
<doc>Returns the given values which can then be assigned to a variables.</doc>
<status status="NOT RUN" start="2025-04-23T15:57:57.202321" elapsed="0.000000"/>
</kw>
<kw name="Run Keyword And Return Status" owner="BuiltIn">
<var>${contains_left_brace}</var>
<arg>Should Contain</arg>
<arg>${spec}</arg>
<arg>{</arg>
<doc>Runs the given keyword with given arguments and returns the status as a Boolean value.</doc>
<status status="NOT RUN" start="2025-04-23T15:57:57.202321" elapsed="0.001002"/>
</kw>
<kw name="Log To Console" owner="BuiltIn">
<arg>${spec}</arg>
<doc>Logs the given message to the console.</doc>
<status status="NOT RUN" start="2025-04-23T15:57:57.203323" elapsed="0.000000"/>
</kw>
<kw name="Log To Console" owner="BuiltIn">
<arg>${contains_left_brace}</arg>
<doc>Logs the given message to the console.</doc>
<status status="NOT RUN" start="2025-04-23T15:57:57.204319" elapsed="0.000000"/>
</kw>
<if>
<branch type="IF" condition="${contains_left_brace}">
<kw name="Replace String" owner="String">
<var>${spec_var}</var>
<arg>${spec}</arg>
<arg>{</arg>
<arg>${EMPTY}</arg>
<doc>Replaces ``search_for`` in the given ``string`` with ``replace_with``.</doc>
<status status="NOT RUN" start="2025-04-23T15:57:57.205319" elapsed="0.000000"/>
</kw>
<kw name="Replace String" owner="String">
<var>${spec_var}</var>
<arg>${spec_var}</arg>
<arg>}</arg>
<arg>${EMPTY}</arg>
<doc>Replaces ``search_for`` in the given ``string`` with ``replace_with``.</doc>
<status status="NOT RUN" start="2025-04-23T15:57:57.205319" elapsed="0.001000"/>
</kw>
<kw name="Log To Console" owner="BuiltIn">
<arg>${spec_var}</arg>
<doc>Logs the given message to the console.</doc>
<status status="NOT RUN" start="2025-04-23T15:57:57.206319" elapsed="0.000535"/>
</kw>
<kw name="Run Keyword And Return Status" owner="BuiltIn">
<var>${contains_td}</var>
<arg>Should Contain</arg>
<arg>${item['tag']}</arg>
<arg>td</arg>
<doc>Runs the given keyword with given arguments and returns the status as a Boolean value.</doc>
<status status="NOT RUN" start="2025-04-23T15:57:57.206854" elapsed="0.000000"/>
</kw>
<if>
<branch type="IF" condition="${contains_td}">
<kw name="Select Radio Button Based On Td Value" owner="gui_resources">
<arg>${objdata["${spec_var}"]}</arg>
<status status="NOT RUN" start="2025-04-23T15:57:57.207854" elapsed="0.000000"/>
</kw>
<status status="NOT RUN" start="2025-04-23T15:57:57.206854" elapsed="0.001000"/>
</branch>
<branch type="ELSE">
<kw name="Set Variable" owner="BuiltIn">
<var>${spec}</var>
<arg>${item['name']}</arg>
<doc>Returns the given values which can then be assigned to a variables.</doc>
<status status="NOT RUN" start="2025-04-23T15:57:57.208868" elapsed="0.000000"/>
</kw>
<kw name="Run Keyword And Return Status" owner="BuiltIn">
<var>${contains_left_brace}</var>
<arg>Should Contain</arg>
<arg>${spec}</arg>
<arg>{</arg>
<doc>Runs the given keyword with given arguments and returns the status as a Boolean value.</doc>
<status status="NOT RUN" start="2025-04-23T15:57:57.208868" elapsed="0.000996"/>
</kw>
<if>
<branch type="IF" condition="${contains_left_brace}">
<kw name="Replace String" owner="String">
<var>${spec_var}</var>
<arg>${spec}</arg>
<arg>{</arg>
<arg>${EMPTY}</arg>
<doc>Replaces ``search_for`` in the given ``string`` with ``replace_with``.</doc>
<status status="NOT RUN" start="2025-04-23T15:57:57.210402" elapsed="0.000000"/>
</kw>
<kw name="Replace String" owner="String">
<var>${spec_var}</var>
<arg>${spec_var}</arg>
<arg>}</arg>
<arg>${EMPTY}</arg>
<doc>Replaces ``search_for`` in the given ``string`` with ``replace_with``.</doc>
<status status="NOT RUN" start="2025-04-23T15:57:57.210402" elapsed="0.000000"/>
</kw>
<kw name="Get WebElement" owner="SeleniumLibrary">
<var>${radio_button}</var>
<arg>xpath=//label[contains(text(), "${objdata['${spec_var}']}")]</arg>
<doc>Returns the first WebElement matching the given ``locator``.</doc>
<status status="NOT RUN" start="2025-04-23T15:57:57.211399" elapsed="0.000000"/>
</kw>
<kw name="Click Element" owner="SeleniumLibrary">
<arg>${radio_button}</arg>
<doc>Click the element identified by ``locator``.</doc>
<status status="NOT RUN" start="2025-04-23T15:57:57.211399" elapsed="0.001019"/>
</kw>
<status status="NOT RUN" start="2025-04-23T15:57:57.209864" elapsed="0.002554"/>
</branch>
<branch type="ELSE">
<kw name="Select Radio Button" owner="SeleniumLibrary">
<arg>${spec_var}</arg>
<arg>${objdata["${spec_var}"]}</arg>
<doc>Sets the radio button group ``group_name`` to ``value``.</doc>
<status status="NOT RUN" start="2025-04-23T15:57:57.212418" elapsed="0.000000"/>
</kw>
<status status="NOT RUN" start="2025-04-23T15:57:57.212418" elapsed="0.000000"/>
</branch>
<status status="NOT RUN" start="2025-04-23T15:57:57.209864" elapsed="0.002554"/>
</if>
<status status="NOT RUN" start="2025-04-23T15:57:57.208868" elapsed="0.003550"/>
</branch>
<status status="NOT RUN" start="2025-04-23T15:57:57.206854" elapsed="0.006562"/>
</if>
<status status="NOT RUN" start="2025-04-23T15:57:57.204319" elapsed="0.009097"/>
</branch>
<status status="NOT RUN" start="2025-04-23T15:57:57.204319" elapsed="0.009097"/>
</if>
<kw name="Sleep" owner="BuiltIn">
<arg>1s</arg>
<doc>Pauses the test executed for the given time.</doc>
<status status="NOT RUN" start="2025-04-23T15:57:57.213416" elapsed="0.000000"/>
</kw>
<continue>
<status status="NOT RUN" start="2025-04-23T15:57:57.213416" elapsed="0.000000"/>
</continue>
<status status="NOT RUN" start="2025-04-23T15:57:57.201315" elapsed="0.013097"/>
</branch>
<status status="NOT RUN" start="2025-04-23T15:57:57.201315" elapsed="0.013097"/>
</if>
<kw name="Run Keyword And Return Status" owner="BuiltIn">
<var>${str_page}</var>
<arg>Should Contain</arg>
<arg>${type}</arg>
<arg>url</arg>
<doc>Runs the given keyword with given arguments and returns the status as a Boolean value.</doc>
<status status="NOT RUN" start="2025-04-23T15:57:57.214412" elapsed="0.000000"/>
</kw>
<if>
<branch type="IF" condition="${str_page}">
<kw name="Log To Console" owner="BuiltIn">
<arg>${item['name']}</arg>
<doc>Logs the given message to the console.</doc>
<status status="NOT RUN" start="2025-04-23T15:57:57.215415" elapsed="0.000000"/>
</kw>
<kw name="Wait Until Location Contains" owner="SeleniumLibrary">
<arg>${item['name']}</arg>
<doc>Waits until the current URL contains ``expected``.</doc>
<status status="NOT RUN" start="2025-04-23T15:57:57.215415" elapsed="0.000000"/>
</kw>
<kw name="Get Location" owner="SeleniumLibrary">
<var>${current_url}</var>
<doc>Returns the current browser window URL.</doc>
<status status="NOT RUN" start="2025-04-23T15:57:57.216413" elapsed="0.000000"/>
</kw>
<kw name="Log To Console" owner="BuiltIn">
<arg>${current_url}</arg>
<doc>Logs the given message to the console.</doc>
<status status="NOT RUN" start="2025-04-23T15:57:57.216413" elapsed="0.000000"/>
</kw>
<kw name="Should Contain" owner="BuiltIn">
<arg>${current_url}</arg>
<arg>${item['name']}</arg>
<doc>Fails if ``container`` does not contain ``item`` one or more times.</doc>
<status status="NOT RUN" start="2025-04-23T15:57:57.217402" elapsed="0.000000"/>
</kw>
<kw name="Sleep" owner="BuiltIn">
<arg>1s</arg>
<doc>Pauses the test executed for the given time.</doc>
<status status="NOT RUN" start="2025-04-23T15:57:57.217402" elapsed="0.000000"/>
</kw>
<continue>
<status status="NOT RUN" start="2025-04-23T15:57:57.217402" elapsed="0.000000"/>
</continue>
<status status="NOT RUN" start="2025-04-23T15:57:57.214412" elapsed="0.004508"/>
</branch>
<status status="NOT RUN" start="2025-04-23T15:57:57.214412" elapsed="0.004508"/>
</if>
<kw name="Run Keyword And Return Status" owner="BuiltIn">
<var>${str_nava_tag}</var>
<arg>Should Contain</arg>
<arg>${type}</arg>
<arg>nav-link</arg>
<doc>Runs the given keyword with given arguments and returns the status as a Boolean value.</doc>
<status status="NOT RUN" start="2025-04-23T15:57:57.219427" elapsed="0.000000"/>
</kw>
<if>
<branch type="IF" condition="${str_nava_tag}">
<kw name="Log To Console" owner="BuiltIn">
<arg>Link name is ${item['name']}</arg>
<doc>Logs the given message to the console.</doc>
<status status="NOT RUN" start="2025-04-23T15:57:57.219427" elapsed="0.001027"/>
</kw>
<kw name="Log To Console" owner="BuiltIn">
<arg>A Tag name is ${item['name']}</arg>
<doc>Logs the given message to the console.</doc>
<status status="NOT RUN" start="2025-04-23T15:57:57.220454" elapsed="0.000000"/>
</kw>
<kw name="Log To Console" owner="BuiltIn">
<arg>${str_nava_tag}</arg>
<doc>Logs the given message to the console.</doc>
<status status="NOT RUN" start="2025-04-23T15:57:57.220454" elapsed="0.000995"/>
</kw>
<kw name="Set Variable" owner="BuiltIn">
<var>${spec}</var>
<arg>${item['name']}</arg>
<doc>Returns the given values which can then be assigned to a variables.</doc>
<status status="NOT RUN" start="2025-04-23T15:57:57.221449" elapsed="0.000000"/>
</kw>
<kw name="Run Keyword And Return Status" owner="BuiltIn">
<var>${contains_left_brace}</var>
<arg>Should Contain</arg>
<arg>${spec}</arg>
<arg>{</arg>
<doc>Runs the given keyword with given arguments and returns the status as a Boolean value.</doc>
<status status="NOT RUN" start="2025-04-23T15:57:57.222443" elapsed="0.000000"/>
</kw>
<kw name="Log To Console" owner="BuiltIn">
<arg>${spec}</arg>
<doc>Logs the given message to the console.</doc>
<status status="NOT RUN" start="2025-04-23T15:57:57.222443" elapsed="0.000990"/>
</kw>
<kw name="Log To Console" owner="BuiltIn">
<arg>${contains_left_brace}</arg>
<doc>Logs the given message to the console.</doc>
<status status="NOT RUN" start="2025-04-23T15:57:57.223433" elapsed="0.000000"/>
</kw>
<if>
<branch type="IF" condition="${contains_left_brace}">
<kw name="Replace String" owner="String">
<var>${spec_var}</var>
<arg>${spec}</arg>
<arg>{</arg>
<arg>${EMPTY}</arg>
<doc>Replaces ``search_for`` in the given ``string`` with ``replace_with``.</doc>
<status status="NOT RUN" start="2025-04-23T15:57:57.224450" elapsed="0.000000"/>
</kw>
<kw name="Replace String" owner="String">
<var>${spec_var}</var>
<arg>${spec_var}</arg>
<arg>}</arg>
<arg>${EMPTY}</arg>
<doc>Replaces ``search_for`` in the given ``string`` with ``replace_with``.</doc>
<status status="NOT RUN" start="2025-04-23T15:57:57.224450" elapsed="0.000989"/>
</kw>
<kw name="Wait Until Element Is Visible" owner="SeleniumLibrary">
<arg>xpath=//a[contains(.,'${objdata['${spec_var}']}')]</arg>
<doc>Waits until the element ``locator`` is visible.</doc>
<status status="NOT RUN" start="2025-04-23T15:57:57.225439" elapsed="0.000000"/>
</kw>
<kw name="Click Element" owner="SeleniumLibrary">
<arg>xpath=//a[contains(.,'${objdata['${spec_var}']}')]</arg>
<doc>Click the element identified by ``locator``.</doc>
<status status="NOT RUN" start="2025-04-23T15:57:57.226450" elapsed="0.000000"/>
</kw>
<kw name="Sleep" owner="BuiltIn">
<arg>1s</arg>
<doc>Pauses the test executed for the given time.</doc>
<status status="NOT RUN" start="2025-04-23T15:57:57.226450" elapsed="0.001096"/>
</kw>
<continue>
<status status="NOT RUN" start="2025-04-23T15:57:57.227546" elapsed="0.000000"/>
</continue>
<status status="NOT RUN" start="2025-04-23T15:57:57.223433" elapsed="0.004113"/>
</branch>
<status status="NOT RUN" start="2025-04-23T15:57:57.223433" elapsed="0.004113"/>
</if>
<status status="NOT RUN" start="2025-04-23T15:57:57.219427" elapsed="0.008119"/>
</branch>
<status status="NOT RUN" start="2025-04-23T15:57:57.219427" elapsed="0.008119"/>
</if>
<kw name="Run Keyword And Return Status" owner="BuiltIn">
<var>${str_link}</var>
<arg>Should Contain</arg>
<arg>${type}</arg>
<arg>link</arg>
<doc>Runs the given keyword with given arguments and returns the status as a Boolean value.</doc>
<status status="NOT RUN" start="2025-04-23T15:57:57.227546" elapsed="0.001006"/>
</kw>
<if>
<branch type="IF" condition="${str_link}">
<kw name="Run Keyword And Return Status" owner="BuiltIn">
<var>${str_a_tag}</var>
<arg>Should Contain</arg>
<arg>${item['tag']}</arg>
<arg>td_a_tag</arg>
<doc>Runs the given keyword with given arguments and returns the status as a Boolean value.</doc>
<status status="NOT RUN" start="2025-04-23T15:57:57.228552" elapsed="0.000911"/>
</kw>
<if>
<branch type="IF" condition="${str_a_tag}">
<kw name="Log To Console" owner="BuiltIn">
<arg>A Tag name is ${item['name']}</arg>
<doc>Logs the given message to the console.</doc>
<status status="NOT RUN" start="2025-04-23T15:57:57.229992" elapsed="0.000000"/>
</kw>
<kw name="Log To Console" owner="BuiltIn">
<arg>${str_a_tag}</arg>
<doc>Logs the given message to the console.</doc>
<status status="NOT RUN" start="2025-04-23T15:57:57.229992" elapsed="0.000000"/>
</kw>
<kw name="Set Variable" owner="BuiltIn">
<var>${spec}</var>
<arg>${item['name']}</arg>
<doc>Returns the given values which can then be assigned to a variables.</doc>
<status status="NOT RUN" start="2025-04-23T15:57:57.231018" elapsed="0.000000"/>
</kw>
<kw name="Run Keyword And Return Status" owner="BuiltIn">
<var>${contains_left_brace}</var>
<arg>Should Contain</arg>
<arg>${spec}</arg>
<arg>{</arg>
<doc>Runs the given keyword with given arguments and returns the status as a Boolean value.</doc>
<status status="NOT RUN" start="2025-04-23T15:57:57.231018" elapsed="0.000000"/>
</kw>
<kw name="Log To Console" owner="BuiltIn">
<arg>${spec}</arg>
<doc>Logs the given message to the console.</doc>
<status status="NOT RUN" start="2025-04-23T15:57:57.232002" elapsed="0.000000"/>
</kw>
<kw name="Log To Console" owner="BuiltIn">
<arg>${contains_left_brace}</arg>
<doc>Logs the given message to the console.</doc>
<status status="NOT RUN" start="2025-04-23T15:57:57.232002" elapsed="0.000000"/>
</kw>
<if>
<branch type="IF" condition="${contains_left_brace}">
<kw name="Replace String" owner="String">
<var>${spec_var}</var>
<arg>${spec}</arg>
<arg>{</arg>
<arg>${EMPTY}</arg>
<doc>Replaces ``search_for`` in the given ``string`` with ``replace_with``.</doc>
<status status="NOT RUN" start="2025-04-23T15:57:57.233000" elapsed="0.000000"/>
</kw>
<kw name="Replace String" owner="String">
<var>${spec_var}</var>
<arg>${spec_var}</arg>
<arg>}</arg>
<arg>${EMPTY}</arg>
<doc>Replaces ``search_for`` in the given ``string`` with ``replace_with``.</doc>
<status status="NOT RUN" start="2025-04-23T15:57:57.233000" elapsed="0.001103"/>
</kw>
<kw name="Click Button Based on Td Value" owner="gui_resources">
<arg>${objdata['${spec_var}']}</arg>
<arg>${type}</arg>
<status status="NOT RUN" start="2025-04-23T15:57:57.234103" elapsed="0.000000"/>
</kw>
<status status="NOT RUN" start="2025-04-23T15:57:57.233000" elapsed="0.002102"/>
</branch>
<status status="NOT RUN" start="2025-04-23T15:57:57.233000" elapsed="0.002102"/>
</if>
<status status="NOT RUN" start="2025-04-23T15:57:57.229463" elapsed="0.005639"/>
</branch>
<branch type="ELSE">
<kw name="Log To Console" owner="BuiltIn">
<arg>Link name is ${item['name']}</arg>
<doc>Logs the given message to the console.</doc>
<status status="NOT RUN" start="2025-04-23T15:57:57.235102" elapsed="0.000623"/>
</kw>
<kw name="Wait Until Element Is Not Visible" owner="SeleniumLibrary">
<arg>xpath=//div[@class='blockUI blockOverlay']</arg>
<doc>Waits until the element ``locator`` is not visible.</doc>
<status status="NOT RUN" start="2025-04-23T15:57:57.235725" elapsed="0.000000"/>
</kw>
<kw name="Wait Until Element Is Visible" owner="SeleniumLibrary">
<arg>${item['selector']}:${item['name']}</arg>
<doc>Waits until the element ``locator`` is visible.</doc>
<status status="NOT RUN" start="2025-04-23T15:57:57.235725" elapsed="0.001104"/>
</kw>
<kw name="Wait Until Element Is Enabled" owner="SeleniumLibrary">
<arg>${item['selector']}:${item['name']}</arg>
<doc>Waits until the element ``locator`` is enabled.</doc>
<status status="NOT RUN" start="2025-04-23T15:57:57.236829" elapsed="0.000000"/>
</kw>
<kw name="Click Link" owner="SeleniumLibrary">
<arg>${item['selector']}=${item['name']}</arg>
<doc>Clicks a link identified by ``locator``.</doc>
<status status="NOT RUN" start="2025-04-23T15:57:57.236829" elapsed="0.000922"/>
</kw>
<kw name="Sleep" owner="BuiltIn">
<arg>0.5s</arg>
<doc>Pauses the test executed for the given time.</doc>
<status status="NOT RUN" start="2025-04-23T15:57:57.237751" elapsed="0.000000"/>
</kw>
<status status="NOT RUN" start="2025-04-23T15:57:57.235102" elapsed="0.002649"/>
</branch>
<status status="NOT RUN" start="2025-04-23T15:57:57.229463" elapsed="0.009270"/>
</if>
<kw name="Sleep" owner="BuiltIn">
<arg>1s</arg>
<doc>Pauses the test executed for the given time.</doc>
<status status="NOT RUN" start="2025-04-23T15:57:57.238733" elapsed="0.000000"/>
</kw>
<continue>
<status status="NOT RUN" start="2025-04-23T15:57:57.238733" elapsed="0.001016"/>
</continue>
<status status="NOT RUN" start="2025-04-23T15:57:57.228552" elapsed="0.011197"/>
</branch>
<status status="NOT RUN" start="2025-04-23T15:57:57.228552" elapsed="0.011197"/>
</if>
<kw name="Run Keyword And Return Status" owner="BuiltIn">
<var>${str_h2}</var>
<arg>Should Contain</arg>
<arg>${type}</arg>
<arg>h2</arg>
<doc>Runs the given keyword with given arguments and returns the status as a Boolean value.</doc>
<status status="NOT RUN" start="2025-04-23T15:57:57.239749" elapsed="0.000618"/>
</kw>
<if>
<branch type="IF" condition="${str_h2}">
<kw name="Log To Console" owner="BuiltIn">
<arg>${item['name']}</arg>
<doc>Logs the given message to the console.</doc>
<status status="NOT RUN" start="2025-04-23T15:57:57.240367" elapsed="0.001032"/>
</kw>
<kw name="Set Variable" owner="BuiltIn">
<var>${spec}</var>
<arg>${item['name']}</arg>
<doc>Returns the given values which can then be assigned to a variables.</doc>
<status status="NOT RUN" start="2025-04-23T15:57:57.241399" elapsed="0.000000"/>
</kw>
<kw name="Run Keyword And Return Status" owner="BuiltIn">
<var>${contains_left_brace}</var>
<arg>Should Contain</arg>
<arg>${spec}</arg>
<arg>{</arg>
<doc>Runs the given keyword with given arguments and returns the status as a Boolean value.</doc>
<status status="NOT RUN" start="2025-04-23T15:57:57.242426" elapsed="0.000000"/>
</kw>
<kw name="Log To Console" owner="BuiltIn">
<arg>${spec}</arg>
<doc>Logs the given message to the console.</doc>
<status status="NOT RUN" start="2025-04-23T15:57:57.242426" elapsed="0.000000"/>
</kw>
<kw name="Log To Console" owner="BuiltIn">
<arg>${contains_left_brace}</arg>
<doc>Logs the given message to the console.</doc>
<status status="NOT RUN" start="2025-04-23T15:57:57.243476" elapsed="0.000000"/>
</kw>
<if>
<branch type="IF" condition="${contains_left_brace}">
<kw name="Replace String" owner="String">
<var>${spec_var}</var>
<arg>${spec}</arg>
<arg>{</arg>
<arg>${EMPTY}</arg>
<doc>Replaces ``search_for`` in the given ``string`` with ``replace_with``.</doc>
<status status="NOT RUN" start="2025-04-23T15:57:57.243476" elapsed="0.001002"/>
</kw>
<kw name="Replace String" owner="String">
<var>${spec_var}</var>
<arg>${spec_var}</arg>
<arg>}</arg>
<arg>${EMPTY}</arg>
<doc>Replaces ``search_for`` in the given ``string`` with ``replace_with``.</doc>
<status status="NOT RUN" start="2025-04-23T15:57:57.244478" elapsed="0.000000"/>
</kw>
<kw name="Wait Until Element Is Not Visible" owner="SeleniumLibrary">
<arg>xpath=//h2[@${item['selector']}='${spec_var}' and text()='${objdata['${spec_var}']}']</arg>
<doc>Waits until the element ``locator`` is not visible.</doc>
<status status="NOT RUN" start="2025-04-23T15:57:57.245105" elapsed="0.000000"/>
</kw>
<status status="NOT RUN" start="2025-04-23T15:57:57.243476" elapsed="0.001629"/>
</branch>
<branch type="ELSE">
<kw name="Wait Until Element Is Not Visible" owner="SeleniumLibrary">
<arg>xpath=//h2[@${item['selector']}='${item['name']}']</arg>
<doc>Waits until the element ``locator`` is not visible.</doc>
<status status="NOT RUN" start="2025-04-23T15:57:57.246122" elapsed="0.000000"/>
</kw>
<status status="NOT RUN" start="2025-04-23T15:57:57.245105" elapsed="0.001017"/>
</branch>
<status status="NOT RUN" start="2025-04-23T15:57:57.243476" elapsed="0.002646"/>
</if>
<kw name="Sleep" owner="BuiltIn">
<arg>1s</arg>
<doc>Pauses the test executed for the given time.</doc>
<status status="NOT RUN" start="2025-04-23T15:57:57.246122" elapsed="0.000000"/>
</kw>
<continue>
<status status="NOT RUN" start="2025-04-23T15:57:57.246122" elapsed="0.001085"/>
</continue>
<status status="NOT RUN" start="2025-04-23T15:57:57.240367" elapsed="0.006840"/>
</branch>
<status status="NOT RUN" start="2025-04-23T15:57:57.240367" elapsed="0.006840"/>
</if>
<kw name="Run Keyword And Return Status" owner="BuiltIn">
<var>${str_loading}</var>
<arg>Should Contain</arg>
<arg>${type}</arg>
<arg>loading</arg>
<doc>Runs the given keyword with given arguments and returns the status as a Boolean value.</doc>
<status status="NOT RUN" start="2025-04-23T15:57:57.247207" elapsed="0.000000"/>
</kw>
<if>
<branch type="IF" condition="${str_loading}">
<kw name="Log To Console" owner="BuiltIn">
<arg>${item['name']}</arg>
<doc>Logs the given message to the console.</doc>
<status status="NOT RUN" start="2025-04-23T15:57:57.247207" elapsed="0.001619"/>
</kw>
<kw name="Wait Until Element Is Not Visible" owner="SeleniumLibrary">
<arg>${item['selector']}=${item['name']}</arg>
<doc>Waits until the element ``locator`` is not visible.</doc>
<status status="NOT RUN" start="2025-04-23T15:57:57.248826" elapsed="0.000000"/>
</kw>
<kw name="Sleep" owner="BuiltIn">
<arg>1s</arg>
<doc>Pauses the test executed for the given time.</doc>
<status status="NOT RUN" start="2025-04-23T15:57:57.248826" elapsed="0.000000"/>
</kw>
<continue>
<status status="NOT RUN" start="2025-04-23T15:57:57.248826" elapsed="0.001115"/>
</continue>
<status status="NOT RUN" start="2025-04-23T15:57:57.247207" elapsed="0.002734"/>
</branch>
<status status="NOT RUN" start="2025-04-23T15:57:57.247207" elapsed="0.002734"/>
</if>
<kw name="Run Keyword And Return Status" owner="BuiltIn">
<var>${str_modal}</var>
<arg>Should Contain</arg>
<arg>${type}</arg>
<arg>div</arg>
<doc>Runs the given keyword with given arguments and returns the status as a Boolean value.</doc>
<status status="NOT RUN" start="2025-04-23T15:57:57.249941" elapsed="0.000000"/>
</kw>
<if>
<branch type="IF" condition="${str_modal}">
<kw name="Run Keyword And Return Status" owner="BuiltIn">
<var>${str_select}</var>
<arg>Should Contain</arg>
<arg>${item['tag']}</arg>
<arg>select</arg>
<doc>Runs the given keyword with given arguments and returns the status as a Boolean value.</doc>
<status status="NOT RUN" start="2025-04-23T15:57:57.250961" elapsed="0.000000"/>
</kw>
<if>
<branch type="IF" condition="${str_select}">
<kw name="Log To Console" owner="BuiltIn">
<arg>${item['name']}</arg>
<doc>Logs the given message to the console.</doc>
<status status="NOT RUN" start="2025-04-23T15:57:57.252002" elapsed="0.000000"/>
</kw>
<kw name="Set Variable" owner="BuiltIn">
<var>${spec}</var>
<arg>${item['name']}</arg>
<doc>Returns the given values which can then be assigned to a variables.</doc>
<status status="NOT RUN" start="2025-04-23T15:57:57.252002" elapsed="0.000000"/>
</kw>
<kw name="Run Keyword And Return Status" owner="BuiltIn">
<var>${contains_left_brace}</var>
<arg>Should Contain</arg>
<arg>${spec}</arg>
<arg>{</arg>
<doc>Runs the given keyword with given arguments and returns the status as a Boolean value.</doc>
<status status="NOT RUN" start="2025-04-23T15:57:57.252002" elapsed="0.001053"/>
</kw>
<kw name="Log To Console" owner="BuiltIn">
<arg>${spec}</arg>
<doc>Logs the given message to the console.</doc>
<status status="NOT RUN" start="2025-04-23T15:57:57.253055" elapsed="0.000617"/>
</kw>
<kw name="Log To Console" owner="BuiltIn">
<arg>${contains_left_brace}</arg>
<doc>Logs the given message to the console.</doc>
<status status="NOT RUN" start="2025-04-23T15:57:57.253672" elapsed="0.000000"/>
</kw>
<if>
<branch type="IF" condition="${contains_left_brace}">
<kw name="Replace String" owner="String">
<var>${spec_var}</var>
<arg>${spec}</arg>
<arg>{</arg>
<arg>${EMPTY}</arg>
<doc>Replaces ``search_for`` in the given ``string`` with ``replace_with``.</doc>
<status status="NOT RUN" start="2025-04-23T15:57:57.253672" elapsed="0.001115"/>
</kw>
<kw name="Replace String" owner="String">
<var>${spec_var}</var>
<arg>${spec_var}</arg>
<arg>}</arg>
<arg>${EMPTY}</arg>
<doc>Replaces ``search_for`` in the given ``string`` with ``replace_with``.</doc>
[...]
</kw>
<kw name="Replace String" owner="String">
<var>${spec_var}</var>
<arg>${spec_var}</arg>
<arg>}</arg>
<arg>${EMPTY}</arg>
<doc>Replaces ``search_for`` in the given ``string`` with ``replace_with``.</doc>
<status status="NOT RUN" start="2025-04-23T15:58:18.237456" elapsed="0.001513"/>
</kw>
<kw name="Run Keyword And Return Status" owner="BuiltIn">
<var>${str_class}</var>
<arg>Should Contain</arg>
<arg>${item['selector']}</arg>
<arg>class</arg>
<doc>Runs the given keyword with given arguments and returns the status as a Boolean value.</doc>
<status status="NOT RUN" start="2025-04-23T15:58:18.239481" elapsed="0.001014"/>
</kw>
<if>
<branch type="IF" condition="${str_class}">
<kw name="Run Keyword And Return Status" owner="BuiltIn">
<var>${contains_left_bracket}</var>
<arg>Should Contain</arg>
<arg>${spec_var}</arg>
<arg>[</arg>
<doc>Runs the given keyword with given arguments and returns the status as a Boolean value.</doc>
<status status="NOT RUN" start="2025-04-23T15:58:18.241508" elapsed="0.000000"/>
</kw>
<if>
<branch type="IF" condition="${contains_left_bracket}">
<kw name="Replace String" owner="String">
<var>${cleaned_string}</var>
<arg>${spec_var}</arg>
<arg>[</arg>
<arg>${EMPTY}</arg>
<doc>Replaces ``search_for`` in the given ``string`` with ``replace_with``.</doc>
<status status="NOT RUN" start="2025-04-23T15:58:18.243517" elapsed="0.000000"/>
</kw>
<kw name="Replace String Using Regexp" owner="String">
<var>${cleaned_string}</var>
<arg>${cleaned_string}</arg>
<arg>\\d*</arg>
<arg>${EMPTY}</arg>
<doc>Replaces ``pattern`` in the given ``string`` with ``replace_with``.</doc>
<status status="NOT RUN" start="2025-04-23T15:58:18.244523" elapsed="0.000535"/>
</kw>
<kw name="Replace String" owner="String">
<var>${cleaned_string}</var>
<arg>${cleaned_string}</arg>
<arg>]</arg>
<arg>${EMPTY}</arg>
<doc>Replaces ``search_for`` in the given ``string`` with ``replace_with``.</doc>
<status status="NOT RUN" start="2025-04-23T15:58:18.246060" elapsed="0.000000"/>
</kw>
<kw name="Log To Console" owner="BuiltIn">
<arg>${cleaned_string}</arg>
<doc>Logs the given message to the console.</doc>
<status status="NOT RUN" start="2025-04-23T15:58:18.246060" elapsed="0.001003"/>
</kw>
<kw name="Wait Until Element Is Visible" owner="SeleniumLibrary">
<arg>//div[contains(@${item['selector']},'${cleaned_string}') and text()='${objdata['${spec_var}']}']</arg>
<arg>timeout=2s</arg>
<doc>Waits until the element ``locator`` is visible.</doc>
<status status="NOT RUN" start="2025-04-23T15:58:18.247063" elapsed="0.000000"/>
</kw>
<kw name="Click Element" owner="SeleniumLibrary">
<arg>xpath=//div[contains(@${item['selector']},'${cleaned_string}') and text()='${objdata['${spec_var}']}']</arg>
<doc>Click the element identified by ``locator``.</doc>
<status status="NOT RUN" start="2025-04-23T15:58:18.248582" elapsed="0.000000"/>
</kw>
<status status="NOT RUN" start="2025-04-23T15:58:18.242498" elapsed="0.007101"/>
</branch>
<branch type="ELSE">
<kw name="Wait Until Element Is Visible" owner="SeleniumLibrary">
<arg>//div[contains(@${item['selector']},'${spec_var}') and text()='${objdata['${spec_var}']}']</arg>
<arg>timeout=2s</arg>
<doc>Waits until the element ``locator`` is visible.</doc>
<status status="NOT RUN" start="2025-04-23T15:58:18.249599" elapsed="0.001010"/>
</kw>
<kw name="Click Element" owner="SeleniumLibrary">
<arg>xpath=//div[contains(@${item['selector']},'${spec_var}') and text()='${objdata['${spec_var}']}']</arg>
<doc>Click the element identified by ``locator``.</doc>
<status status="NOT RUN" start="2025-04-23T15:58:18.251613" elapsed="0.000000"/>
</kw>
<status status="NOT RUN" start="2025-04-23T15:58:18.249599" elapsed="0.002014"/>
</branch>
<status status="NOT RUN" start="2025-04-23T15:58:18.242498" elapsed="0.009115"/>
</if>
<status status="NOT RUN" start="2025-04-23T15:58:18.240495" elapsed="0.011118"/>
</branch>
<status status="NOT RUN" start="2025-04-23T15:58:18.240495" elapsed="0.011118"/>
</if>
<status status="NOT RUN" start="2025-04-23T15:58:18.237456" elapsed="0.014157"/>
</branch>
<branch type="ELSE">
<kw name="Run Keyword And Return Status" owner="BuiltIn">
<var>${str_class}</var>
<arg>Should Contain</arg>
<arg>${item['selector']}</arg>
<arg>class</arg>
<doc>Runs the given keyword with given arguments and returns the status as a Boolean value.</doc>
<status status="NOT RUN" start="2025-04-23T15:58:18.252613" elapsed="0.000000"/>
</kw>
<if>
<branch type="IF" condition="${str_class}">
<kw name="Wait Until Element Is Visible" owner="SeleniumLibrary">
<arg>//div[contains(@${item['selector']},'${item['name']}')]</arg>
<arg>timeout=2s</arg>
<doc>Waits until the element ``locator`` is visible.</doc>
<status status="NOT RUN" start="2025-04-23T15:58:18.254143" elapsed="0.001033"/>
</kw>
<kw name="Log To Console" owner="BuiltIn">
<arg>element name class ${item['name']}</arg>
<doc>Logs the given message to the console.</doc>
<status status="NOT RUN" start="2025-04-23T15:58:18.255176" elapsed="0.000998"/>
</kw>
<kw name="Click Element" owner="SeleniumLibrary">
<arg>xpath=//div[@${item['selector']}='${item['name']}']</arg>
<doc>Click the element identified by ``locator``.</doc>
<status status="NOT RUN" start="2025-04-23T15:58:18.256174" elapsed="0.001000"/>
</kw>
<kw name="Sleep" owner="BuiltIn">
<arg>1s</arg>
<doc>Pauses the test executed for the given time.</doc>
<status status="NOT RUN" start="2025-04-23T15:58:18.257174" elapsed="0.000000"/>
</kw>
<status status="NOT RUN" start="2025-04-23T15:58:18.254143" elapsed="0.003031"/>
</branch>
<branch type="ELSE">
<kw name="Wait Until Element Is Visible" owner="SeleniumLibrary">
<arg>//div[@${item['selector']}='${item['name']}']</arg>
<arg>timeout=2s</arg>
<doc>Waits until the element ``locator`` is visible.</doc>
<status status="NOT RUN" start="2025-04-23T15:58:18.257174" elapsed="0.001519"/>
</kw>
<kw name="Log To Console" owner="BuiltIn">
<arg>element name ${item['name']}</arg>
<doc>Logs the given message to the console.</doc>
<status status="NOT RUN" start="2025-04-23T15:58:18.259712" elapsed="0.000571"/>
</kw>
<kw name="Click Element" owner="SeleniumLibrary">
<arg>xpath=//div[@${item['selector']}='${item['name']}']</arg>
<doc>Click the element identified by ``locator``.</doc>
<status status="NOT RUN" start="2025-04-23T15:58:18.260283" elapsed="0.001035"/>
</kw>
<kw name="Sleep" owner="BuiltIn">
<arg>1s</arg>
<doc>Pauses the test executed for the given time.</doc>
<status status="NOT RUN" start="2025-04-23T15:58:18.262309" elapsed="0.001006"/>
</kw>
<status status="NOT RUN" start="2025-04-23T15:58:18.257174" elapsed="0.006141"/>
</branch>
<status status="NOT RUN" start="2025-04-23T15:58:18.254143" elapsed="0.009172"/>
</if>
<status status="NOT RUN" start="2025-04-23T15:58:18.252613" elapsed="0.010702"/>
</branch>
<status status="NOT RUN" start="2025-04-23T15:58:18.237456" elapsed="0.025859"/>
</if>
<status status="NOT RUN" start="2025-04-23T15:58:18.230863" elapsed="0.032452"/>
</branch>
<branch type="ELSE">
<kw name="Log To Console" owner="BuiltIn">
<arg>${item['name']}</arg>
<doc>Logs the given message to the console.</doc>
<status status="NOT RUN" start="2025-04-23T15:58:18.264845" elapsed="0.001027"/>
</kw>
<kw name="Set Variable" owner="BuiltIn">
<var>${spec}</var>
<arg>${item['name']}</arg>
<doc>Returns the given values which can then be assigned to a variables.</doc>
<status status="NOT RUN" start="2025-04-23T15:58:18.265872" elapsed="0.000000"/>
</kw>
<kw name="Run Keyword And Return Status" owner="BuiltIn">
<var>${contains_left_brace}</var>
<arg>Should Contain</arg>
<arg>${spec}</arg>
<arg>{</arg>
<doc>Runs the given keyword with given arguments and returns the status as a Boolean value.</doc>
<status status="NOT RUN" start="2025-04-23T15:58:18.266908" elapsed="0.000000"/>
</kw>
<kw name="Log To Console" owner="BuiltIn">
<arg>${spec}</arg>
<doc>Logs the given message to the console.</doc>
<status status="NOT RUN" start="2025-04-23T15:58:18.267883" elapsed="0.000000"/>
</kw>
<kw name="Log To Console" owner="BuiltIn">
<arg>${contains_left_brace}</arg>
<doc>Logs the given message to the console.</doc>
<status status="NOT RUN" start="2025-04-23T15:58:18.268910" elapsed="0.000000"/>
</kw>
<if>
<branch type="IF" condition="${contains_left_brace}">
<kw name="Replace String" owner="String">
<var>${spec_var}</var>
<arg>${spec}</arg>
<arg>{</arg>
<arg>${EMPTY}</arg>
<doc>Replaces ``search_for`` in the given ``string`` with ``replace_with``.</doc>
<status status="NOT RUN" start="2025-04-23T15:58:18.268910" elapsed="0.001000"/>
</kw>
<kw name="Replace String" owner="String">
<var>${spec_var}</var>
<arg>${spec_var}</arg>
<arg>}</arg>
<arg>${EMPTY}</arg>
<doc>Replaces ``search_for`` in the given ``string`` with ``replace_with``.</doc>
<status status="NOT RUN" start="2025-04-23T15:58:18.269910" elapsed="0.000000"/>
</kw>
<kw name="Run Keyword And Return Status" owner="BuiltIn">
<var>${str_class}</var>
<arg>Should Contain</arg>
<arg>${item['selector']}</arg>
<arg>class</arg>
<doc>Runs the given keyword with given arguments and returns the status as a Boolean value.</doc>
<status status="NOT RUN" start="2025-04-23T15:58:18.270460" elapsed="0.000000"/>
</kw>
<if>
<branch type="IF" condition="${str_class}">
<kw name="Wait Until Element Is Visible" owner="SeleniumLibrary">
<arg>//div[contains(@${item['selector']},'${spec_Var}')]</arg>
<arg>timeout=2s</arg>
<doc>Waits until the element ``locator`` is visible.</doc>
<status status="NOT RUN" start="2025-04-23T15:58:18.271474" elapsed="0.000000"/>
</kw>
<status status="NOT RUN" start="2025-04-23T15:58:18.270460" elapsed="0.001014"/>
</branch>
<branch type="ELSE">
<kw name="Wait Until Element Is Visible" owner="SeleniumLibrary">
<arg>//div[@${item['selector']}='${spec_Var}']</arg>
<arg>timeout=2s</arg>
<doc>Waits until the element ``locator`` is visible.</doc>
<status status="NOT RUN" start="2025-04-23T15:58:18.272470" elapsed="0.000000"/>
</kw>
<status status="NOT RUN" start="2025-04-23T15:58:18.271474" elapsed="0.000996"/>
</branch>
<status status="NOT RUN" start="2025-04-23T15:58:18.270460" elapsed="0.002010"/>
</if>
<status status="NOT RUN" start="2025-04-23T15:58:18.268910" elapsed="0.003560"/>
</branch>
<branch type="ELSE">
<kw name="Run Keyword And Return Status" owner="BuiltIn">
<var>${str_class}</var>
<arg>Should Contain</arg>
<arg>${item['selector']}</arg>
<arg>class</arg>
<doc>Runs the given keyword with given arguments and returns the status as a Boolean value.</doc>
<status status="NOT RUN" start="2025-04-23T15:58:18.272470" elapsed="0.000000"/>
</kw>
<if>
<branch type="IF" condition="${str_class}">
<kw name="Wait Until Element Is Visible" owner="SeleniumLibrary">
<arg>//div[contains(@${item['selector']},'${item['name']}')]</arg>
<arg>timeout=2s</arg>
<doc>Waits until the element ``locator`` is visible.</doc>
<status status="NOT RUN" start="2025-04-23T15:58:18.273998" elapsed="0.000000"/>
</kw>
<status status="NOT RUN" start="2025-04-23T15:58:18.273998" elapsed="0.000000"/>
</branch>
<branch type="ELSE">
<kw name="Wait Until Element Is Visible" owner="SeleniumLibrary">
<arg>//div[@${item['selector']}='${item['name']}']</arg>
<arg>timeout=2s</arg>
<doc>Waits until the element ``locator`` is visible.</doc>
<status status="NOT RUN" start="2025-04-23T15:58:18.275031" elapsed="0.000000"/>
</kw>
<status status="NOT RUN" start="2025-04-23T15:58:18.273998" elapsed="0.001033"/>
</branch>
<status status="NOT RUN" start="2025-04-23T15:58:18.272470" elapsed="0.002561"/>
</if>
<status status="NOT RUN" start="2025-04-23T15:58:18.272470" elapsed="0.002561"/>
</branch>
<status status="NOT RUN" start="2025-04-23T15:58:18.268910" elapsed="0.006121"/>
</if>
<status status="NOT RUN" start="2025-04-23T15:58:18.263315" elapsed="0.011716"/>
</branch>
<status status="NOT RUN" start="2025-04-23T15:58:18.230863" elapsed="0.044168"/>
</if>
<kw name="Sleep" owner="BuiltIn">
<arg>1s</arg>
<doc>Pauses the test executed for the given time.</doc>
<status status="NOT RUN" start="2025-04-23T15:58:18.276031" elapsed="0.000000"/>
</kw>
<continue>
<status status="NOT RUN" start="2025-04-23T15:58:18.276031" elapsed="0.000000"/>
</continue>
<status status="NOT RUN" start="2025-04-23T15:58:18.229854" elapsed="0.046177"/>
</branch>
<status status="NOT RUN" start="2025-04-23T15:58:18.229854" elapsed="0.046177"/>
</if>
<kw name="Run Keyword And Return Status" owner="BuiltIn">
<var>${str_cb}</var>
<arg>Should Contain</arg>
<arg>${type}</arg>
<arg>checkbox</arg>
<doc>Runs the given keyword with given arguments and returns the status as a Boolean value.</doc>
<status status="NOT RUN" start="2025-04-23T15:58:18.277121" elapsed="0.000000"/>
</kw>
<if>
<branch type="IF" condition="${str_cb}">
<kw name="Log To Console" owner="BuiltIn">
<arg>${item['name']}</arg>
<doc>Logs the given message to the console.</doc>
<status status="NOT RUN" start="2025-04-23T15:58:18.277121" elapsed="0.000000"/>
</kw>
<kw name="Set Variable" owner="BuiltIn">
<var>${spec}</var>
<arg>${item['name']}</arg>
<doc>Returns the given values which can then be assigned to a variables.</doc>
<status status="NOT RUN" start="2025-04-23T15:58:18.277121" elapsed="0.001525"/>
</kw>
<kw name="Run Keyword And Return Status" owner="BuiltIn">
<var>${contains_left_brace}</var>
<arg>Should Contain</arg>
<arg>${spec}</arg>
<arg>{</arg>
<doc>Runs the given keyword with given arguments and returns the status as a Boolean value.</doc>
<status status="NOT RUN" start="2025-04-23T15:58:18.278646" elapsed="0.000000"/>
</kw>
<kw name="Log To Console" owner="BuiltIn">
<arg>${spec}</arg>
<doc>Logs the given message to the console.</doc>
<status status="NOT RUN" start="2025-04-23T15:58:18.279665" elapsed="0.000000"/>
</kw>
<kw name="Log To Console" owner="BuiltIn">
<arg>${contains_left_brace}</arg>
<doc>Logs the given message to the console.</doc>
<status status="NOT RUN" start="2025-04-23T15:58:18.280687" elapsed="0.000000"/>
</kw>
<if>
<branch type="IF" condition="${contains_left_brace}">
<kw name="Replace String" owner="String">
<var>${spec_var}</var>
<arg>${spec}</arg>
<arg>{</arg>
<arg>${EMPTY}</arg>
<doc>Replaces ``search_for`` in the given ``string`` with ``replace_with``.</doc>
<status status="NOT RUN" start="2025-04-23T15:58:18.282697" elapsed="0.000986"/>
</kw>
<kw name="Replace String" owner="String">
<var>${spec_var}</var>
<arg>${spec_var}</arg>
<arg>}</arg>
<arg>${EMPTY}</arg>
<doc>Replaces ``search_for`` in the given ``string`` with ``replace_with``.</doc>
<status status="NOT RUN" start="2025-04-23T15:58:18.283683" elapsed="0.001002"/>
</kw>
<kw name="Get WebElement" owner="SeleniumLibrary">
<var>${checkbox}</var>
<arg>xpath=//table[@${item['selector']}='${spec_Var}']//td[text()='${objdata['${spec_var}']}']/preceding-sibling::td/input[@type='checkbox']</arg>
<doc>Returns the first WebElement matching the given ``locator``.</doc>
<status status="NOT RUN" start="2025-04-23T15:58:18.284685" elapsed="0.001383"/>
</kw>
<kw name="Click Element" owner="SeleniumLibrary">
<arg>${checkbox}</arg>
<doc>Click the element identified by ``locator``.</doc>
<status status="NOT RUN" start="2025-04-23T15:58:18.287102" elapsed="0.000000"/>
</kw>
<status status="NOT RUN" start="2025-04-23T15:58:18.281697" elapsed="0.005405"/>
</branch>
<branch type="ELSE">
<kw name="Select Frame" owner="SeleniumLibrary">
<arg>xpath=//iframe[contains(@src, 'recaptcha')]</arg>
<doc>Sets frame identified by ``locator`` as the current frame.</doc>
<status status="NOT RUN" start="2025-04-23T15:58:18.287991" elapsed="0.001123"/>
</kw>
<kw name="Wait Until Element Is Visible" owner="SeleniumLibrary">
<arg>xpath=//span[contains(@id,'recaptcha-anchor')]</arg>
<doc>Waits until the element ``locator`` is visible.</doc>
<status status="NOT RUN" start="2025-04-23T15:58:18.289114" elapsed="0.000629"/>
</kw>
<kw name="Get WebElement" owner="SeleniumLibrary">
<var>${checkbox}</var>
<arg>xpath=//span[contains(@${item['selector']},'${item['name']}')]</arg>
<doc>Returns the first WebElement matching the given ``locator``.</doc>
<status status="NOT RUN" start="2025-04-23T15:58:18.289743" elapsed="0.001027"/>
</kw>
<kw name="Click Element" owner="SeleniumLibrary">
<arg>${checkbox}</arg>
<doc>Click the element identified by ``locator``.</doc>
<status status="NOT RUN" start="2025-04-23T15:58:18.290770" elapsed="0.000000"/>
</kw>
<kw name="Sleep" owner="BuiltIn">
<arg>10s</arg>
<doc>Pauses the test executed for the given time.</doc>
<status status="NOT RUN" start="2025-04-23T15:58:18.290770" elapsed="0.000991"/>
</kw>
<kw name="Unselect Frame" owner="SeleniumLibrary">
<doc>Sets the main frame as the current frame.</doc>
<status status="NOT RUN" start="2025-04-23T15:58:18.291761" elapsed="0.000000"/>
</kw>
<status status="NOT RUN" start="2025-04-23T15:58:18.287991" elapsed="0.003770"/>
</branch>
<status status="NOT RUN" start="2025-04-23T15:58:18.281697" elapsed="0.010064"/>
</if>
<kw name="Sleep" owner="BuiltIn">
<arg>1s</arg>
<doc>Pauses the test executed for the given time.</doc>
<status status="NOT RUN" start="2025-04-23T15:58:18.291761" elapsed="0.000999"/>
</kw>
<continue>
<status status="NOT RUN" start="2025-04-23T15:58:18.292760" elapsed="0.000000"/>
</continue>
<status status="NOT RUN" start="2025-04-23T15:58:18.277121" elapsed="0.015639"/>
</branch>
<status status="NOT RUN" start="2025-04-23T15:58:18.277121" elapsed="0.015639"/>
</if>
<var name="${item}">{'tag': 'a', 'type': 'nav-link', 'selector': 'class', 'name': '{nav-item}'}</var>
<status status="FAIL" start="2025-04-23T15:58:07.287661" elapsed="11.005099">Element 'xpath=//a[contains(.,'Recruiter')]' not visible after 10 seconds.</status>
</iter>
<var>${item}</var>
<value>@{result}</value>
<status status="FAIL" start="2025-04-23T15:58:05.617382" elapsed="12.675378">Element 'xpath=//a[contains(.,'Recruiter')]' not visible after 10 seconds.</status>
</for>
<kw name="Sleep" owner="BuiltIn">
<arg>1s</arg>
<doc>Pauses the test executed for the given time.</doc>
<status status="NOT RUN" start="2025-04-23T15:58:18.293873" elapsed="0.000000"/>
</kw>
<arg>{"nav-link": "Dashboards", "nav-item": "Recruiter", "page-title-box": "Overview"}</arg>
<arg>dashboardrecruiter.yaml.template</arg>
<arg>index.html</arg>
<status status="FAIL" start="2025-04-23T15:58:03.116276" elapsed="15.177597">Element 'xpath=//a[contains(.,'Recruiter')]' not visible after 10 seconds.</status>
</kw>
<doc>dashboard_recruiter with Test  TC_BR_DR_001</doc>
<status status="FAIL" start="2025-04-23T15:58:03.107236" elapsed="15.187626">Element 'xpath=//a[contains(.,'Recruiter')]' not visible after 10 seconds.</status>
</test>
<kw name="Close Application" owner="gui_resources" type="TEARDOWN">
<kw name="Close Browser" owner="SeleniumLibrary">
<doc>Closes the current browser.</doc>
<status status="PASS" start="2025-04-23T15:58:18.296533" elapsed="2.945982"/>
</kw>
<status status="PASS" start="2025-04-23T15:58:18.295468" elapsed="2.948068"/>
</kw>
<doc>Gui Resources</doc>
<status status="FAIL" start="2025-04-23T15:57:45.158599" elapsed="36.084937"/>
</suite>
<status status="FAIL" start="2025-04-23T15:57:45.153064" elapsed="36.094031"/>
</suite>
<status status="FAIL" start="2025-04-23T15:57:45.121546" elapsed="36.127081"/>
</suite>
<statistics>
<total>
<stat pass="0" fail="1" skip="0">All Tests</stat>
</total>
<tag>
</tag>
<suite>
<stat pass="0" fail="1" skip="0" id="s1" name="Api">Api</stat>
<stat pass="0" fail="1" skip="0" id="s1-s1" name="User1">Api.User1</stat>
<stat pass="0" fail="1" skip="0" id="s1-s1-s1" name="Test Suite">Api.User1.Test Suite</stat>
</suite>
</statistics>
<errors>
</errors>
</robot>
